OpenROAD b16bda7e82721d10566ff7e2b68f1ff0be9f9e38 
Features included (+) or not (-): +Charts +GPU +GUI +Python
This program is licensed under the BSD-3 license. See the LICENSE file for details.
Components of this program may be licensed under more restrictive licenses which must be honored.
define_corners Typical
read_liberty -corner Typical /home/omern/.volare/sky130A/libs.ref/sky130_fd_sc_hd/lib/sky130_fd_sc_hd__tt_025C_1v80.lib
Using 1e-12 for capacitance...
Using 1e+03 for resistance...
Using 1e-09 for time...
Using 1e+00 for voltage...
Using 1e-03 for current...
Using 1e-09 for power...
Using 1e-06 for distance...
[INFO]: Reading ODB at '/openlane/designs/TopModule/runs/RUN_2025.06.09_18.05.59/tmp/routing/23-fill.odb'…
Reading design constraints file at '/openlane/designs/TopModule/src/TopModule.sdc'…
[INFO ORD-0030] Using 2 thread(s).
[INFO DRT-0149] Reading tech and libs.
[WARNING DRT-0349] LEF58_ENCLOSURE with no CUTCLASS is not supported. Skipping for layer mcon
[WARNING DRT-0349] LEF58_ENCLOSURE with no CUTCLASS is not supported. Skipping for layer mcon
[WARNING DRT-0349] LEF58_ENCLOSURE with no CUTCLASS is not supported. Skipping for layer via
[WARNING DRT-0349] LEF58_ENCLOSURE with no CUTCLASS is not supported. Skipping for layer via
[WARNING DRT-0349] LEF58_ENCLOSURE with no CUTCLASS is not supported. Skipping for layer via2
[WARNING DRT-0349] LEF58_ENCLOSURE with no CUTCLASS is not supported. Skipping for layer via2
[WARNING DRT-0349] LEF58_ENCLOSURE with no CUTCLASS is not supported. Skipping for layer via3
[WARNING DRT-0349] LEF58_ENCLOSURE with no CUTCLASS is not supported. Skipping for layer via3
[WARNING DRT-0349] LEF58_ENCLOSURE with no CUTCLASS is not supported. Skipping for layer via4
[WARNING DRT-0349] LEF58_ENCLOSURE with no CUTCLASS is not supported. Skipping for layer via4

Units:                1000
Number of layers:     13
Number of macros:     441
Number of vias:       29
Number of viarulegen: 25

[INFO DRT-0150] Reading design.

Design:                   TopModule
Die area:                 ( 0 0 ) ( 227440 238160 )
Number of track patterns: 12
Number of DEF vias:       0
Number of components:     10744
Number of terminals:      48
Number of snets:          2
Number of nets:           1652

[INFO DRT-0167] List of default vias:
  Layer via
    default via: M1M2_PR
  Layer via2
    default via: M2M3_PR
  Layer via3
    default via: M3M4_PR
  Layer via4
    default via: M4M5_PR
[INFO DRT-0162] Library cell analysis.
[INFO DRT-0163] Instance analysis.
[INFO DRT-0164] Number of unique instances = 350.
[INFO DRT-0168] Init region query.
[INFO DRT-0024]   Complete FR_MASTERSLICE.
[INFO DRT-0024]   Complete Fr_VIA.
[INFO DRT-0024]   Complete li1.
[INFO DRT-0024]   Complete mcon.
[INFO DRT-0024]   Complete met1.
[INFO DRT-0024]   Complete via.
[INFO DRT-0024]   Complete met2.
[INFO DRT-0024]   Complete via2.
[INFO DRT-0024]   Complete met3.
[INFO DRT-0024]   Complete via3.
[INFO DRT-0024]   Complete met4.
[INFO DRT-0024]   Complete via4.
[INFO DRT-0024]   Complete met5.
[INFO DRT-0033] FR_MASTERSLICE shape region query size = 0.
[INFO DRT-0033] FR_VIA shape region query size = 0.
[INFO DRT-0033] li1 shape region query size = 85444.
[INFO DRT-0033] mcon shape region query size = 6576.
[INFO DRT-0033] met1 shape region query size = 23576.
[INFO DRT-0033] via shape region query size = 800.
[INFO DRT-0033] met2 shape region query size = 515.
[INFO DRT-0033] via2 shape region query size = 640.
[INFO DRT-0033] met3 shape region query size = 491.
[INFO DRT-0033] via3 shape region query size = 640.
[INFO DRT-0033] met4 shape region query size = 176.
[INFO DRT-0033] via4 shape region query size = 8.
[INFO DRT-0033] met5 shape region query size = 16.
[INFO DRT-0165] Start pin access.
[INFO DRT-0076]   Complete 1000 pins.
[INFO DRT-0078]   Complete 1211 pins.
[INFO DRT-0079]   Complete 100 unique inst patterns.
[INFO DRT-0079]   Complete 200 unique inst patterns.
[INFO DRT-0079]   Complete 300 unique inst patterns.
[INFO DRT-0081]   Complete 332 unique inst patterns.
[INFO DRT-0084]   Complete 4116 groups.
#scanned instances     = 10744
#unique  instances     = 350
#stdCellGenAp          = 9360
#stdCellValidPlanarAp  = 125
#stdCellValidViaAp     = 6936
#stdCellPinNoAp        = 0
#stdCellPinCnt         = 5274
#instTermValidViaApCnt = 0
#macroGenAp            = 0
#macroValidPlanarAp    = 0
#macroValidViaAp       = 0
#macroNoAp             = 0
[INFO DRT-0166] Complete pin access.
[INFO DRT-0267] cpu time = 00:01:46, elapsed time = 00:00:53, memory = 147.77 (MB), peak = 147.77 (MB)

Number of guides:     38897

[INFO DRT-0169] Post process guides.
[INFO DRT-0176] GCELLGRID X 0 DO 32 STEP 6900 ;
[INFO DRT-0177] GCELLGRID Y 0 DO 34 STEP 6900 ;
[INFO DRT-0028]   Complete FR_MASTERSLICE.
[INFO DRT-0028]   Complete Fr_VIA.
[INFO DRT-0028]   Complete li1.
[INFO DRT-0028]   Complete mcon.
[INFO DRT-0028]   Complete met1.
[INFO DRT-0028]   Complete via.
[INFO DRT-0028]   Complete met2.
[INFO DRT-0028]   Complete via2.
[INFO DRT-0028]   Complete met3.
[INFO DRT-0028]   Complete via3.
[INFO DRT-0028]   Complete met4.
[INFO DRT-0028]   Complete via4.
[INFO DRT-0028]   Complete met5.
[WARNING DRT-0225] _0019_ 1 pin not visited, fall back to feedthrough mode.
[WARNING DRT-0225] _0068_ 1 pin not visited, fall back to feedthrough mode.
[WARNING DRT-0225] _0080_ 3 pin not visited, fall back to feedthrough mode.
[WARNING DRT-0225] _0100_ 1 pin not visited, fall back to feedthrough mode.
[WARNING DRT-0225] _0115_ 2 pin not visited, fall back to feedthrough mode.
[WARNING DRT-0225] _0142_ 1 pin not visited, fall back to feedthrough mode.
[WARNING DRT-0225] _0178_ 1 pin not visited, fall back to feedthrough mode.
[WARNING DRT-0225] _0182_ 3 pin not visited, fall back to feedthrough mode.
[WARNING DRT-0225] _0185_ 1 pin not visited, fall back to feedthrough mode.
[WARNING DRT-0225] _0188_ 1 pin not visited, fall back to feedthrough mode.
[WARNING DRT-0225] _0194_ 1 pin not visited, fall back to feedthrough mode.
[WARNING DRT-0225] _0199_ 3 pin not visited, fall back to feedthrough mode.
[WARNING DRT-0225] _0202_ 2 pin not visited, fall back to feedthrough mode.
[WARNING DRT-0225] _0220_ 2 pin not visited, fall back to feedthrough mode.
[WARNING DRT-0225] _0223_ 4 pin not visited, fall back to feedthrough mode.
[INFO DRT-1000] Pin _1990_/S not in any guide. Attempting to patch guides to cover (at least part of) the pin.
[WARNING DRT-0225] _0261_ 4 pin not visited, fall back to feedthrough mode.
[WARNING DRT-0225] _0281_ 3 pin not visited, fall back to feedthrough mode.
[WARNING DRT-0225] _0293_ 1 pin not visited, fall back to feedthrough mode.
[WARNING DRT-0225] _0335_ 1 pin not visited, fall back to feedthrough mode.
[WARNING DRT-0225] _0336_ 4 pin not visited, fall back to feedthrough mode.
[WARNING DRT-0225] _0340_ 1 pin not visited, fall back to feedthrough mode.
[WARNING DRT-0225] _0346_ 2 pin not visited, fall back to feedthrough mode.
[WARNING DRT-0225] _0365_ 3 pin not visited, fall back to feedthrough mode.
[WARNING DRT-0225] _0373_ 1 pin not visited, fall back to feedthrough mode.
[WARNING DRT-0225] _0377_ 2 pin not visited, fall back to feedthrough mode.
[WARNING DRT-0225] _0383_ 1 pin not visited, fall back to feedthrough mode.
[WARNING DRT-0225] _0400_ 1 pin not visited, fall back to feedthrough mode.
[WARNING DRT-0225] _0432_ 2 pin not visited, fall back to feedthrough mode.
[WARNING DRT-0225] _0443_ 1 pin not visited, fall back to feedthrough mode.
[WARNING DRT-0225] _0453_ 6 pin not visited, fall back to feedthrough mode.
[WARNING DRT-0225] _0464_ 2 pin not visited, fall back to feedthrough mode.
[WARNING DRT-0225] _0482_ 2 pin not visited, fall back to feedthrough mode.
[WARNING DRT-0225] _0515_ 3 pin not visited, fall back to feedthrough mode.
[WARNING DRT-0225] _0528_ 5 pin not visited, fall back to feedthrough mode.
[WARNING DRT-0225] _0558_ 3 pin not visited, fall back to feedthrough mode.
[WARNING DRT-0225] _0565_ 1 pin not visited, fall back to feedthrough mode.
[WARNING DRT-0225] _0573_ 1 pin not visited, fall back to feedthrough mode.
[WARNING DRT-0225] _0578_ 1 pin not visited, fall back to feedthrough mode.
[WARNING DRT-0225] _0615_ 3 pin not visited, fall back to feedthrough mode.
[WARNING DRT-0225] _0619_ 2 pin not visited, fall back to feedthrough mode.
[WARNING DRT-0225] _0644_ 1 pin not visited, fall back to feedthrough mode.
[WARNING DRT-0225] _0646_ 1 pin not visited, fall back to feedthrough mode.
[WARNING DRT-0225] _0661_ 6 pin not visited, fall back to feedthrough mode.
[WARNING DRT-0225] _0698_ 1 pin not visited, fall back to feedthrough mode.
[WARNING DRT-0225] _0710_ 5 pin not visited, fall back to feedthrough mode.
[WARNING DRT-0225] _0714_ 1 pin not visited, fall back to feedthrough mode.
[WARNING DRT-0225] _0725_ 1 pin not visited, fall back to feedthrough mode.
[INFO DRT-1000] Pin _2194_/X not in any guide. Attempting to patch guides to cover (at least part of) the pin.
[WARNING DRT-0225] _0758_ 1 pin not visited, fall back to feedthrough mode.
[WARNING DRT-0225] _0762_ 3 pin not visited, fall back to feedthrough mode.
[WARNING DRT-0225] _0768_ 1 pin not visited, fall back to feedthrough mode.
[WARNING DRT-0225] _0773_ 6 pin not visited, fall back to feedthrough mode.
[WARNING DRT-0225] _0783_ 1 pin not visited, fall back to feedthrough mode.
[WARNING DRT-0225] _0795_ 1 pin not visited, fall back to feedthrough mode.
[WARNING DRT-0225] _0819_ 1 pin not visited, fall back to feedthrough mode.
[WARNING DRT-0225] _0835_ 5 pin not visited, fall back to feedthrough mode.
[INFO DRT-1000] Pin _2338_/X not in any guide. Attempting to patch guides to cover (at least part of) the pin.
[WARNING DRT-0225] _0874_ 2 pin not visited, fall back to feedthrough mode.
[WARNING DRT-0225] _0883_ 4 pin not visited, fall back to feedthrough mode.
[WARNING DRT-0225] _0912_ 1 pin not visited, fall back to feedthrough mode.
[WARNING DRT-0225] _0920_ 1 pin not visited, fall back to feedthrough mode.
[WARNING DRT-0225] _0937_ 1 pin not visited, fall back to feedthrough mode.
[WARNING DRT-0225] _0962_ 1 pin not visited, fall back to feedthrough mode.
[WARNING DRT-0225] _1035_ 6 pin not visited, fall back to feedthrough mode.
[WARNING DRT-0225] _1040_ 6 pin not visited, fall back to feedthrough mode.
[WARNING DRT-0225] _1042_ 1 pin not visited, fall back to feedthrough mode.
[WARNING DRT-0225] _1055_ 7 pin not visited, fall back to feedthrough mode.
[WARNING DRT-0225] _1107_ 5 pin not visited, fall back to feedthrough mode.
[WARNING DRT-0225] _1135_ 2 pin not visited, fall back to feedthrough mode.
[WARNING DRT-0225] _1156_ 3 pin not visited, fall back to feedthrough mode.
[WARNING DRT-0225] _1175_ 7 pin not visited, fall back to feedthrough mode.
[WARNING DRT-0225] _1221_ 5 pin not visited, fall back to feedthrough mode.
[WARNING DRT-0225] _1240_ 2 pin not visited, fall back to feedthrough mode.
[WARNING DRT-0225] _1244_ 1 pin not visited, fall back to feedthrough mode.
[WARNING DRT-0225] _1277_ 2 pin not visited, fall back to feedthrough mode.
[WARNING DRT-0225] _1278_ 1 pin not visited, fall back to feedthrough mode.
[WARNING DRT-0225] _1287_ 4 pin not visited, fall back to feedthrough mode.
[WARNING DRT-0225] _1299_ 2 pin not visited, fall back to feedthrough mode.
[WARNING DRT-0225] _1319_ 1 pin not visited, fall back to feedthrough mode.
[WARNING DRT-0225] imem.addr\[3\] 3 pin not visited, fall back to feedthrough mode.
[WARNING DRT-0225] rf.registers\[0\]\[21\] 5 pin not visited, fall back to feedthrough mode.
[WARNING DRT-0225] rf.registers\[0\]\[4\] 2 pin not visited, fall back to feedthrough mode.
[WARNING DRT-0225] rf.registers\[0\]\[6\] 5 pin not visited, fall back to feedthrough mode.
[WARNING DRT-0225] rf.registers\[25\]\[25\] 1 pin not visited, fall back to feedthrough mode.
[WARNING DRT-0225] rf.registers\[2\]\[18\] 2 pin not visited, fall back to feedthrough mode.
[WARNING DRT-0225] rf.registers\[2\]\[28\] 1 pin not visited, fall back to feedthrough mode.
[WARNING DRT-0225] rf.registers\[30\]\[19\] 2 pin not visited, fall back to feedthrough mode.
[WARNING DRT-0225] rf.registers\[30\]\[1\] 1 pin not visited, fall back to feedthrough mode.
[WARNING DRT-0225] rf.registers\[30\]\[27\] 3 pin not visited, fall back to feedthrough mode.
[WARNING DRT-0225] rf.registers\[30\]\[6\] 3 pin not visited, fall back to feedthrough mode.
[WARNING DRT-0225] rf.registers\[5\]\[24\] 2 pin not visited, fall back to feedthrough mode.
[WARNING DRT-0225] rf.registers\[5\]\[29\] 1 pin not visited, fall back to feedthrough mode.
[WARNING DRT-0225] net12 4 pin not visited, fall back to feedthrough mode.
[WARNING DRT-0225] net19 3 pin not visited, fall back to feedthrough mode.
[WARNING DRT-0225] net20 4 pin not visited, fall back to feedthrough mode.
[WARNING DRT-0225] net25 2 pin not visited, fall back to feedthrough mode.
[INFO DRT-0178] Init guide query.
[INFO DRT-0035]   Complete FR_MASTERSLICE (guide).
[INFO DRT-0035]   Complete Fr_VIA (guide).
[INFO DRT-0035]   Complete li1 (guide).
[INFO DRT-0035]   Complete mcon (guide).
[INFO DRT-0035]   Complete met1 (guide).
[INFO DRT-0035]   Complete via (guide).
[INFO DRT-0035]   Complete met2 (guide).
[INFO DRT-0035]   Complete via2 (guide).
[INFO DRT-0035]   Complete met3 (guide).
[INFO DRT-0035]   Complete via3 (guide).
[INFO DRT-0035]   Complete met4 (guide).
[INFO DRT-0035]   Complete via4 (guide).
[INFO DRT-0035]   Complete met5 (guide).
[INFO DRT-0036] FR_MASTERSLICE guide region query size = 0.
[INFO DRT-0036] FR_VIA guide region query size = 0.
[INFO DRT-0036] li1 guide region query size = 7860.
[INFO DRT-0036] mcon guide region query size = 0.
[INFO DRT-0036] met1 guide region query size = 8343.
[INFO DRT-0036] via guide region query size = 0.
[INFO DRT-0036] met2 guide region query size = 6110.
[INFO DRT-0036] via2 guide region query size = 0.
[INFO DRT-0036] met3 guide region query size = 2753.
[INFO DRT-0036] via3 guide region query size = 0.
[INFO DRT-0036] met4 guide region query size = 1185.
[INFO DRT-0036] via4 guide region query size = 0.
[INFO DRT-0036] met5 guide region query size = 205.
[INFO DRT-0179] Init gr pin query.
[INFO DRT-0245] skipped writing guide updates to database.
[INFO DRT-0185] Post process initialize RPin region query.
[INFO DRT-0181] Start track assignment.
[INFO DRT-0184] Done with 15155 vertical wires in 1 frboxes and 11301 horizontal wires in 1 frboxes.
[INFO DRT-0186] Done with 8710 vertical wires in 1 frboxes and 8086 horizontal wires in 1 frboxes.
[INFO DRT-0182] Complete track assignment.
[INFO DRT-0267] cpu time = 00:00:09, elapsed time = 00:00:08, memory = 192.26 (MB), peak = 192.26 (MB)
[INFO DRT-0187] Start routing data preparation.
[INFO DRT-0267] cpu time = 00:00:00, elapsed time = 00:00:00, memory = 192.26 (MB), peak = 192.26 (MB)
[INFO DRT-0194] Start detail routing.
[INFO DRT-0195] Start 0th optimization iteration.
    Completing 10% with 0 violations.
    elapsed time = 00:02:21, memory = 256.13 (MB).
    Completing 20% with 0 violations.
    elapsed time = 00:04:53, memory = 267.46 (MB).
    Completing 30% with 0 violations.
    elapsed time = 00:09:05, memory = 327.08 (MB).
    Completing 40% with 25618 violations.
    elapsed time = 00:16:03, memory = 353.82 (MB).
    Completing 50% with 25618 violations.
    elapsed time = 00:21:10, memory = 356.54 (MB).
    Completing 60% with 25618 violations.
    elapsed time = 00:25:06, memory = 366.79 (MB).
    Completing 70% with 53594 violations.
    elapsed time = 00:35:28, memory = 376.55 (MB).
    Completing 80% with 53594 violations.
    elapsed time = 00:37:16, memory = 376.55 (MB).
    Completing 90% with 78405 violations.
    elapsed time = 00:44:12, memory = 397.11 (MB).
    Completing 100% with 108368 violations.
    elapsed time = 00:51:19, memory = 381.21 (MB).
[INFO DRT-0199]   Number of violations = 112572.
Viol/Layer         li1   mcon   met1    via   met2   via2   met3   via3   met4   via4   met5
Cut Spacing          0     36      0     10      0     26      0      0      0      1      0
Metal Spacing      533      0   2684      0   2139      0    516      0    568      0     22
Min Hole             0      0      7      0      0      0      0      0      0      0      0
NS Metal             1      0      2      0      0      0      0      0      0      0      0
Recheck           3561      0    412      0    135      0     54      0     34      0      8
Short             1243    998  55834    392  31815     24   8455     27   2951      2     82
[INFO DRT-0267] cpu time = 01:36:59, elapsed time = 00:51:21, memory = 682.94 (MB), peak = 682.94 (MB)
Total wire length = 383109 um.
Total wire length on LAYER li1 = 0 um.
Total wire length on LAYER met1 = 123760 um.
Total wire length on LAYER met2 = 133262 um.
Total wire length on LAYER met3 = 70283 um.
Total wire length on LAYER met4 = 46033 um.
Total wire length on LAYER met5 = 9770 um.
Total number of vias = 28026.
Up-via summary (total 28026):

------------------------
 FR_MASTERSLICE        0
            li1     8566
           met1    12600
           met2     4179
           met3     2381
           met4      300
------------------------
                   28026


[INFO DRT-0195] Start 1st optimization iteration.
    Completing 10% with 112572 violations.
    elapsed time = 00:03:42, memory = 682.94 (MB).
    Completing 20% with 112572 violations.
    elapsed time = 00:05:21, memory = 682.94 (MB).
    Completing 30% with 116596 violations.
    elapsed time = 00:15:17, memory = 686.09 (MB).
    Completing 40% with 116596 violations.
    elapsed time = 00:18:46, memory = 704.20 (MB).
    Completing 50% with 116596 violations.
    elapsed time = 00:24:27, memory = 704.20 (MB).
    Completing 60% with 116596 violations.
    elapsed time = 00:31:50, memory = 712.56 (MB).
    Completing 70% with 122169 violations.
    elapsed time = 00:40:20, memory = 712.56 (MB).
    Completing 80% with 122169 violations.
    elapsed time = 00:46:24, memory = 712.56 (MB).
    Completing 90% with 128734 violations.
    elapsed time = 01:01:01, memory = 712.92 (MB).
    Completing 100% with 134536 violations.
    elapsed time = 01:03:06, memory = 712.92 (MB).
[INFO DRT-0199]   Number of violations = 134545.
Viol/Layer        mcon   met1    via   met2   via2   met3   via3   met4   via4   met5
Cut Spacing         11      0      2      0     24      0      0      0      2      0
Metal Spacing        0   2726      0   3968      0   1706      0    520      0     74
Min Hole             0      1      0      1      0      0      0      0      0      0
Recheck              0      4      0      5      0      0      0      0      0      0
Short                0  60139    108  46745     23  13702     36   4656      2     90
[INFO DRT-0267] cpu time = 01:52:42, elapsed time = 01:03:10, memory = 736.82 (MB), peak = 736.82 (MB)
Total wire length = 387576 um.
Total wire length on LAYER li1 = 0 um.
Total wire length on LAYER met1 = 123050 um.
Total wire length on LAYER met2 = 134457 um.
Total wire length on LAYER met3 = 71829 um.
Total wire length on LAYER met4 = 48603 um.
Total wire length on LAYER met5 = 9635 um.
Total number of vias = 26734.
Up-via summary (total 26734):

------------------------
 FR_MASTERSLICE        0
            li1     8565
           met1    11347
           met2     4188
           met3     2372
           met4      262
------------------------
                   26734


[INFO DRT-0195] Start 2nd optimization iteration.
    Completing 10% with 134545 violations.
    elapsed time = 00:00:47, memory = 736.82 (MB).
    Completing 20% with 134545 violations.
    elapsed time = 00:12:06, memory = 736.82 (MB).
    Completing 30% with 137569 violations.
    elapsed time = 00:13:07, memory = 736.82 (MB).
    Completing 40% with 137569 violations.
    elapsed time = 00:17:00, memory = 736.82 (MB).
    Completing 50% with 137569 violations.
    elapsed time = 00:25:55, memory = 736.82 (MB).
    Completing 60% with 137553 violations.
    elapsed time = 00:32:23, memory = 736.82 (MB).
    Completing 70% with 137553 violations.
    elapsed time = 00:35:53, memory = 736.82 (MB).
    Completing 80% with 137230 violations.
    elapsed time = 00:40:05, memory = 736.82 (MB).
    Completing 90% with 137230 violations.
    elapsed time = 00:45:28, memory = 736.82 (MB).
    Completing 100% with 137625 violations.
    elapsed time = 00:49:17, memory = 736.82 (MB).
[INFO DRT-0199]   Number of violations = 137625.
Viol/Layer        mcon   met1    via   met2   via2   met3   via3   met4   via4   met5
Cut Spacing         12      0      2      0     14      0      0      0      2      0
Metal Spacing        0   2900      0   4067      0   2083      0    460      0     53
Short                0  60433    101  47048     14  15127     18   5231      0     60
[INFO DRT-0267] cpu time = 01:31:41, elapsed time = 00:49:19, memory = 751.77 (MB), peak = 751.77 (MB)
Total wire length = 388368 um.
Total wire length on LAYER li1 = 0 um.
Total wire length on LAYER met1 = 122896 um.
Total wire length on LAYER met2 = 133587 um.
Total wire length on LAYER met3 = 72261 um.
Total wire length on LAYER met4 = 49991 um.
Total wire length on LAYER met5 = 9630 um.
Total number of vias = 26959.
Up-via summary (total 26959):

------------------------
 FR_MASTERSLICE        0
            li1     8565
           met1    11436
           met2     4270
           met3     2442
           met4      246
------------------------
                   26959


[INFO DRT-0195] Start 3rd optimization iteration.
    Completing 10% with 137625 violations.
    elapsed time = 00:09:53, memory = 751.77 (MB).
    Completing 20% with 137625 violations.
    elapsed time = 00:20:36, memory = 751.77 (MB).
