Mon Jun 09 15:07:17 +0000 2025 - Executing "{openroad -exit -no_init -python /openlane/scripts/odbpy/lefutil.py get_metal_layers -o /openlane/designs/TopModule/runs/RUN_2025.06.09_15.07.08/tmp/layers.list /home/omern/.volare/sky130A/libs.ref/sky130_fd_sc_hd/techlef/sky130_fd_sc_hd__nom.tlef}"

Mon Jun 09 15:07:19 +0000 2025 - Executing "{/openlane/scripts/mergeLef.py -o /openlane/designs/TopModule/runs/RUN_2025.06.09_15.07.08/tmp/merged.nom.lef -i /home/omern/.volare/sky130A/libs.ref/sky130_fd_sc_hd/techlef/sky130_fd_sc_hd__nom.tlef {/home/omern/.volare/sky130A/libs.ref/sky130_fd_sc_hd/lef/sky130_ef_sc_hd.lef /home/omern/.volare/sky130A/libs.ref/sky130_fd_sc_hd/lef/sky130_fd_sc_hd.lef} |& tee /dev/null}"

Mon Jun 09 15:07:20 +0000 2025 - Executing "{/openlane/scripts/mergeLef.py -o /openlane/designs/TopModule/runs/RUN_2025.06.09_15.07.08/tmp/merged.min.lef -i /home/omern/.volare/sky130A/libs.ref/sky130_fd_sc_hd/techlef/sky130_fd_sc_hd__min.tlef {/home/omern/.volare/sky130A/libs.ref/sky130_fd_sc_hd/lef/sky130_ef_sc_hd.lef /home/omern/.volare/sky130A/libs.ref/sky130_fd_sc_hd/lef/sky130_fd_sc_hd.lef} |& tee /dev/null}"

Mon Jun 09 15:07:20 +0000 2025 - Executing "{/openlane/scripts/mergeLef.py -o /openlane/designs/TopModule/runs/RUN_2025.06.09_15.07.08/tmp/merged.max.lef -i /home/omern/.volare/sky130A/libs.ref/sky130_fd_sc_hd/techlef/sky130_fd_sc_hd__max.tlef {/home/omern/.volare/sky130A/libs.ref/sky130_fd_sc_hd/lef/sky130_ef_sc_hd.lef /home/omern/.volare/sky130A/libs.ref/sky130_fd_sc_hd/lef/sky130_fd_sc_hd.lef} |& tee /dev/null}"

Mon Jun 09 15:07:20 +0000 2025 - Executing "{python3 /openlane/scripts/mergeLib.py --output /openlane/designs/TopModule/runs/RUN_2025.06.09_15.07.08/tmp/synthesis/merged.lib --name sky130A_merged /home/omern/.volare/sky130A/libs.ref/sky130_fd_sc_hd/lib/sky130_fd_sc_hd__tt_025C_1v80.lib}"

Mon Jun 09 15:07:21 +0000 2025 - Executing "{python3 /openlane/scripts/libtrim.py --cell-file /openlane/designs/TopModule/runs/RUN_2025.06.09_15.07.08/tmp/synthesis/trimmed.lib.exclude.list --output /openlane/designs/TopModule/runs/RUN_2025.06.09_15.07.08/tmp/synthesis/trimmed.lib /openlane/designs/TopModule/runs/RUN_2025.06.09_15.07.08/tmp/synthesis/merged.lib}"

Mon Jun 09 15:07:21 +0000 2025 - Executing "{python3 /openlane/scripts/libtrim.py --cell-file /openlane/designs/TopModule/runs/RUN_2025.06.09_15.07.08/tmp/cts/cts.lib.exclude.list --output /openlane/designs/TopModule/runs/RUN_2025.06.09_15.07.08/tmp/cts/cts.lib /home/omern/.volare/sky130A/libs.ref/sky130_fd_sc_hd/lib/sky130_fd_sc_hd__tt_025C_1v80.lib}"

Mon Jun 09 15:07:22 +0000 2025 - Executing "{python3 /openlane/scripts/libtrim.py --cell-file /openlane/designs/TopModule/runs/RUN_2025.06.09_15.07.08/tmp/cts/cts-fastest.lib.exclude.list --output /openlane/designs/TopModule/runs/RUN_2025.06.09_15.07.08/tmp/cts/cts-fastest.lib /home/omern/.volare/sky130A/libs.ref/sky130_fd_sc_hd/lib/sky130_fd_sc_hd__ff_n40C_1v95.lib}"

Mon Jun 09 15:07:25 +0000 2025 - Executing "{python3 /openlane/scripts/libtrim.py --cell-file /openlane/designs/TopModule/runs/RUN_2025.06.09_15.07.08/tmp/cts/cts-slowest.lib.exclude.list --output /openlane/designs/TopModule/runs/RUN_2025.06.09_15.07.08/tmp/cts/cts-slowest.lib /home/omern/.volare/sky130A/libs.ref/sky130_fd_sc_hd/lib/sky130_fd_sc_hd__ss_100C_1v60.lib}"

Mon Jun 09 15:07:26 +0000 2025 - Executing "{python3 /openlane/scripts/new_tracks.py -i /home/omern/.volare/sky130A/libs.tech/openlane/sky130_fd_sc_hd/tracks.info -o /openlane/designs/TopModule/runs/RUN_2025.06.09_15.07.08/tmp/routing/config.tracks}"

Mon Jun 09 15:07:26 +0000 2025 - Executing "{echo {OpenLane e73fb3c57e687a0023fcd4dcfd1566ecd478362a} > /openlane/designs/TopModule/runs/RUN_2025.06.09_15.07.08/OPENLANE_COMMIT}"

Mon Jun 09 15:07:27 +0000 2025 - Executing "{yosys -c /openlane/scripts/yosys/blackbox.tcl}"

Mon Jun 09 15:07:27 +0000 2025 - Executing "{verilator -Wall --lint-only --Wno-DECLFILENAME --top-module TopModule /openlane/designs/TopModule/runs/RUN_2025.06.09_15.07.08/tmp/synthesis/blackbox/sky130_fd_sc_hd__blackbox.v /openlane/designs/TopModule/src/TopModule.v -Wno-fatal --relative-includes |& tee /openlane/designs/TopModule/runs/RUN_2025.06.09_15.07.08/logs/synthesis/linter.log /dev/null}"

Mon Jun 09 15:07:28 +0000 2025 - Executing "{sed -E {s/^([[:space:]]+)pg_pin(.*)/\1pin\2\n\1    direction : "inout";/g} /home/omern/.volare/sky130A/libs.ref/sky130_fd_sc_hd/lib/sky130_fd_sc_hd__tt_025C_1v80.lib > /openlane/designs/TopModule/runs/RUN_2025.06.09_15.07.08/tmp/synthesis/1-sky130_fd_sc_hd__tt_025C_1v80.no_pg.lib}"

Mon Jun 09 15:07:29 +0000 2025 - Executing "{sed -E {s/^([[:space:]]+)pg_pin(.*)/\1pin\2\n\1    direction : "inout";/g} /openlane/designs/TopModule/runs/RUN_2025.06.09_15.07.08/tmp/synthesis/trimmed.lib > /openlane/designs/TopModule/runs/RUN_2025.06.09_15.07.08/tmp/synthesis/1-trimmed.no_pg.lib}"

Mon Jun 09 15:07:30 +0000 2025 - Executing "yosys -c /openlane/scripts/yosys/synth.tcl |& tee /dev/null /openlane/designs/TopModule/runs/RUN_2025.06.09_15.07.08/logs/synthesis/1-synthesis.log"

Mon Jun 09 15:07:30 +0000 2025 - Executing "{yosys -c /openlane/scripts/yosys/synth.tcl |& tee /dev/null /openlane/designs/TopModule/runs/RUN_2025.06.09_15.07.08/logs/synthesis/1-synthesis.log}"

Mon Jun 09 15:07:37 +0000 2025 - Executing "{sed -i.bak -e {s/\(set ::env(CURRENT_NETLIST)\).*/\1 \/openlane\/designs\/TopModule\/runs\/RUN_2025.06.09_15.07.08\/results\/synthesis\/TopModule.v/} /openlane/designs/TopModule/runs/RUN_2025.06.09_15.07.08/config.tcl}"

Mon Jun 09 15:07:37 +0000 2025 - Executing "{sed -i.bak /defparam/d /openlane/designs/TopModule/runs/RUN_2025.06.09_15.07.08/results/synthesis/TopModule.v}"

Mon Jun 09 15:07:38 +0000 2025 - Executing "sta -exit -no_init /openlane/scripts/openroad/sta/multi_corner.tcl |& tee /dev/null /openlane/designs/TopModule/runs/RUN_2025.06.09_15.07.08/logs/synthesis/2-sta.log"

Mon Jun 09 15:07:38 +0000 2025 - Executing "{sta -exit -no_init /openlane/scripts/openroad/sta/multi_corner.tcl |& tee /dev/null /openlane/designs/TopModule/runs/RUN_2025.06.09_15.07.08/logs/synthesis/2-sta.log}"

Mon Jun 09 15:07:40 +0000 2025 - Executing "openroad -exit /openlane/scripts/openroad/floorplan.tcl |& tee /dev/null /openlane/designs/TopModule/runs/RUN_2025.06.09_15.07.08/logs/floorplan/3-initial_fp.log"

Mon Jun 09 15:07:40 +0000 2025 - Executing "{openroad -exit /openlane/scripts/openroad/floorplan.tcl |& tee /dev/null /openlane/designs/TopModule/runs/RUN_2025.06.09_15.07.08/logs/floorplan/3-initial_fp.log}"

Mon Jun 09 15:07:42 +0000 2025 - Executing "{openroad -exit -no_init -python /openlane/scripts/odbpy/defutil.py extract_core_dims --output-data /openlane/designs/TopModule/runs/RUN_2025.06.09_15.07.08/tmp/dimensions.txt --input-lef /openlane/designs/TopModule/runs/RUN_2025.06.09_15.07.08/tmp/merged.nom.lef /openlane/designs/TopModule/runs/RUN_2025.06.09_15.07.08/tmp/floorplan/3-initial_fp.def}"

Mon Jun 09 15:07:43 +0000 2025 - Executing "{openroad -exit -no_init -python /openlane/scripts/odbpy/io_place.py --config /openlane/designs/TopModule/pin_order.cfg --hor-layer met3 --ver-layer met2 --ver-width-mult 2 --hor-width-mult 2 --hor-extension 0 --ver-extension 0 --length 4 --unmatched-error --input-lef /openlane/designs/TopModule/runs/RUN_2025.06.09_15.07.08/tmp/merged.nom.lef --output-def /openlane/designs/TopModule/runs/RUN_2025.06.09_15.07.08/tmp/floorplan/4-io.def --output /openlane/designs/TopModule/runs/RUN_2025.06.09_15.07.08/tmp/floorplan/4-io.odb /openlane/designs/TopModule/runs/RUN_2025.06.09_15.07.08/tmp/floorplan/3-initial_fp.odb |& tee /dev/null /openlane/designs/TopModule/runs/RUN_2025.06.09_15.07.08/logs/floorplan/4-place_io.log}"

Mon Jun 09 15:07:44 +0000 2025 - Executing "openroad -exit /openlane/scripts/openroad/tapcell.tcl |& tee /dev/null /openlane/designs/TopModule/runs/RUN_2025.06.09_15.07.08/logs/floorplan/5-tap.log"

Mon Jun 09 15:07:44 +0000 2025 - Executing "{openroad -exit /openlane/scripts/openroad/tapcell.tcl |& tee /dev/null /openlane/designs/TopModule/runs/RUN_2025.06.09_15.07.08/logs/floorplan/5-tap.log}"

Mon Jun 09 15:07:46 +0000 2025 - Executing "openroad -exit /openlane/scripts/openroad/pdn.tcl |& tee /dev/null /openlane/designs/TopModule/runs/RUN_2025.06.09_15.07.08/logs/floorplan/6-pdn.log"

Mon Jun 09 15:07:46 +0000 2025 - Executing "{openroad -exit /openlane/scripts/openroad/pdn.tcl |& tee /dev/null /openlane/designs/TopModule/runs/RUN_2025.06.09_15.07.08/logs/floorplan/6-pdn.log}"

Mon Jun 09 15:07:47 +0000 2025 - Executing "{openroad -exit -no_init -python /openlane/scripts/odbpy/random_place.py --input-lef /openlane/designs/TopModule/runs/RUN_2025.06.09_15.07.08/tmp/merged.nom.lef --output-def /openlane/designs/TopModule/runs/RUN_2025.06.09_15.07.08/tmp/placement/7-global.def --output /openlane/designs/TopModule/runs/RUN_2025.06.09_15.07.08/tmp/placement/7-global.odb /openlane/designs/TopModule/runs/RUN_2025.06.09_15.07.08/results/floorplan/TopModule.odb |& tee /dev/null /openlane/designs/TopModule/runs/RUN_2025.06.09_15.07.08/logs/placement/7-global.log}"

Mon Jun 09 15:07:49 +0000 2025 - Executing "openroad -exit /openlane/scripts/openroad/resizer.tcl |& tee /dev/null /openlane/designs/TopModule/runs/RUN_2025.06.09_15.07.08/logs/placement/8-resizer.log"

Mon Jun 09 15:07:49 +0000 2025 - Executing "{openroad -exit /openlane/scripts/openroad/resizer.tcl |& tee /dev/null /openlane/designs/TopModule/runs/RUN_2025.06.09_15.07.08/logs/placement/8-resizer.log}"

Mon Jun 09 15:07:54 +0000 2025 - Executing "{sed -i.bak -e {s/\(set ::env(CURRENT_NETLIST)\).*/\1 \/openlane\/designs\/TopModule\/runs\/RUN_2025.06.09_15.07.08\/tmp\/placement\/8-resizer.nl.v/} /openlane/designs/TopModule/runs/RUN_2025.06.09_15.07.08/config.tcl}"

Mon Jun 09 15:07:54 +0000 2025 - Executing "openroad -exit /openlane/scripts/openroad/dpl.tcl |& tee /dev/null /openlane/designs/TopModule/runs/RUN_2025.06.09_15.07.08/logs/placement/9-detailed.log"

Mon Jun 09 15:07:54 +0000 2025 - Executing "{openroad -exit /openlane/scripts/openroad/dpl.tcl |& tee /dev/null /openlane/designs/TopModule/runs/RUN_2025.06.09_15.07.08/logs/placement/9-detailed.log}"

Mon Jun 09 15:07:55 +0000 2025 - Executing "{sed -i.bak -e {s/\(set ::env(CURRENT_NETLIST)\).*/\1 \/openlane\/designs\/TopModule\/runs\/RUN_2025.06.09_15.07.08\/results\/placement\/TopModule.nl.v/} /openlane/designs/TopModule/runs/RUN_2025.06.09_15.07.08/config.tcl}"

Mon Jun 09 15:07:56 +0000 2025 - Executing "openroad -exit /openlane/scripts/openroad/sta/multi_corner.tcl |& tee /dev/null /openlane/designs/TopModule/runs/RUN_2025.06.09_15.07.08/logs/placement/10-dpl_sta.log"

Mon Jun 09 15:07:56 +0000 2025 - Executing "{openroad -exit /openlane/scripts/openroad/sta/multi_corner.tcl |& tee /dev/null /openlane/designs/TopModule/runs/RUN_2025.06.09_15.07.08/logs/placement/10-dpl_sta.log}"

Mon Jun 09 15:07:58 +0000 2025 - Executing "openroad -exit /openlane/scripts/openroad/cts.tcl |& tee /dev/null /openlane/designs/TopModule/runs/RUN_2025.06.09_15.07.08/logs/cts/11-cts.log"

Mon Jun 09 15:07:58 +0000 2025 - Executing "{openroad -exit /openlane/scripts/openroad/cts.tcl |& tee /dev/null /openlane/designs/TopModule/runs/RUN_2025.06.09_15.07.08/logs/cts/11-cts.log}"

Mon Jun 09 15:08:12 +0000 2025 - Executing "openroad -exit /openlane/scripts/openroad/sta/multi_corner.tcl |& tee /dev/null /openlane/designs/TopModule/runs/RUN_2025.06.09_15.07.08/logs/cts/12-cts_sta.log"

Mon Jun 09 15:08:12 +0000 2025 - Executing "{openroad -exit /openlane/scripts/openroad/sta/multi_corner.tcl |& tee /dev/null /openlane/designs/TopModule/runs/RUN_2025.06.09_15.07.08/logs/cts/12-cts_sta.log}"

Mon Jun 09 15:08:15 +0000 2025 - Executing "openroad -exit /openlane/scripts/openroad/resizer_timing.tcl |& tee /dev/null /openlane/designs/TopModule/runs/RUN_2025.06.09_15.07.08/logs/cts/13-resizer.log"

Mon Jun 09 15:08:15 +0000 2025 - Executing "{openroad -exit /openlane/scripts/openroad/resizer_timing.tcl |& tee /dev/null /openlane/designs/TopModule/runs/RUN_2025.06.09_15.07.08/logs/cts/13-resizer.log}"

Mon Jun 09 15:08:45 +0000 2025 - Executing "{sed -i.bak -e {s/\(set ::env(CURRENT_NETLIST)\).*/\1 \/openlane\/designs\/TopModule\/runs\/RUN_2025.06.09_15.07.08\/tmp\/cts\/13-TopModule.resized.nl.v/} /openlane/designs/TopModule/runs/RUN_2025.06.09_15.07.08/config.tcl}"

Mon Jun 09 15:08:45 +0000 2025 - Executing "openroad -exit /openlane/scripts/openroad/resizer_routing_design.tcl |& tee /dev/null /openlane/designs/TopModule/runs/RUN_2025.06.09_15.07.08/logs/routing/14-resizer_design.log"

Mon Jun 09 15:08:45 +0000 2025 - Executing "{openroad -exit /openlane/scripts/openroad/resizer_routing_design.tcl |& tee /dev/null /openlane/designs/TopModule/runs/RUN_2025.06.09_15.07.08/logs/routing/14-resizer_design.log}"

Mon Jun 09 15:09:24 +0000 2025 - Executing "{sed -i.bak -e {s/\(set ::env(CURRENT_NETLIST)\).*/\1 \/openlane\/designs\/TopModule\/runs\/RUN_2025.06.09_15.07.08\/tmp\/14-TopModule.nl.v/} /openlane/designs/TopModule/runs/RUN_2025.06.09_15.07.08/config.tcl}"

Mon Jun 09 15:09:25 +0000 2025 - Executing "openroad -exit /openlane/scripts/openroad/sta/multi_corner.tcl |& tee /dev/null /openlane/designs/TopModule/runs/RUN_2025.06.09_15.07.08/logs/routing/15-rsz_design_sta.log"

Mon Jun 09 15:09:25 +0000 2025 - Executing "{openroad -exit /openlane/scripts/openroad/sta/multi_corner.tcl |& tee /dev/null /openlane/designs/TopModule/runs/RUN_2025.06.09_15.07.08/logs/routing/15-rsz_design_sta.log}"

Mon Jun 09 15:09:27 +0000 2025 - Executing "openroad -exit /openlane/scripts/openroad/resizer_routing_timing.tcl |& tee /dev/null /openlane/designs/TopModule/runs/RUN_2025.06.09_15.07.08/logs/routing/16-resizer_timing.log"

Mon Jun 09 15:09:27 +0000 2025 - Executing "{openroad -exit /openlane/scripts/openroad/resizer_routing_timing.tcl |& tee /dev/null /openlane/designs/TopModule/runs/RUN_2025.06.09_15.07.08/logs/routing/16-resizer_timing.log}"

Mon Jun 09 15:10:36 +0000 2025 - Executing "{sed -i.bak -e {s/\(set ::env(CURRENT_NETLIST)\).*/\1 \/openlane\/designs\/TopModule\/runs\/RUN_2025.06.09_15.07.08\/tmp\/16-TopModule.nl.v/} /openlane/designs/TopModule/runs/RUN_2025.06.09_15.07.08/config.tcl}"

Mon Jun 09 15:10:37 +0000 2025 - Executing "openroad -exit /openlane/scripts/openroad/sta/multi_corner.tcl |& tee /dev/null /openlane/designs/TopModule/runs/RUN_2025.06.09_15.07.08/logs/routing/17-rsz_timing_sta.log"

Mon Jun 09 15:10:37 +0000 2025 - Executing "{openroad -exit /openlane/scripts/openroad/sta/multi_corner.tcl |& tee /dev/null /openlane/designs/TopModule/runs/RUN_2025.06.09_15.07.08/logs/routing/17-rsz_timing_sta.log}"

Mon Jun 09 15:10:40 +0000 2025 - Executing "{openroad -exit -no_init -python /openlane/scripts/odbpy/diodes.py place --diode-cell sky130_fd_sc_hd__diode_2 --diode-pin DIODE --threshold 90 --side-strategy source --port-protect none --input-lef /openlane/designs/TopModule/runs/RUN_2025.06.09_15.07.08/tmp/merged.nom.lef --output-def /openlane/designs/TopModule/runs/RUN_2025.06.09_15.07.08/tmp/routing/18-diodes.def --output /openlane/designs/TopModule/runs/RUN_2025.06.09_15.07.08/tmp/routing/18-diodes.odb /openlane/designs/TopModule/runs/RUN_2025.06.09_15.07.08/tmp/16-TopModule.odb |& tee /dev/null /openlane/designs/TopModule/runs/RUN_2025.06.09_15.07.08/logs/routing/18-diodes.log}"

Mon Jun 09 15:10:41 +0000 2025 - Executing "openroad -exit /openlane/scripts/openroad/dpl.tcl |& tee /dev/null /openlane/designs/TopModule/runs/RUN_2025.06.09_15.07.08/logs/routing/19-diode_legalization.log"

Mon Jun 09 15:10:41 +0000 2025 - Executing "{openroad -exit /openlane/scripts/openroad/dpl.tcl |& tee /dev/null /openlane/designs/TopModule/runs/RUN_2025.06.09_15.07.08/logs/routing/19-diode_legalization.log}"

Mon Jun 09 15:10:43 +0000 2025 - Executing "{sed -i.bak -e {s/\(set ::env(CURRENT_NETLIST)\).*/\1 \/openlane\/designs\/TopModule\/runs\/RUN_2025.06.09_15.07.08\/tmp\/routing\/.\/18-diodes_legalized.nl.v/} /openlane/designs/TopModule/runs/RUN_2025.06.09_15.07.08/config.tcl}"

Mon Jun 09 15:10:44 +0000 2025 - Executing "openroad -exit /openlane/scripts/openroad/repair_antennas.tcl |& tee /dev/null /openlane/designs/TopModule/runs/RUN_2025.06.09_15.07.08/logs/routing/20-global.log"

Mon Jun 09 15:10:44 +0000 2025 - Executing "{openroad -exit /openlane/scripts/openroad/repair_antennas.tcl |& tee /dev/null /openlane/designs/TopModule/runs/RUN_2025.06.09_15.07.08/logs/routing/20-global.log}"

Mon Jun 09 15:11:42 +0000 2025 - Executing "{openroad -exit -no_init -python /openlane/scripts/odbpy/defutil.py replace_instance_prefixes --original-prefix ANTENNA --new-prefix INSDIODE1 --input-lef /openlane/designs/TopModule/runs/RUN_2025.06.09_15.07.08/tmp/merged.nom.lef --output-def /openlane/designs/TopModule/runs/RUN_2025.06.09_15.07.08/tmp/routing/20-global.def --output /openlane/designs/TopModule/runs/RUN_2025.06.09_15.07.08/tmp/routing/20-global.odb /openlane/designs/TopModule/runs/RUN_2025.06.09_15.07.08/tmp/routing/20-global.odb |& tee /dev/null /openlane/designs/TopModule/runs/RUN_2025.06.09_15.07.08/logs/routing/20-antenna_diodes_1.log}"

Mon Jun 09 15:11:44 +0000 2025 - Executing "openroad -exit /openlane/scripts/openroad/repair_antennas.tcl |& tee /dev/null /openlane/designs/TopModule/runs/RUN_2025.06.09_15.07.08/logs/routing/20-antenna_route_1.log"

Mon Jun 09 15:11:44 +0000 2025 - Executing "{openroad -exit /openlane/scripts/openroad/repair_antennas.tcl |& tee /dev/null /openlane/designs/TopModule/runs/RUN_2025.06.09_15.07.08/logs/routing/20-antenna_route_1.log}"

Mon Jun 09 15:12:42 +0000 2025 - Executing "openroad -exit /openlane/scripts/openroad/write_views.tcl |& tee /dev/null /openlane/designs/TopModule/runs/RUN_2025.06.09_15.07.08/logs/routing/20-global_write_netlist.log"

Mon Jun 09 15:12:42 +0000 2025 - Executing "{openroad -exit /openlane/scripts/openroad/write_views.tcl |& tee /dev/null /openlane/designs/TopModule/runs/RUN_2025.06.09_15.07.08/logs/routing/20-global_write_netlist.log}"

Mon Jun 09 15:12:44 +0000 2025 - Executing "{sed -i.bak -e {s/\(set ::env(CURRENT_NETLIST)\).*/\1 \/openlane\/designs\/TopModule\/runs\/RUN_2025.06.09_15.07.08\/tmp\/routing\/global.nl.v/} /openlane/designs/TopModule/runs/RUN_2025.06.09_15.07.08/config.tcl}"

Mon Jun 09 15:12:44 +0000 2025 - Executing "openroad -exit /openlane/scripts/openroad/sta/multi_corner.tcl |& tee /dev/null /openlane/designs/TopModule/runs/RUN_2025.06.09_15.07.08/logs/routing/22-grt_sta.log"

Mon Jun 09 15:12:44 +0000 2025 - Executing "{openroad -exit /openlane/scripts/openroad/sta/multi_corner.tcl |& tee /dev/null /openlane/designs/TopModule/runs/RUN_2025.06.09_15.07.08/logs/routing/22-grt_sta.log}"

Mon Jun 09 15:12:47 +0000 2025 - Executing "openroad -exit /openlane/scripts/openroad/fill.tcl |& tee /dev/null /openlane/designs/TopModule/runs/RUN_2025.06.09_15.07.08/logs/routing/23-fill.log"

Mon Jun 09 15:12:47 +0000 2025 - Executing "{openroad -exit /openlane/scripts/openroad/fill.tcl |& tee /dev/null /openlane/designs/TopModule/runs/RUN_2025.06.09_15.07.08/logs/routing/23-fill.log}"

Mon Jun 09 15:12:48 +0000 2025 - Executing "{sed -i.bak -e {s/\(set ::env(CURRENT_NETLIST)\).*/\1 \/openlane\/designs\/TopModule\/runs\/RUN_2025.06.09_15.07.08\/tmp\/routing\/23-fill.nl.v/} /openlane/designs/TopModule/runs/RUN_2025.06.09_15.07.08/config.tcl}"

Mon Jun 09 15:12:49 +0000 2025 - Executing "openroad -exit -metrics /openlane/designs/TopModule/runs/RUN_2025.06.09_15.07.08/reports/routing/24-drt_metrics.json /openlane/scripts/openroad/droute.tcl |& tee /dev/null /openlane/designs/TopModule/runs/RUN_2025.06.09_15.07.08/logs/routing/24-detailed.log"

Mon Jun 09 15:12:49 +0000 2025 - Executing "{openroad -exit -metrics /openlane/designs/TopModule/runs/RUN_2025.06.09_15.07.08/reports/routing/24-drt_metrics.json /openlane/scripts/openroad/droute.tcl |& tee /dev/null /openlane/designs/TopModule/runs/RUN_2025.06.09_15.07.08/logs/routing/24-detailed.log}"

