OpenROAD b16bda7e82721d10566ff7e2b68f1ff0be9f9e38 
Features included (+) or not (-): +Charts +GPU +GUI +Python
This program is licensed under the BSD-3 license. See the LICENSE file for details.
Components of this program may be licensed under more restrictive licenses which must be honored.
[INFO ODB-0227] LEF file: /openlane/designs/project3/runs/RUN_2025.05.25_14.17.12/tmp/merged.min.lef, created 13 layers, 25 vias, 441 library cells
[INFO ODB-0127] Reading DEF file: /openlane/designs/project3/runs/RUN_2025.05.25_14.17.12/results/routing/project3.def
[INFO ODB-0128] Design: project3
[INFO ODB-0130]     Created 19 pins.
[INFO ODB-0131]     Created 23749 components and 89267 component-terminals.
[INFO ODB-0132]     Created 2 special nets and 88448 connections.
[INFO ODB-0133]     Created 224 nets and 808 connections.
[INFO ODB-0134] Finished DEF file: /openlane/designs/project3/runs/RUN_2025.05.25_14.17.12/results/routing/project3.def
define_corners Typical
read_liberty -corner Typical /home/omern/.volare/sky130A/libs.ref/sky130_fd_sc_hd/lib/sky130_fd_sc_hd__tt_025C_1v80.lib
Using 1e-12 for capacitance...
Using 1e+03 for resistance...
Using 1e-09 for time...
Using 1e+00 for voltage...
Using 1e-03 for current...
Using 1e-09 for power...
Using 1e-06 for distance...
Using RCX ruleset '/home/omern/.volare/sky130A/libs.tech/openlane/rules.openrcx.sky130A.min.calibre'...
[INFO RCX-0431] Defined process_corner X with ext_model_index 0
[INFO RCX-0029] Defined extraction corner X
[INFO RCX-0008] extracting parasitics of project3 ...
[INFO RCX-0435] Reading extraction model file /home/omern/.volare/sky130A/libs.tech/openlane/rules.openrcx.sky130A.min.calibre ...
[INFO RCX-0436] RC segment generation project3 (max_merge_res 50.0) ...
[INFO RCX-0040] Final 1870 rc segments
[INFO RCX-0439] Coupling Cap extraction project3 ...
[INFO RCX-0440] Coupling threshhold is 0.1000 fF, coupling capacitance less than 0.1000 fF will be grounded.
[INFO RCX-0043] 9224 wires to be extracted
[INFO RCX-0442] 89% completion -- 8241 wires have been extracted
[INFO RCX-0442] 100% completion -- 9224 wires have been extracted
[INFO RCX-0045] Extract 224 nets, 2094 rsegs, 2094 caps, 1674 ccs
[INFO RCX-0015] Finished extracting project3.
Writing result to /openlane/designs/project3/runs/RUN_2025.05.25_14.17.12/results/routing/mca/process_corner_min/project3.spef...
Setting global connections for newly added cells…
[WARNING] Did not save OpenROAD database!
Writing extracted parasitics to '/openlane/designs/project3/runs/RUN_2025.05.25_14.17.12/results/routing/mca/process_corner_min/project3.spef'…
[INFO RCX-0016] Writing SPEF ...
[INFO RCX-0443] 224 nets finished
[INFO RCX-0017] Finished writing SPEF ...
