OpenROAD b16bda7e82721d10566ff7e2b68f1ff0be9f9e38 
Features included (+) or not (-): +Charts +GPU +GUI +Python
This program is licensed under the BSD-3 license. See the LICENSE file for details.
Components of this program may be licensed under more restrictive licenses which must be honored.
define_corners Typical
read_liberty -corner Typical /home/omern/.volare/sky130A/libs.ref/sky130_fd_sc_hd/lib/sky130_fd_sc_hd__tt_025C_1v80.lib
Using 1e-12 for capacitance...
Using 1e+03 for resistance...
Using 1e-09 for time...
Using 1e+00 for voltage...
Using 1e-03 for current...
Using 1e-09 for power...
Using 1e-06 for distance...
[INFO]: Reading ODB at '/openlane/designs/project4/runs/RUN_2025.06.01_17.41.00/tmp/routing/18-diodes.odb'…
Reading design constraints file at '/openlane/designs/project4/src/lab4.sdc'…
[INFO DPL-0034] Detailed placement failed on the following 1297 instances:
[INFO DPL-0035]  ANTENNA__7185__A0
[INFO DPL-0035]  ANTENNA__7185__A0
[INFO DPL-0035]  ANTENNA__4333__A
[INFO DPL-0035]  ANTENNA__6565__A3
[INFO DPL-0035]  ANTENNA__4090__A0
[INFO DPL-0035]  ANTENNA__3919__A
[INFO DPL-0035]  ANTENNA__3919__A
[INFO DPL-0035]  ANTENNA__7420__S
[INFO DPL-0035]  ANTENNA__8451__D
[INFO DPL-0035]  ANTENNA__6906__S1
[INFO DPL-0035]  ANTENNA__6906__S1
[INFO DPL-0035]  ANTENNA__6565__A0
[INFO DPL-0035]  ANTENNA__8116__D
[INFO DPL-0035]  ANTENNA__7780__S
[INFO DPL-0035]  ANTENNA__7780__S
[INFO DPL-0035]  ANTENNA__7780__S
[INFO DPL-0035]  ANTENNA__5307__A
[INFO DPL-0035]  ANTENNA__4664__A1
[INFO DPL-0035]  ANTENNA__7592__A0
[INFO DPL-0035]  ANTENNA__7592__A0
[INFO DPL-0035]  ANTENNA__6987__A3
[INFO DPL-0035]  ANTENNA__6565__S1
[INFO DPL-0035]  ANTENNA__6841__A2
[INFO DPL-0035]  ANTENNA__5621__S
[INFO DPL-0035]  ANTENNA__6844__B
[INFO DPL-0035]  ANTENNA__6844__B
[INFO DPL-0035]  ANTENNA__6844__B
[INFO DPL-0035]  ANTENNA__6302__A1
[INFO DPL-0035]  ANTENNA__5820__A3
[INFO DPL-0035]  ANTENNA__5820__A3
[INFO DPL-0035]  ANTENNA__7871__D
[INFO DPL-0035]  ANTENNA__6987__A1
[INFO DPL-0035]  ANTENNA__4358__A1
[INFO DPL-0035]  ANTENNA__4358__A1
[INFO DPL-0035]  ANTENNA__6518__A3
[INFO DPL-0035]  ANTENNA__7036__A3
[INFO DPL-0035]  ANTENNA__6302__A0
[INFO DPL-0035]  ANTENNA__5820__A2
[INFO DPL-0035]  ANTENNA__6483__S0
[INFO DPL-0035]  ANTENNA__4806__A1
[INFO DPL-0035]  ANTENNA__4806__A1
[INFO DPL-0035]  ANTENNA__6987__A0
[INFO DPL-0035]  ANTENNA__4965__A
[INFO DPL-0035]  ANTENNA__7511__S
[INFO DPL-0035]  ANTENNA__6841__A0
[INFO DPL-0035]  ANTENNA__8027__D
[INFO DPL-0035]  ANTENNA__6913__A2
[INFO DPL-0035]  ANTENNA__6913__A2
[INFO DPL-0035]  ANTENNA__4358__S
[INFO DPL-0035]  ANTENNA__6518__A2
[INFO DPL-0035]  ANTENNA__7036__A2
[INFO DPL-0035]  ANTENNA__5965__A3
[INFO DPL-0035]  ANTENNA__5965__A3
[INFO DPL-0035]  ANTENNA__6379__A3
[INFO DPL-0035]  ANTENNA__7822__A
[INFO DPL-0035]  ANTENNA__6120__A3
[INFO DPL-0035]  ANTENNA__6987__S1
[INFO DPL-0035]  ANTENNA__3950__A1
[INFO DPL-0035]  ANTENNA__3950__A1
[INFO DPL-0035]  ANTENNA__6841__S1
[INFO DPL-0035]  ANTENNA__6462__A1
[INFO DPL-0035]  ANTENNA__7398__S
[INFO DPL-0035]  ANTENNA__7398__S
[INFO DPL-0035]  ANTENNA__4923__A1
[INFO DPL-0035]  ANTENNA__4571__S
[INFO DPL-0035]  ANTENNA_clkload0_A
[INFO DPL-0035]  ANTENNA__7036__A1
[INFO DPL-0035]  ANTENNA__5965__A2
[INFO DPL-0035]  ANTENNA__6043__S1
[INFO DPL-0035]  ANTENNA__6043__S1
[INFO DPL-0035]  ANTENNA__7819__A0
[INFO DPL-0035]  ANTENNA__7819__A0
[INFO DPL-0035]  ANTENNA__5820__A0
[INFO DPL-0035]  ANTENNA__5820__A0
[INFO DPL-0035]  ANTENNA__6379__A2
[INFO DPL-0035]  ANTENNA__7378__A
[INFO DPL-0035]  ANTENNA__5290__A
[INFO DPL-0035]  ANTENNA__5290__A
[INFO DPL-0035]  ANTENNA__6577__A1
[INFO DPL-0035]  ANTENNA__6577__A1
[INFO DPL-0035]  ANTENNA__6913__A0
[INFO DPL-0035]  ANTENNA__4571__A0
[INFO DPL-0035]  ANTENNA__7036__A0
[INFO DPL-0035]  ANTENNA__6159__B2
[INFO DPL-0035]  ANTENNA__6159__B2
[INFO DPL-0035]  ANTENNA__5965__A1
[INFO DPL-0035]  ANTENNA__4659__A
[INFO DPL-0035]  ANTENNA__7434__S
[INFO DPL-0035]  ANTENNA__7434__S
[INFO DPL-0035]  ANTENNA__7723__A
[INFO DPL-0035]  ANTENNA__6476__S0
[INFO DPL-0035]  ANTENNA__6379__A1
[INFO DPL-0035]  ANTENNA__6591__S1
[INFO DPL-0035]  ANTENNA__6120__A0
[INFO DPL-0035]  ANTENNA__6120__A0
[INFO DPL-0035]  ANTENNA_clkbuf_leaf_4_clk_A
[INFO DPL-0035]  ANTENNA_clkbuf_leaf_4_clk_A
[INFO DPL-0035]  ANTENNA__4090__S
[INFO DPL-0035]  ANTENNA__4090__S
[INFO DPL-0035]  ANTENNA__8665__D
[INFO DPL-0035]  ANTENNA__7780__A1
[INFO DPL-0035]  ANTENNA__6786__A3
[INFO DPL-0035]  ANTENNA__6913__S1
[INFO DPL-0035]  ANTENNA__5269__A1
[INFO DPL-0035]  ANTENNA__5269__A1
[INFO DPL-0035]  ANTENNA__6139__A
[INFO DPL-0035]  ANTENNA__6859__A3
[INFO DPL-0035]  ANTENNA__6859__A3
[INFO DPL-0035]  ANTENNA__6518__S1
[INFO DPL-0035]  ANTENNA__6518__S1
[INFO DPL-0035]  ANTENNA__7036__S1
[INFO DPL-0035]  ANTENNA__6688__A
[INFO DPL-0035]  ANTENNA__6688__A
[INFO DPL-0035]  ANTENNA__5263__A0
[INFO DPL-0035]  ANTENNA__6278__B1
[INFO DPL-0035]  ANTENNA__8120__D
[INFO DPL-0035]  ANTENNA__8120__D
[INFO DPL-0035]  ANTENNA__4343__A1
[INFO DPL-0035]  ANTENNA__4821__A
[INFO DPL-0035]  ANTENNA__7912__D
[INFO DPL-0035]  ANTENNA__6844__A_N
[INFO DPL-0035]  ANTENNA__4934__S
[INFO DPL-0035]  ANTENNA__4934__S
[INFO DPL-0035]  ANTENNA__7819__A1
[INFO DPL-0035]  ANTENNA_clkbuf_leaf_1_clk_A
[INFO DPL-0035]  ANTENNA_clkbuf_leaf_1_clk_A
[INFO DPL-0035]  ANTENNA__6120__S1
[INFO DPL-0035]  ANTENNA__8382__D
[INFO DPL-0035]  ANTENNA__5341__A1
[INFO DPL-0035]  ANTENNA__5341__A1
[INFO DPL-0035]  ANTENNA__7802__A0
[INFO DPL-0035]  ANTENNA__5989__A3
[INFO DPL-0035]  ANTENNA__5774__S
[INFO DPL-0035]  ANTENNA__6786__A2
[INFO DPL-0035]  ANTENNA__6859__A2
[INFO DPL-0035]  ANTENNA__6518__S0
[INFO DPL-0035]  ANTENNA__6159__A2
[INFO DPL-0035]  ANTENNA__5263__S
[INFO DPL-0035]  ANTENNA__5965__S1
[INFO DPL-0035]  ANTENNA__6278__A1
[INFO DPL-0035]  ANTENNA__6463__B
[INFO DPL-0035]  ANTENNA__6463__B
[INFO DPL-0035]  ANTENNA__6463__B
[INFO DPL-0035]  ANTENNA__4343__S
[INFO DPL-0035]  ANTENNA__8217__D
[INFO DPL-0035]  ANTENNA__8217__D
[INFO DPL-0035]  ANTENNA__8217__D
[INFO DPL-0035]  ANTENNA__5944__A0
[INFO DPL-0035]  ANTENNA__4747__A1
[INFO DPL-0035]  ANTENNA__6476__A2
[INFO DPL-0035]  ANTENNA__7802__S
[INFO DPL-0035]  ANTENNA__4661__A
[INFO DPL-0035]  ANTENNA__5407__A1
[INFO DPL-0035]  ANTENNA__6786__A1
[INFO DPL-0035]  ANTENNA__6786__A1
[INFO DPL-0035]  ANTENNA__8304__D
[INFO DPL-0035]  ANTENNA__8304__D
[INFO DPL-0035]  ANTENNA__6302__S
[INFO DPL-0035]  ANTENNA_output11_A
[INFO DPL-0035]  ANTENNA__5607__A0
[INFO DPL-0035]  ANTENNA__6148__A0
[INFO DPL-0035]  ANTENNA__6859__A1
[INFO DPL-0035]  ANTENNA__6859__A1
[INFO DPL-0035]  ANTENNA__7511__A1
[INFO DPL-0035]  ANTENNA__7511__A1
[INFO DPL-0035]  ANTENNA__6809__A1
[INFO DPL-0035]  ANTENNA__6159__A1
[INFO DPL-0035]  ANTENNA__4343__A0
[INFO DPL-0035]  ANTENNA__4343__A0
[INFO DPL-0035]  ANTENNA__4343__A0
[INFO DPL-0035]  ANTENNA__5944__S
[INFO DPL-0035]  ANTENNA__7685__A1
[INFO DPL-0035]  ANTENNA__8385__D
[INFO DPL-0035]  ANTENNA__7019__A2
[INFO DPL-0035]  ANTENNA__6786__A0
[INFO DPL-0035]  ANTENNA__6859__S1
[INFO DPL-0035]  ANTENNA__6809__A0
[INFO DPL-0035]  ANTENNA__6216__A0
[INFO DPL-0035]  ANTENNA__8126__D
[INFO DPL-0035]  ANTENNA__8126__D
[INFO DPL-0035]  ANTENNA__5830__B
[INFO DPL-0035]  ANTENNA__5989__A0
[INFO DPL-0035]  ANTENNA__7908__D
[INFO DPL-0035]  ANTENNA__8746__D
[INFO DPL-0035]  ANTENNA__8746__D
[INFO DPL-0035]  ANTENNA__5854__S1
[INFO DPL-0035]  ANTENNA__5854__S1
[INFO DPL-0035]  ANTENNA__4901__A0
[INFO DPL-0035]  ANTENNA__6630__S
[INFO DPL-0035]  ANTENNA__6786__S1
[INFO DPL-0035]  ANTENNA__6080__S1
[INFO DPL-0035]  ANTENNA__6477__A3
[INFO DPL-0035]  ANTENNA__5187__A
[INFO DPL-0035]  ANTENNA__5607__A1
[INFO DPL-0035]  ANTENNA__6734__A1
[INFO DPL-0035]  ANTENNA__6734__A1
[INFO DPL-0035]  ANTENNA__5624__A
[INFO DPL-0035]  ANTENNA__6996__S0
[INFO DPL-0035]  ANTENNA__4722__A
[INFO DPL-0035]  ANTENNA__5989__S1
[INFO DPL-0035]  ANTENNA__4901__S
[INFO DPL-0035]  ANTENNA__8605__D
[INFO DPL-0035]  ANTENNA__6786__S0
[INFO DPL-0035]  ANTENNA__6786__S0
[INFO DPL-0035]  ANTENNA__6991__A1
[INFO DPL-0035]  ANTENNA__6080__A0
[INFO DPL-0035]  ANTENNA__6477__A2
[INFO DPL-0035]  ANTENNA__4109__A1
[INFO DPL-0035]  ANTENNA__4109__A1
[INFO DPL-0035]  ANTENNA__4109__A1
[INFO DPL-0035]  ANTENNA__6734__A0
[INFO DPL-0035]  ANTENNA__7317__A1
[INFO DPL-0035]  ANTENNA__7317__A1
[INFO DPL-0035]  ANTENNA__5637__A
[INFO DPL-0035]  ANTENNA__6224__A3
[INFO DPL-0035]  ANTENNA__6224__A3
[INFO DPL-0035]  ANTENNA__6224__A3
[INFO DPL-0035]  ANTENNA__4692__A
[INFO DPL-0035]  ANTENNA__4692__A
[INFO DPL-0035]  ANTENNA__6278__A2
[INFO DPL-0035]  ANTENNA__6643__B1
[INFO DPL-0035]  ANTENNA__7885__D
[INFO DPL-0035]  ANTENNA__4571__A1
[INFO DPL-0035]  ANTENNA__5786__A0
[INFO DPL-0035]  ANTENNA__5786__A0
[INFO DPL-0035]  ANTENNA__6520__S0
[INFO DPL-0035]  ANTENNA__6520__S0
[INFO DPL-0035]  ANTENNA__8657__D
[INFO DPL-0035]  ANTENNA__7439__A
[INFO DPL-0035]  ANTENNA__6734__S
[INFO DPL-0035]  ANTENNA__4864__A0
[INFO DPL-0035]  ANTENNA__6996__A3
[INFO DPL-0035]  ANTENNA__5774__A1
[INFO DPL-0035]  ANTENNA__5774__A1
[INFO DPL-0035]  ANTENNA__5774__A1
[INFO DPL-0035]  ANTENNA__5774__A1
[INFO DPL-0035]  ANTENNA__7854__D
[INFO DPL-0035]  ANTENNA__7617__A1
[INFO DPL-0035]  ANTENNA__6216__S1
[INFO DPL-0035]  ANTENNA__4715__A1
[INFO DPL-0035]  ANTENNA__4715__A1
[INFO DPL-0035]  ANTENNA__5805__A2
[INFO DPL-0035]  ANTENNA__6643__A2
[INFO DPL-0035]  ANTENNA__6707__S1
[INFO DPL-0035]  ANTENNA__4717__A0
[INFO DPL-0035]  ANTENNA__8087__D
[INFO DPL-0035]  ANTENNA__5103__A1
[INFO DPL-0035]  ANTENNA__7802__A1
[INFO DPL-0035]  ANTENNA__5657__A
[INFO DPL-0035]  ANTENNA__4109__S
[INFO DPL-0035]  ANTENNA__4109__S
[INFO DPL-0035]  ANTENNA__4109__S
[INFO DPL-0035]  ANTENNA__4109__S
[INFO DPL-0035]  ANTENNA_clkbuf_leaf_0_clk_A
[INFO DPL-0035]  ANTENNA__7963__D
[INFO DPL-0035]  ANTENNA__3920__S
[INFO DPL-0035]  ANTENNA__7317__S
[INFO DPL-0035]  ANTENNA__4715__S
[INFO DPL-0035]  ANTENNA__5922__A3
[INFO DPL-0035]  ANTENNA__6144__S
[INFO DPL-0035]  ANTENNA__6987__S0
[INFO DPL-0035]  ANTENNA__6987__S0
[INFO DPL-0035]  ANTENNA__7310__A
[INFO DPL-0035]  ANTENNA_clkbuf_leaf_123_clk_A
[INFO DPL-0035]  ANTENNA__6643__A1
[INFO DPL-0035]  ANTENNA__6707__A1
[INFO DPL-0035]  ANTENNA__6707__A1
[INFO DPL-0035]  ANTENNA__5944__A1
[INFO DPL-0035]  ANTENNA__5944__A1
[INFO DPL-0035]  ANTENNA__5944__A1
[INFO DPL-0035]  ANTENNA__6080__A3
[INFO DPL-0035]  ANTENNA__6477__S1
[INFO DPL-0035]  ANTENNA_output49_A
[INFO DPL-0035]  ANTENNA__7432__A0
[INFO DPL-0035]  ANTENNA__7432__A0
[INFO DPL-0035]  ANTENNA__5247__S
[INFO DPL-0035]  ANTENNA__8025__D
[INFO DPL-0035]  ANTENNA__6224__A0
[INFO DPL-0035]  ANTENNA__6224__A0
[INFO DPL-0035]  ANTENNA__7812__A
[INFO DPL-0035]  ANTENNA__4114__A
[INFO DPL-0035]  ANTENNA__4114__A
[INFO DPL-0035]  ANTENNA__6987__A2
[INFO DPL-0035]  ANTENNA__6987__A2
[INFO DPL-0035]  ANTENNA__6841__A3
[INFO DPL-0035]  ANTENNA__6841__A3
[INFO DPL-0035]  ANTENNA__6767__A2
[INFO DPL-0035]  ANTENNA__6767__A2
[INFO DPL-0035]  ANTENNA__5805__A1
[INFO DPL-0035]  ANTENNA__6511__A1
[INFO DPL-0035]  ANTENNA__7028__A2
[INFO DPL-0035]  ANTENNA__7028__A2
[INFO DPL-0035]  ANTENNA__7573__A0
[INFO DPL-0035]  ANTENNA__5123__S
[INFO DPL-0035]  ANTENNA__6042__A
[INFO DPL-0035]  ANTENNA__8097__D
[INFO DPL-0035]  ANTENNA__8092__D
[INFO DPL-0035]  ANTENNA_clkbuf_leaf_61_clk_A
[INFO DPL-0035]  ANTENNA_clkbuf_leaf_61_clk_A
[INFO DPL-0035]  ANTENNA__6281__A3
[INFO DPL-0035]  ANTENNA__5597__A
[INFO DPL-0035]  ANTENNA__5597__A
[INFO DPL-0035]  ANTENNA__6963__S
[INFO DPL-0035]  ANTENNA__7012__A3
[INFO DPL-0035]  ANTENNA__7012__A3
[INFO DPL-0035]  ANTENNA__7012__A3
[INFO DPL-0035]  ANTENNA__6043__A0
[INFO DPL-0035]  ANTENNA__7685__A0
[INFO DPL-0035]  ANTENNA__7685__A0
[INFO DPL-0035]  ANTENNA__8702__D
[INFO DPL-0035]  ANTENNA__5134__A1
[INFO DPL-0035]  ANTENNA__6511__A0
[INFO DPL-0035]  ANTENNA__6553__A1
[INFO DPL-0035]  ANTENNA__5123__A1
[INFO DPL-0035]  ANTENNA__6823__A3
[INFO DPL-0035]  ANTENNA__6823__A3
[INFO DPL-0035]  ANTENNA__6823__A3
[INFO DPL-0035]  ANTENNA__6275__A3
[INFO DPL-0035]  ANTENNA__6913__S0
[INFO DPL-0035]  ANTENNA__6913__S0
[INFO DPL-0035]  ANTENNA__6913__S0
[INFO DPL-0035]  ANTENNA_clkbuf_leaf_92_clk_A
[INFO DPL-0035]  ANTENNA_clkbuf_leaf_92_clk_A
[INFO DPL-0035]  ANTENNA__3979__A1
[INFO DPL-0035]  ANTENNA__3979__A1
[INFO DPL-0035]  ANTENNA__7928__D
[INFO DPL-0035]  ANTENNA__6692__A1
[INFO DPL-0035]  ANTENNA__7692__A1
[INFO DPL-0035]  ANTENNA__5165__A
[INFO DPL-0035]  ANTENNA__5165__A
[INFO DPL-0035]  ANTENNA__5212__S
[INFO DPL-0035]  ANTENNA__4233__A
[INFO DPL-0035]  ANTENNA__6043__A3
[INFO DPL-0035]  ANTENNA__5068__A0
[INFO DPL-0035]  ANTENNA__6200__A1
[INFO DPL-0035]  ANTENNA__6275__A2
[INFO DPL-0035]  ANTENNA__4264__A0
[INFO DPL-0035]  ANTENNA__4376__A1
[INFO DPL-0035]  ANTENNA__3979__S
[INFO DPL-0035]  ANTENNA__4476__A0
[INFO DPL-0035]  ANTENNA__6692__A0
[INFO DPL-0035]  ANTENNA__6281__A0
[INFO DPL-0035]  ANTENNA__7121__A
[INFO DPL-0035]  ANTENNA__7121__A
[INFO DPL-0035]  ANTENNA__6963__A0
[INFO DPL-0035]  ANTENNA__7012__A1
[INFO DPL-0035]  ANTENNA__7012__A1
[INFO DPL-0035]  ANTENNA__5068__A1
[INFO DPL-0035]  ANTENNA__6120__A1
[INFO DPL-0035]  ANTENNA__7865__D
[INFO DPL-0035]  ANTENNA__7865__D
[INFO DPL-0035]  ANTENNA__5134__A0
[INFO DPL-0035]  ANTENNA__4831__A1
[INFO DPL-0035]  ANTENNA__7032__A3
[INFO DPL-0035]  ANTENNA__6265__A3
[INFO DPL-0035]  ANTENNA__7028__S1
[INFO DPL-0035]  ANTENNA__7028__S1
[INFO DPL-0035]  ANTENNA__6200__A0
[INFO DPL-0035]  ANTENNA__6823__A1
[INFO DPL-0035]  ANTENNA__6275__A1
[INFO DPL-0035]  ANTENNA__6831__A
[INFO DPL-0035]  ANTENNA__4211__A
[INFO DPL-0035]  ANTENNA__6281__S1
[INFO DPL-0035]  ANTENNA__6976__A_N
[INFO DPL-0035]  ANTENNA__7370__S
[INFO DPL-0035]  ANTENNA__8466__D
[INFO DPL-0035]  ANTENNA__8466__D
[INFO DPL-0035]  ANTENNA__8466__D
[INFO DPL-0035]  ANTENNA__7937__D
[INFO DPL-0035]  ANTENNA__7937__D
[INFO DPL-0035]  ANTENNA__5451__A
[INFO DPL-0035]  ANTENNA__5870__A2
[INFO DPL-0035]  ANTENNA_output13_A
[INFO DPL-0035]  ANTENNA__5068__S
[INFO DPL-0035]  ANTENNA__4831__A0
[INFO DPL-0035]  ANTENNA__4831__A0
[INFO DPL-0035]  ANTENNA__7028__S0
[INFO DPL-0035]  ANTENNA__6200__S1
[INFO DPL-0035]  ANTENNA__7184__A
[INFO DPL-0035]  ANTENNA__7184__A
[INFO DPL-0035]  ANTENNA__7184__A
[INFO DPL-0035]  ANTENNA__6823__A0
[INFO DPL-0035]  ANTENNA__6823__A0
[INFO DPL-0035]  ANTENNA__6275__A0
[INFO DPL-0035]  ANTENNA__6275__A0
[INFO DPL-0035]  ANTENNA__6277__A1
[INFO DPL-0035]  ANTENNA__5603__A0
[INFO DPL-0035]  ANTENNA__6432__S
[INFO DPL-0035]  ANTENNA__7380__A
[INFO DPL-0035]  ANTENNA__6200__S0
[INFO DPL-0035]  ANTENNA__6200__S0
[INFO DPL-0035]  ANTENNA__6275__S1
[INFO DPL-0035]  ANTENNA__6418__A
[INFO DPL-0035]  ANTENNA__6993__A1
[INFO DPL-0035]  ANTENNA__5090__S
[INFO DPL-0035]  ANTENNA__5090__S
[INFO DPL-0035]  ANTENNA__8508__D
[INFO DPL-0035]  ANTENNA__5058__A1
[INFO DPL-0035]  ANTENNA__5292__A
[INFO DPL-0035]  ANTENNA__5292__A
[INFO DPL-0035]  ANTENNA__7505__A0
[INFO DPL-0035]  ANTENNA__7505__A0
[INFO DPL-0035]  ANTENNA__7505__A0
[INFO DPL-0035]  ANTENNA__8805__D
[INFO DPL-0035]  ANTENNA__8805__D
[INFO DPL-0035]  ANTENNA__5870__S1
[INFO DPL-0035]  ANTENNA__5247__A0
[INFO DPL-0035]  ANTENNA__4557__A
[INFO DPL-0035]  ANTENNA__4557__A
[INFO DPL-0035]  ANTENNA__6432__A0
[INFO DPL-0035]  ANTENNA__6432__A0
[INFO DPL-0035]  ANTENNA__7032__S1
[INFO DPL-0035]  ANTENNA__7032__S1
[INFO DPL-0035]  ANTENNA__7459__A
[INFO DPL-0035]  ANTENNA__7459__A
[INFO DPL-0035]  ANTENNA__5938__A
[INFO DPL-0035]  ANTENNA__6513__B1
[INFO DPL-0035]  ANTENNA__5578__A
[INFO DPL-0035]  ANTENNA__3889__A0
[INFO DPL-0035]  ANTENNA__3889__A0
[INFO DPL-0035]  ANTENNA__3889__A0
[INFO DPL-0035]  ANTENNA__3889__A0
[INFO DPL-0035]  ANTENNA__6035__A
[INFO DPL-0035]  ANTENNA__6035__A
[INFO DPL-0035]  ANTENNA__6035__A
[INFO DPL-0035]  ANTENNA__6035__A
[INFO DPL-0035]  ANTENNA__5870__S0
[INFO DPL-0035]  ANTENNA_output14_A
[INFO DPL-0035]  ANTENNA__7032__S0
[INFO DPL-0035]  ANTENNA__6105__A3
[INFO DPL-0035]  ANTENNA__6105__A3
[INFO DPL-0035]  ANTENNA__6265__S1
[INFO DPL-0035]  ANTENNA__4966__A0
[INFO DPL-0035]  ANTENNA__4966__A0
[INFO DPL-0035]  ANTENNA__5798__A0
[INFO DPL-0035]  ANTENNA__4433__A
[INFO DPL-0035]  ANTENNA__6312__A3
[INFO DPL-0035]  ANTENNA__7975__D
[INFO DPL-0035]  ANTENNA__7975__D
[INFO DPL-0035]  ANTENNA__7975__D
[INFO DPL-0035]  ANTENNA__6113__A2
[INFO DPL-0035]  ANTENNA__5214__A0
[INFO DPL-0035]  ANTENNA__4154__A0
[INFO DPL-0035]  ANTENNA__7057__A0
[INFO DPL-0035]  ANTENNA__6891__A2
[INFO DPL-0035]  ANTENNA__3887__A0
[INFO DPL-0035]  ANTENNA__8206__D
[INFO DPL-0035]  ANTENNA__7072__C_N
[INFO DPL-0035]  ANTENNA__6105__A2
[INFO DPL-0035]  ANTENNA__4966__S
[INFO DPL-0035]  ANTENNA__7257__A
[INFO DPL-0035]  ANTENNA__7257__A
[INFO DPL-0035]  ANTENNA__6312__A1
[INFO DPL-0035]  ANTENNA__7057__S
[INFO DPL-0035]  ANTENNA__6891__A0
[INFO DPL-0035]  ANTENNA__6891__A0
[INFO DPL-0035]  ANTENNA__3887__S
[INFO DPL-0035]  ANTENNA__8088__D
[INFO DPL-0035]  ANTENNA__8088__D
[INFO DPL-0035]  ANTENNA__4264__A1
[INFO DPL-0035]  ANTENNA__7072__B
[INFO DPL-0035]  ANTENNA__7072__B
[INFO DPL-0035]  ANTENNA__6637__A
[INFO DPL-0035]  ANTENNA__8045__D
[INFO DPL-0035]  ANTENNA__8045__D
[INFO DPL-0035]  ANTENNA__4966__A1
[INFO DPL-0035]  ANTENNA__4643__A0
[INFO DPL-0035]  ANTENNA__4643__A0
[INFO DPL-0035]  ANTENNA__4643__A0
[INFO DPL-0035]  ANTENNA__8057__D
[INFO DPL-0035]  ANTENNA__6277__B1
[INFO DPL-0035]  ANTENNA__7030__A2
[INFO DPL-0035]  ANTENNA__6113__A0
[INFO DPL-0035]  ANTENNA__5214__A1
[INFO DPL-0035]  ANTENNA__6730__S1
[INFO DPL-0035]  ANTENNA__7475__A
[INFO DPL-0035]  ANTENNA__7475__A
[INFO DPL-0035]  ANTENNA__6891__S1
[INFO DPL-0035]  ANTENNA__8365__D
[INFO DPL-0035]  ANTENNA__7808__A
[INFO DPL-0035]  ANTENNA__7808__A
[INFO DPL-0035]  ANTENNA__7808__A
[INFO DPL-0035]  ANTENNA__5686__A3
[INFO DPL-0035]  ANTENNA__7072__A
[INFO DPL-0035]  ANTENNA__6277__A2
[INFO DPL-0035]  ANTENNA__7516__A0
[INFO DPL-0035]  ANTENNA__7516__A0
[INFO DPL-0035]  ANTENNA__7030__B1
[INFO DPL-0035]  ANTENNA__5590__A0
[INFO DPL-0035]  ANTENNA__7813__A0
[INFO DPL-0035]  ANTENNA__7813__A0
[INFO DPL-0035]  ANTENNA__6730__S0
[INFO DPL-0035]  ANTENNA__6730__S0
[INFO DPL-0035]  ANTENNA__6730__S0
[INFO DPL-0035]  ANTENNA__5779__A1
[INFO DPL-0035]  ANTENNA__6891__S0
[INFO DPL-0035]  ANTENNA__4032__A
[INFO DPL-0035]  ANTENNA__4032__A
[INFO DPL-0035]  ANTENNA__4032__A
[INFO DPL-0035]  ANTENNA__4032__A
[INFO DPL-0035]  ANTENNA__5413__A1
[INFO DPL-0035]  ANTENNA__5413__A1
[INFO DPL-0035]  ANTENNA__5413__A1
[INFO DPL-0035]  ANTENNA__5686__A2
[INFO DPL-0035]  ANTENNA__5686__A2
[INFO DPL-0035]  ANTENNA__7331__A
[INFO DPL-0035]  ANTENNA__7427__B
[INFO DPL-0035]  ANTENNA__7516__S
[INFO DPL-0035]  ANTENNA__7437__A
[INFO DPL-0035]  ANTENNA__7437__A
[INFO DPL-0035]  ANTENNA__7030__A1
[INFO DPL-0035]  ANTENNA__7030__A1
[INFO DPL-0035]  ANTENNA__6113__S0
[INFO DPL-0035]  ANTENNA__7408__A
[INFO DPL-0035]  ANTENNA__7408__A
[INFO DPL-0035]  ANTENNA__5590__S
[INFO DPL-0035]  ANTENNA__5590__S
[INFO DPL-0035]  ANTENNA__8563__D
[INFO DPL-0035]  ANTENNA__5413__S
[INFO DPL-0035]  ANTENNA__5922__S0
[INFO DPL-0035]  ANTENNA__6869__A3
[INFO DPL-0035]  ANTENNA__6105__S0
[INFO DPL-0035]  ANTENNA__6105__S0
[INFO DPL-0035]  ANTENNA__6929__A1
[INFO DPL-0035]  ANTENNA__4007__A1
[INFO DPL-0035]  ANTENNA__4007__A1
[INFO DPL-0035]  ANTENNA__4463__A1
[INFO DPL-0035]  ANTENNA__8768__D
[INFO DPL-0035]  ANTENNA__6690__A3
[INFO DPL-0035]  ANTENNA__4094__A1
[INFO DPL-0035]  ANTENNA__4094__A1
[INFO DPL-0035]  ANTENNA__3946__A0
[INFO DPL-0035]  ANTENNA__3946__A0
[INFO DPL-0035]  ANTENNA_clkbuf_leaf_93_clk_A
[INFO DPL-0035]  ANTENNA_clkbuf_leaf_93_clk_A
[INFO DPL-0035]  ANTENNA__5779__A3
[INFO DPL-0035]  ANTENNA__5779__A3
[INFO DPL-0035]  ANTENNA__7168__A0
[INFO DPL-0035]  ANTENNA__7168__A0
[INFO DPL-0035]  ANTENNA__7197__A
[INFO DPL-0035]  ANTENNA__7197__A
[INFO DPL-0035]  ANTENNA__5603__S
[INFO DPL-0035]  ANTENNA__5603__S
[INFO DPL-0035]  ANTENNA__5413__A0
[INFO DPL-0035]  ANTENNA__5686__A0
[INFO DPL-0035]  ANTENNA__5922__S1
[INFO DPL-0035]  ANTENNA__5922__S1
[INFO DPL-0035]  ANTENNA__5922__S1
[INFO DPL-0035]  ANTENNA__6869__A2
[INFO DPL-0035]  ANTENNA__6869__A2
[INFO DPL-0035]  ANTENNA__6929__A0
[INFO DPL-0035]  ANTENNA__5483__A0
[INFO DPL-0035]  ANTENNA__4463__S
[INFO DPL-0035]  ANTENNA__7867__D
[INFO DPL-0035]  ANTENNA__5184__A0
[INFO DPL-0035]  ANTENNA__5184__A0
[INFO DPL-0035]  ANTENNA__5779__A2
[INFO DPL-0035]  ANTENNA__5779__A2
[INFO DPL-0035]  ANTENNA__5779__A2
[INFO DPL-0035]  ANTENNA__7207__A0
[INFO DPL-0035]  ANTENNA__7385__A0
[INFO DPL-0035]  ANTENNA__4702__A1
[INFO DPL-0035]  ANTENNA__4702__A1
[INFO DPL-0035]  ANTENNA__6929__S
[INFO DPL-0035]  ANTENNA__5483__S
[INFO DPL-0035]  ANTENNA__6102__A1
[INFO DPL-0035]  ANTENNA__4274__A1
[INFO DPL-0035]  ANTENNA__7168__S
[INFO DPL-0035]  ANTENNA__7168__S
[INFO DPL-0035]  ANTENNA__7168__S
[INFO DPL-0035]  ANTENNA__7207__S
[INFO DPL-0035]  ANTENNA__7207__S
[INFO DPL-0035]  ANTENNA__7207__S
[INFO DPL-0035]  ANTENNA__7207__S
[INFO DPL-0035]  ANTENNA__4702__S
[INFO DPL-0035]  ANTENNA__4702__S
[INFO DPL-0035]  ANTENNA__4702__S
[INFO DPL-0035]  ANTENNA__6182__S
[INFO DPL-0035]  ANTENNA__5833__S
[INFO DPL-0035]  ANTENNA__8560__D
[INFO DPL-0035]  ANTENNA__7300__A0
[INFO DPL-0035]  ANTENNA__4600__S
[INFO DPL-0035]  ANTENNA__7207__A1
[INFO DPL-0035]  ANTENNA__4702__A0
[INFO DPL-0035]  ANTENNA__4702__A0
[INFO DPL-0035]  ANTENNA__4830__A
[INFO DPL-0035]  ANTENNA__4830__A
[INFO DPL-0035]  ANTENNA_output15_A
[INFO DPL-0035]  ANTENNA__5109__A
[INFO DPL-0035]  ANTENNA__6869__S1
[INFO DPL-0035]  ANTENNA__6869__S1
[INFO DPL-0035]  ANTENNA__6281__A2
[INFO DPL-0035]  ANTENNA__3927__A0
[INFO DPL-0035]  ANTENNA__3927__A0
[INFO DPL-0035]  ANTENNA__5452__S
[INFO DPL-0035]  ANTENNA__5719__A
[INFO DPL-0035]  ANTENNA__5871__A1
[INFO DPL-0035]  ANTENNA__6086__A0
[INFO DPL-0035]  ANTENNA__6641__A0
[INFO DPL-0035]  ANTENNA__6641__A0
[INFO DPL-0035]  ANTENNA__4886__A0
[INFO DPL-0035]  ANTENNA__4886__A0
[INFO DPL-0035]  ANTENNA__3933__A1
[INFO DPL-0035]  ANTENNA__7427__A
[INFO DPL-0035]  ANTENNA__5870__A0
[INFO DPL-0035]  ANTENNA__5870__A0
[INFO DPL-0035]  ANTENNA__7032__A0
[INFO DPL-0035]  ANTENNA__6146__A3
[INFO DPL-0035]  ANTENNA__6968__A1
[INFO DPL-0035]  ANTENNA__6968__A1
[INFO DPL-0035]  ANTENNA__6968__A1
[INFO DPL-0035]  ANTENNA__7778__S
[INFO DPL-0035]  ANTENNA__3927__S
[INFO DPL-0035]  ANTENNA__3927__S
[INFO DPL-0035]  ANTENNA__5501__A
[INFO DPL-0035]  ANTENNA__7006__A1
[INFO DPL-0035]  ANTENNA__7006__A1
[INFO DPL-0035]  ANTENNA__4014__A1
[INFO DPL-0035]  ANTENNA__5452__A1
[INFO DPL-0035]  ANTENNA__5871__A0
[INFO DPL-0035]  ANTENNA__6751__A2
[INFO DPL-0035]  ANTENNA__6751__A2
[INFO DPL-0035]  ANTENNA__6086__S1
[INFO DPL-0035]  ANTENNA__4886__S
[INFO DPL-0035]  ANTENNA__4157__S
[INFO DPL-0035]  ANTENNA__8803__D
[INFO DPL-0035]  ANTENNA__7284__A1
[INFO DPL-0035]  ANTENNA__7284__A1
[INFO DPL-0035]  ANTENNA__7778__A1
[INFO DPL-0035]  ANTENNA__7006__A0
[INFO DPL-0035]  ANTENNA__7006__A0
[INFO DPL-0035]  ANTENNA__4014__S
[INFO DPL-0035]  ANTENNA__7516__A1
[INFO DPL-0035]  ANTENNA__5871__S
[INFO DPL-0035]  ANTENNA__6086__S0
[INFO DPL-0035]  ANTENNA__7567__S
[INFO DPL-0035]  ANTENNA__7567__S
[INFO DPL-0035]  ANTENNA__7567__S
[INFO DPL-0035]  ANTENNA__4886__A1
[INFO DPL-0035]  ANTENNA__6901__A3
[INFO DPL-0035]  ANTENNA__6901__A3
[INFO DPL-0035]  ANTENNA__6973__A3
[INFO DPL-0035]  ANTENNA__8548__D
[INFO DPL-0035]  ANTENNA__6968__S
[INFO DPL-0035]  ANTENNA__6968__S
[INFO DPL-0035]  ANTENNA__6968__S
[INFO DPL-0035]  ANTENNA__6358__A
[INFO DPL-0035]  ANTENNA__7006__S
[INFO DPL-0035]  ANTENNA__4014__A0
[INFO DPL-0035]  ANTENNA__4014__A0
[INFO DPL-0035]  ANTENNA__6312__S1
[INFO DPL-0035]  ANTENNA__4350__A1
[INFO DPL-0035]  ANTENNA__4350__A1
[INFO DPL-0035]  ANTENNA__7563__A0
[INFO DPL-0035]  ANTENNA__7563__A0
[INFO DPL-0035]  ANTENNA__7563__A0
[INFO DPL-0035]  ANTENNA__6837__A3
[INFO DPL-0035]  ANTENNA__6901__A2
[INFO DPL-0035]  ANTENNA__6102__S
[INFO DPL-0035]  ANTENNA__6102__S
[INFO DPL-0035]  ANTENNA__6102__S
[INFO DPL-0035]  ANTENNA__6102__S
[INFO DPL-0035]  ANTENNA__6102__S
[INFO DPL-0035]  ANTENNA__4541__A1
[INFO DPL-0035]  ANTENNA__5986__S
[INFO DPL-0035]  ANTENNA__5986__S
[INFO DPL-0035]  ANTENNA__5986__S
[INFO DPL-0035]  ANTENNA__8441__D
[INFO DPL-0035]  ANTENNA__7882__D
[INFO DPL-0035]  ANTENNA__7882__D
[INFO DPL-0035]  ANTENNA__6312__A0
[INFO DPL-0035]  ANTENNA_output46_A
[INFO DPL-0035]  ANTENNA_output46_A
[INFO DPL-0035]  ANTENNA__6837__A2
[INFO DPL-0035]  ANTENNA__6751__S1
[INFO DPL-0035]  ANTENNA__6751__S1
[INFO DPL-0035]  ANTENNA__6751__S1
[INFO DPL-0035]  ANTENNA__6891__A1
[INFO DPL-0035]  ANTENNA__6891__A1
[INFO DPL-0035]  ANTENNA__6901__A0
[INFO DPL-0035]  ANTENNA__6102__A0
[INFO DPL-0035]  ANTENNA__6102__A0
[INFO DPL-0035]  ANTENNA__7405__S
[INFO DPL-0035]  ANTENNA__7405__S
[INFO DPL-0035]  ANTENNA__5812__A
[INFO DPL-0035]  ANTENNA__5800__A3
[INFO DPL-0035]  ANTENNA__4767__A0
[INFO DPL-0035]  ANTENNA__4767__A0
[INFO DPL-0035]  ANTENNA__4350__A0
[INFO DPL-0035]  ANTENNA__4350__A0
[INFO DPL-0035]  ANTENNA__8595__D
[INFO DPL-0035]  ANTENNA__8595__D
[INFO DPL-0035]  ANTENNA__8501__D
[INFO DPL-0035]  ANTENNA__8501__D
[INFO DPL-0035]  ANTENNA__6837__A1
[INFO DPL-0035]  ANTENNA__7037__A0
[INFO DPL-0035]  ANTENNA__7454__A1
[INFO DPL-0035]  ANTENNA__7454__A1
[INFO DPL-0035]  ANTENNA__7454__A1
[INFO DPL-0035]  ANTENNA__6751__S0
[INFO DPL-0035]  ANTENNA__5822__A
[INFO DPL-0035]  ANTENNA__6820__A3
[INFO DPL-0035]  ANTENNA__6820__A3
[INFO DPL-0035]  ANTENNA__7805__A
[INFO DPL-0035]  ANTENNA__4541__A0
[INFO DPL-0035]  ANTENNA__4541__A0
[INFO DPL-0035]  ANTENNA__7405__A0
[INFO DPL-0035]  ANTENNA__5784__A3
[INFO DPL-0035]  ANTENNA__5784__A3
[INFO DPL-0035]  ANTENNA__5784__A3
[INFO DPL-0035]  ANTENNA__6531__A1
[INFO DPL-0035]  ANTENNA__6531__A1
[INFO DPL-0035]  ANTENNA__5571__A
[INFO DPL-0035]  ANTENNA__6146__S0
[INFO DPL-0035]  ANTENNA__6596__A
[INFO DPL-0035]  ANTENNA__6733__A3
[INFO DPL-0035]  ANTENNA__7454__S
[INFO DPL-0035]  ANTENNA__6820__A2
[INFO DPL-0035]  ANTENNA__6973__S1
[INFO DPL-0035]  ANTENNA__8177__D
[INFO DPL-0035]  ANTENNA__7469__A1
[INFO DPL-0035]  ANTENNA__6047__A2
[INFO DPL-0035]  ANTENNA__5784__A2
[INFO DPL-0035]  ANTENNA__7418__A1
[INFO DPL-0035]  ANTENNA__7418__A1
[INFO DPL-0035]  ANTENNA__6531__A0
[INFO DPL-0035]  ANTENNA__5868__A
[INFO DPL-0035]  ANTENNA_clkbuf_leaf_31_clk_A
[INFO DPL-0035]  ANTENNA__6523__A1
[INFO DPL-0035]  ANTENNA__4767__A1
[INFO DPL-0035]  ANTENNA__4767__A1
[INFO DPL-0035]  ANTENNA__8628__D
[INFO DPL-0035]  ANTENNA__8628__D
[INFO DPL-0035]  ANTENNA__7554__S
[INFO DPL-0035]  ANTENNA__7554__S
[INFO DPL-0035]  ANTENNA__7574__A
[INFO DPL-0035]  ANTENNA__6122__A
[INFO DPL-0035]  ANTENNA__6122__A
[INFO DPL-0035]  ANTENNA__6122__A
[INFO DPL-0035]  ANTENNA__7469__S
[INFO DPL-0035]  ANTENNA__5916__A2
[INFO DPL-0035]  ANTENNA__5784__A1
[INFO DPL-0035]  ANTENNA__4622__A0
[INFO DPL-0035]  ANTENNA__4970__A
[INFO DPL-0035]  ANTENNA__6427__B1
[INFO DPL-0035]  ANTENNA__6427__B1
[INFO DPL-0035]  ANTENNA__6427__B1
[INFO DPL-0035]  ANTENNA__6523__A0
[INFO DPL-0035]  ANTENNA__6523__A0
[INFO DPL-0035]  ANTENNA__6733__A1
[INFO DPL-0035]  ANTENNA_output16_A
[INFO DPL-0035]  ANTENNA__6640__A
[INFO DPL-0035]  ANTENNA__6837__S0
[INFO DPL-0035]  ANTENNA__6820__A0
[INFO DPL-0035]  ANTENNA__7892__D
[INFO DPL-0035]  ANTENNA__6047__A0
[INFO DPL-0035]  ANTENNA__7418__A0
[INFO DPL-0035]  ANTENNA__6531__A2
[INFO DPL-0035]  ANTENNA__4024__B
[INFO DPL-0035]  ANTENNA__4024__B
[INFO DPL-0035]  ANTENNA_output17_A
[INFO DPL-0035]  ANTENNA_output17_A
[INFO DPL-0035]  ANTENNA__6961__A0
[INFO DPL-0035]  ANTENNA__6946__S0
[INFO DPL-0035]  ANTENNA__6946__S0
[INFO DPL-0035]  ANTENNA_output45_A
[INFO DPL-0035]  ANTENNA__6531__S1
[INFO DPL-0035]  ANTENNA__6531__S1
[INFO DPL-0035]  ANTENNA__4622__S
[INFO DPL-0035]  ANTENNA_clkbuf_leaf_94_clk_A
[INFO DPL-0035]  ANTENNA_clkbuf_leaf_94_clk_A
[INFO DPL-0035]  ANTENNA__4867__A
[INFO DPL-0035]  ANTENNA__6733__S1
[INFO DPL-0035]  ANTENNA__4076__A
[INFO DPL-0035]  ANTENNA__8031__D
[INFO DPL-0035]  ANTENNA__8031__D
[INFO DPL-0035]  ANTENNA__8031__D
[INFO DPL-0035]  ANTENNA__8031__D
[INFO DPL-0035]  ANTENNA__8031__D
[INFO DPL-0035]  ANTENNA__8336__D
[INFO DPL-0035]  ANTENNA__4542__A
[INFO DPL-0035]  ANTENNA__4542__A
[INFO DPL-0035]  ANTENNA__6814__A1
[INFO DPL-0035]  ANTENNA__6814__A1
[INFO DPL-0035]  ANTENNA__6733__S0
[INFO DPL-0035]  ANTENNA__6733__S0
[INFO DPL-0035]  ANTENNA__4000__A
[INFO DPL-0035]  ANTENNA__4000__A
[INFO DPL-0035]  ANTENNA_clkbuf_leaf_97_clk_A
[INFO DPL-0035]  ANTENNA__5766__A
[INFO DPL-0035]  ANTENNA__5766__A
[INFO DPL-0035]  ANTENNA__7536__A0
[INFO DPL-0035]  ANTENNA__6814__A0
[INFO DPL-0035]  ANTENNA__6086__A3
[INFO DPL-0035]  ANTENNA__6211__A2
[INFO DPL-0035]  ANTENNA_output44_A
[INFO DPL-0035]  ANTENNA_output44_A
[INFO DPL-0035]  ANTENNA__6814__S
[INFO DPL-0035]  ANTENNA__6814__S
[INFO DPL-0035]  ANTENNA__7687__A0
[INFO DPL-0035]  ANTENNA__4554__A0
[INFO DPL-0035]  ANTENNA__4554__A0
[INFO DPL-0035]  ANTENNA__6181__A2
[INFO DPL-0035]  ANTENNA__6181__A2
[INFO DPL-0035]  ANTENNA__6653__A0
[INFO DPL-0035]  ANTENNA__6211__A1
[INFO DPL-0035]  ANTENNA__6211__A1
[INFO DPL-0035]  ANTENNA__6322__A1
[INFO DPL-0035]  ANTENNA__7687__S
[INFO DPL-0035]  ANTENNA__8246__D
[INFO DPL-0035]  ANTENNA__8246__D
[INFO DPL-0035]  ANTENNA__6181__A1
[INFO DPL-0035]  ANTENNA__7980__D
[INFO DPL-0035]  ANTENNA__7980__D
[INFO DPL-0035]  ANTENNA__6653__S
[INFO DPL-0035]  ANTENNA__5374__A1
[INFO DPL-0035]  ANTENNA__5374__A1
[INFO DPL-0035]  ANTENNA__5374__A1
[INFO DPL-0035]  ANTENNA__6825__A_N
[INFO DPL-0035]  ANTENNA__6211__A0
[INFO DPL-0035]  ANTENNA__6699__B
[INFO DPL-0035]  ANTENNA__7904__D
[INFO DPL-0035]  ANTENNA__7904__D
[INFO DPL-0035]  ANTENNA__7325__A
[INFO DPL-0035]  ANTENNA__7325__A
[INFO DPL-0035]  ANTENNA__7789__A0
[INFO DPL-0035]  ANTENNA__6181__A0
[INFO DPL-0035]  ANTENNA__5374__S
[INFO DPL-0035]  ANTENNA__6091__A2
[INFO DPL-0035]  ANTENNA__6091__A2
[INFO DPL-0035]  ANTENNA__8428__D
[INFO DPL-0035]  ANTENNA__8428__D
[INFO DPL-0035]  ANTENNA__6074__A1
[INFO DPL-0035]  ANTENNA__6074__A1
[INFO DPL-0035]  ANTENNA__6074__A1
[INFO DPL-0035]  ANTENNA__7237__A1
[INFO DPL-0035]  ANTENNA__5335__A0
[INFO DPL-0035]  ANTENNA__8571__D
[INFO DPL-0035]  ANTENNA__7249__A
[INFO DPL-0035]  ANTENNA__7249__A
[INFO DPL-0035]  ANTENNA__6816__A2
[INFO DPL-0035]  ANTENNA__6816__A2
[INFO DPL-0035]  ANTENNA__5911__S
[INFO DPL-0035]  ANTENNA__5911__S
[INFO DPL-0035]  ANTENNA__7789__S
[INFO DPL-0035]  ANTENNA__6181__S1
[INFO DPL-0035]  ANTENNA__5374__A0
[INFO DPL-0035]  ANTENNA__5699__A
[INFO DPL-0035]  ANTENNA__5699__A
[INFO DPL-0035]  ANTENNA__5699__A
[INFO DPL-0035]  ANTENNA__6901__A1
[INFO DPL-0035]  ANTENNA__6901__A1
[INFO DPL-0035]  ANTENNA__7237__A0
[INFO DPL-0035]  ANTENNA__6211__S0
[INFO DPL-0035]  ANTENNA__6816__A1
[INFO DPL-0035]  ANTENNA__4432__A
[INFO DPL-0035]  ANTENNA__7789__A1
[INFO DPL-0035]  ANTENNA__7789__A1
[INFO DPL-0035]  ANTENNA__6181__S0
[INFO DPL-0035]  ANTENNA__6091__A0
[INFO DPL-0035]  ANTENNA__6091__A0
[INFO DPL-0035]  ANTENNA__5171__A1
[INFO DPL-0035]  ANTENNA__5171__A1
[INFO DPL-0035]  ANTENNA__6710__A1
[INFO DPL-0035]  ANTENNA__6978__A1
[INFO DPL-0035]  ANTENNA__5333__A0
[INFO DPL-0035]  ANTENNA__3915__A
[INFO DPL-0035]  ANTENNA__4222__A
[INFO DPL-0035]  ANTENNA__4222__A
[INFO DPL-0035]  ANTENNA__5857__A1
[INFO DPL-0035]  ANTENNA__5857__A1
[INFO DPL-0035]  ANTENNA__6578__A2
[INFO DPL-0035]  ANTENNA__5869__A3
[INFO DPL-0035]  ANTENNA__6091__S0
[INFO DPL-0035]  ANTENNA__6710__A0
[INFO DPL-0035]  ANTENNA__6710__A0
[INFO DPL-0035]  ANTENNA__5835__B2
[INFO DPL-0035]  ANTENNA__5835__B2
[INFO DPL-0035]  ANTENNA__6978__A0
[INFO DPL-0035]  ANTENNA__6978__A0
[INFO DPL-0035]  ANTENNA__5333__S
[INFO DPL-0035]  ANTENNA__5333__S
[INFO DPL-0035]  ANTENNA__4554__A1
[INFO DPL-0035]  ANTENNA__4472__A0
[INFO DPL-0035]  ANTENNA__3974__A1
[INFO DPL-0035]  ANTENNA__6986__A1
[INFO DPL-0035]  ANTENNA__6117__A2
[INFO DPL-0035]  ANTENNA__6117__A2
[INFO DPL-0035]  ANTENNA__5171__A0
[INFO DPL-0035]  ANTENNA__5171__A0
[INFO DPL-0035]  ANTENNA__5171__A0
[INFO DPL-0035]  ANTENNA__5171__A0
[INFO DPL-0035]  ANTENNA__6710__S1
[INFO DPL-0035]  ANTENNA__6411__A
[INFO DPL-0035]  ANTENNA__6411__A
[INFO DPL-0035]  ANTENNA__5784__S0
[INFO DPL-0035]  ANTENNA__8241__D
[INFO DPL-0035]  ANTENNA__4776__A0
[INFO DPL-0035]  ANTENNA__6365__A
[INFO DPL-0035]  ANTENNA__4415__S
[INFO DPL-0035]  ANTENNA__6816__S0
[INFO DPL-0035]  ANTENNA__3974__S
[INFO DPL-0035]  ANTENNA__6986__A0
[INFO DPL-0035]  ANTENNA__3982__A
[INFO DPL-0035]  ANTENNA__5869__A0
[INFO DPL-0035]  ANTENNA__5869__A0
[INFO DPL-0035]  ANTENNA__5869__A0
[INFO DPL-0035]  ANTENNA__5835__A2
[INFO DPL-0035]  ANTENNA__5835__A2
[INFO DPL-0035]  ANTENNA__5664__A0
[INFO DPL-0035]  ANTENNA__6681__A2
[INFO DPL-0035]  ANTENNA__4776__A1
[INFO DPL-0035]  ANTENNA__3974__A0
[INFO DPL-0035]  ANTENNA__6117__A0
[INFO DPL-0035]  ANTENNA__6117__A0
[INFO DPL-0035]  ANTENNA__5959__B2
[INFO DPL-0035]  ANTENNA__4217__S
[INFO DPL-0035]  ANTENNA__7022__S
[INFO DPL-0035]  ANTENNA__5356__S
[INFO DPL-0035]  ANTENNA__5664__S
[INFO DPL-0035]  ANTENNA__5664__S
[INFO DPL-0035]  ANTENNA__6681__A1
[INFO DPL-0035]  ANTENNA__6681__A1
[INFO DPL-0035]  ANTENNA__7002__A1
[INFO DPL-0035]  ANTENNA__6322__S
[INFO DPL-0035]  ANTENNA__6322__S
[INFO DPL-0035]  ANTENNA__6521__A3
[INFO DPL-0035]  ANTENNA__7237__S
[INFO DPL-0035]  ANTENNA__5869__S0
[INFO DPL-0035]  ANTENNA__6117__S1
[INFO DPL-0035]  ANTENNA__5959__B1
[INFO DPL-0035]  ANTENNA__5959__B1
[INFO DPL-0035]  ANTENNA__6801__A3
[INFO DPL-0035]  ANTENNA__6801__A3
[INFO DPL-0035]  ANTENNA__4217__A1
[INFO DPL-0035]  ANTENNA__4144__A0
[INFO DPL-0035]  ANTENNA__5664__A1
[INFO DPL-0035]  ANTENNA__7002__A0
[INFO DPL-0035]  ANTENNA__7002__A0
[INFO DPL-0035]  ANTENNA__8349__D
[INFO DPL-0035]  ANTENNA__8349__D
[INFO DPL-0035]  ANTENNA__8349__D
[INFO DPL-0035]  ANTENNA__7903__D
[INFO DPL-0035]  ANTENNA__6521__A2
[INFO DPL-0035]  ANTENNA__7085__A0
[INFO DPL-0035]  ANTENNA__5772__A3
[INFO DPL-0035]  ANTENNA__6949__A_N
[INFO DPL-0035]  ANTENNA__6117__S0
[INFO DPL-0035]  ANTENNA__6117__S0
[INFO DPL-0035]  ANTENNA__4445__A
[INFO DPL-0035]  ANTENNA__5959__A2
[INFO DPL-0035]  ANTENNA__5959__A2
[INFO DPL-0035]  ANTENNA__6801__A2
[INFO DPL-0035]  ANTENNA__4144__S
[INFO DPL-0035]  ANTENNA__5111__A
[INFO DPL-0035]  ANTENNA__5111__A
[INFO DPL-0035]  ANTENNA__7002__S
[INFO DPL-0035]  ANTENNA__7002__S
[INFO DPL-0035]  ANTENNA__6521__A0
[INFO DPL-0035]  ANTENNA__5414__A
[INFO DPL-0035]  ANTENNA__6925__A0
[INFO DPL-0035]  ANTENNA__7243__A
[INFO DPL-0035]  ANTENNA__5309__A
[INFO DPL-0035]  ANTENNA__5309__A
[INFO DPL-0035]  ANTENNA__5772__A2
[INFO DPL-0035]  ANTENNA__5772__A2
[INFO DPL-0035]  ANTENNA__5959__A1
[INFO DPL-0035]  ANTENNA__5959__A1
[INFO DPL-0035]  ANTENNA__6801__A1
[INFO DPL-0035]  ANTENNA__6801__A1
[INFO DPL-0035]  ANTENNA__6194__A1
[INFO DPL-0035]  ANTENNA__6194__A1
[INFO DPL-0035]  ANTENNA__5133__A
[INFO DPL-0035]  ANTENNA__6681__S0
[INFO DPL-0035]  ANTENNA__7085__S
[INFO DPL-0035]  ANTENNA__5746__A
[INFO DPL-0035]  ANTENNA__5746__A
[INFO DPL-0035]  ANTENNA__5772__A1
[INFO DPL-0035]  ANTENNA__4480__A
[INFO DPL-0035]  ANTENNA__6521__S0
[INFO DPL-0035]  ANTENNA__6521__S0
[INFO DPL-0035]  ANTENNA__7050__A1
[INFO DPL-0035]  ANTENNA__7050__A1
[INFO DPL-0035]  ANTENNA__7050__A1
[INFO DPL-0035]  ANTENNA__6815__A3
[INFO DPL-0035]  ANTENNA__6815__A3
[INFO DPL-0035]  ANTENNA__6815__A3
[INFO DPL-0035]  ANTENNA__4472__S
[INFO DPL-0035]  ANTENNA__4472__S
[INFO DPL-0035]  ANTENNA__5493__A
[INFO DPL-0035]  ANTENNA__5772__A0
[INFO DPL-0035]  ANTENNA__5772__A0
[INFO DPL-0035]  ANTENNA__5772__A0
[INFO DPL-0035]  ANTENNA__5845__A2
[INFO DPL-0035]  ANTENNA__6801__S1
[INFO DPL-0035]  ANTENNA__6194__A3
[INFO DPL-0035]  ANTENNA__6194__A3
[INFO DPL-0035]  ANTENNA__7414__S
[INFO DPL-0035]  ANTENNA__5138__A1
[INFO DPL-0035]  ANTENNA__5138__A1
[INFO DPL-0035] message limit reached, this message will no longer print
[ERROR DPL-0036] Detailed placement failed.
Error: dpl.tcl, 18 DPL-0036
