[INFO]: Run Directory: /openlane/designs/TopModule/runs/RUN_2025.06.09_18.05.59
[WARNING]: DIODE_INSERTION_STRATEGY is now deprecated; use GRT_REPAIR_ANTENNAS, DIODE_ON_PORTS and RUN_HEURISTIC_DIODE_INSERTION instead.
[INFO]: DIODE_INSERTION_STRATEGY set to 3. Setting GRT_REPAIR_ANTENNAS to 1
[INFO]: Saving runtime environment...
[INFO]: Preparing LEF files for the nom corner...
[INFO]: Preparing LEF files for the min corner...
[INFO]: Preparing LEF files for the max corner...
[INFO]: Running linter (Verilator) (log: designs/TopModule/runs/RUN_2025.06.09_18.05.59/logs/synthesis/linter.log)...
[INFO]: 0 errors found by linter
[WARNING]: 5 warnings found by linter
[INFO]: Running Synthesis (log: designs/TopModule/runs/RUN_2025.06.09_18.05.59/logs/synthesis/1-synthesis.log)...
[INFO]: Running Single-Corner Static Timing Analysis (log: designs/TopModule/runs/RUN_2025.06.09_18.05.59/logs/synthesis/2-sta.log)...
[INFO]: Running Initial Floorplanning (log: designs/TopModule/runs/RUN_2025.06.09_18.05.59/logs/floorplan/3-initial_fp.log)...
[INFO]: Floorplanned with width 216.2 and height 214.88.
[INFO]: Running IO Placement (log: designs/TopModule/runs/RUN_2025.06.09_18.05.59/logs/floorplan/4-place_io.log)...
[INFO]: Running Tap/Decap Insertion (log: designs/TopModule/runs/RUN_2025.06.09_18.05.59/logs/floorplan/5-tap.log)...
[INFO]: Power planning with power {VPWR} and ground {VGND}...
[INFO]: Generating PDN (log: designs/TopModule/runs/RUN_2025.06.09_18.05.59/logs/floorplan/6-pdn.log)...
[INFO]: Performing Random Global Placement (log: designs/TopModule/runs/RUN_2025.06.09_18.05.59/logs/placement/7-global.log)...
[INFO]: Running Placement Resizer Design Optimizations (log: designs/TopModule/runs/RUN_2025.06.09_18.05.59/logs/placement/8-resizer.log)...
[INFO]: Running Detailed Placement (log: designs/TopModule/runs/RUN_2025.06.09_18.05.59/logs/placement/9-detailed.log)...
[INFO]: Running Single-Corner Static Timing Analysis (log: designs/TopModule/runs/RUN_2025.06.09_18.05.59/logs/placement/10-dpl_sta.log)...
[INFO]: Running Clock Tree Synthesis (log: designs/TopModule/runs/RUN_2025.06.09_18.05.59/logs/cts/11-cts.log)...
[INFO]: Running Single-Corner Static Timing Analysis (log: designs/TopModule/runs/RUN_2025.06.09_18.05.59/logs/cts/12-cts_sta.log)...
[INFO]: Running Placement Resizer Timing Optimizations (log: designs/TopModule/runs/RUN_2025.06.09_18.05.59/logs/cts/13-resizer.log)...
[INFO]: Running Global Routing Resizer Design Optimizations (log: designs/TopModule/runs/RUN_2025.06.09_18.05.59/logs/routing/14-resizer_design.log)...
[INFO]: Running Single-Corner Static Timing Analysis (log: designs/TopModule/runs/RUN_2025.06.09_18.05.59/logs/routing/15-rsz_design_sta.log)...
[INFO]: Running Global Routing Resizer Timing Optimizations (log: designs/TopModule/runs/RUN_2025.06.09_18.05.59/logs/routing/16-resizer_timing.log)...
[INFO]: Running Single-Corner Static Timing Analysis (log: designs/TopModule/runs/RUN_2025.06.09_18.05.59/logs/routing/17-rsz_timing_sta.log)...
[INFO]: Running Heuristic Diode Insertion (log: designs/TopModule/runs/RUN_2025.06.09_18.05.59/logs/routing/18-diodes.log)...
[INFO]: Running Detailed Placement (log: designs/TopModule/runs/RUN_2025.06.09_18.05.59/logs/routing/19-diode_legalization.log)...
[INFO]: Running Global Routing (log: designs/TopModule/runs/RUN_2025.06.09_18.05.59/logs/routing/20-global.log)...
[INFO]: Starting antenna repair iteration 1 with 23 violations...
[INFO]: [Iteration 1] Failed to reduce antenna violations (23 -> 24), stopping iterations...
[INFO]: Writing Verilog (log: designs/TopModule/runs/RUN_2025.06.09_18.05.59/logs/routing/20-global_write_netlist.log)...
[INFO]: Running Single-Corner Static Timing Analysis (log: designs/TopModule/runs/RUN_2025.06.09_18.05.59/logs/routing/22-grt_sta.log)...
[INFO]: Running Fill Insertion (log: designs/TopModule/runs/RUN_2025.06.09_18.05.59/logs/routing/23-fill.log)...
[INFO]: Running Detailed Routing (log: designs/TopModule/runs/RUN_2025.06.09_18.05.59/logs/routing/24-detailed.log)...
