
===========================================================================
report_checks -unconstrained
===========================================================================
======================= Fastest Corner ===================================

Startpoint: _330_ (rising edge-triggered flip-flop clocked by core_clock)
Endpoint: _341_ (rising edge-triggered flip-flop clocked by core_clock)
Path Group: core_clock
Path Type: max
Corner: Fastest

Fanout     Cap    Slew   Delay    Time   Description
-----------------------------------------------------------------------------
                          0.00    0.00   clock core_clock (rise edge)
                          0.00    0.00   clock source latency
     2    0.06    0.00    0.00    0.00 ^ clk (in)
                                         clk (net)
                  0.01    0.00    0.00 ^ clkbuf_0_clk/A (sky130_fd_sc_hd__clkbuf_16)
     4    0.12    0.10    0.13    0.13 ^ clkbuf_0_clk/X (sky130_fd_sc_hd__clkbuf_16)
                                         clknet_0_clk (net)
                  0.10    0.01    0.14 ^ clkbuf_2_0__f_clk/A (sky130_fd_sc_hd__clkbuf_16)
     9    0.09    0.08    0.14    0.28 ^ clkbuf_2_0__f_clk/X (sky130_fd_sc_hd__clkbuf_16)
                                         clknet_2_0__leaf_clk (net)
                  0.09    0.01    0.29 ^ _330_/CLK (sky130_fd_sc_hd__dfrtp_4)
     7    0.20    0.22    0.46    0.75 v _330_/Q (sky130_fd_sc_hd__dfrtp_4)
                                         one_second_counter[0] (net)
                  0.23    0.03    0.78 v _177_/D (sky130_fd_sc_hd__and4_4)
     9    0.21    0.20    0.32    1.10 v _177_/X (sky130_fd_sc_hd__and4_4)
                                         _075_ (net)
                  0.22    0.06    1.15 v _179_/A (sky130_fd_sc_hd__and2_4)
     6    0.14    0.13    0.25    1.40 v _179_/X (sky130_fd_sc_hd__and2_4)
                                         _077_ (net)
                  0.13    0.02    1.42 v _184_/A2 (sky130_fd_sc_hd__o31a_2)
     1    0.04    0.10    0.30    1.73 v _184_/X (sky130_fd_sc_hd__o31a_2)
                                         _082_ (net)
                  0.10    0.01    1.74 v _186_/A2 (sky130_fd_sc_hd__o211ai_4)
     2    0.08    0.46    0.38    2.11 ^ _186_/Y (sky130_fd_sc_hd__o211ai_4)
                                         _084_ (net)
                  0.46    0.02    2.14 ^ _187_/A2 (sky130_fd_sc_hd__a21bo_4)
    12    0.20    0.48    0.38    2.51 ^ _187_/X (sky130_fd_sc_hd__a21bo_4)
                                         _085_ (net)
                  0.49    0.03    2.54 ^ _188_/A (sky130_fd_sc_hd__inv_4)
     2    0.10    0.17    0.12    2.66 v _188_/Y (sky130_fd_sc_hd__inv_4)
                                         _086_ (net)
                  0.19    0.03    2.69 v _189_/A (sky130_fd_sc_hd__buf_12)
    10    0.24    0.09    0.18    2.87 v _189_/X (sky130_fd_sc_hd__buf_12)
                                         _027_ (net)
                  0.12    0.04    2.91 v _229_/A (sky130_fd_sc_hd__nor3_4)
     1    0.06    0.46    0.41    3.33 ^ _229_/Y (sky130_fd_sc_hd__nor3_4)
                                         _002_ (net)
                  0.46    0.02    3.34 ^ _341_/D (sky130_fd_sc_hd__dfrtp_4)
                                  3.34   data arrival time

                         10.00   10.00   clock core_clock (rise edge)
                          0.00   10.00   clock source latency
     2    0.06    0.00    0.00   10.00 ^ clk (in)
                                         clk (net)
                  0.01    0.00   10.00 ^ clkbuf_0_clk/A (sky130_fd_sc_hd__clkbuf_16)
     4    0.12    0.10    0.13   10.13 ^ clkbuf_0_clk/X (sky130_fd_sc_hd__clkbuf_16)
                                         clknet_0_clk (net)
                  0.10    0.01   10.14 ^ clkbuf_2_0__f_clk/A (sky130_fd_sc_hd__clkbuf_16)
     9    0.09    0.08    0.14   10.28 ^ clkbuf_2_0__f_clk/X (sky130_fd_sc_hd__clkbuf_16)
                                         clknet_2_0__leaf_clk (net)
                  0.09    0.01   10.29 ^ _341_/CLK (sky130_fd_sc_hd__dfrtp_4)
                          0.00   10.29   clock reconvergence pessimism
                         -0.08   10.21   library setup time
                                 10.21   data required time
-----------------------------------------------------------------------------
                                 10.21   data required time
                                 -3.34   data arrival time
-----------------------------------------------------------------------------
                                  6.87   slack (MET)



======================= Slowest Corner ===================================

Startpoint: _330_ (rising edge-triggered flip-flop clocked by core_clock)
Endpoint: _345_ (rising edge-triggered flip-flop clocked by core_clock)
Path Group: core_clock
Path Type: max
Corner: Slowest

Fanout     Cap    Slew   Delay    Time   Description
-----------------------------------------------------------------------------
                          0.00    0.00   clock core_clock (rise edge)
                          0.00    0.00   clock source latency
     2    0.06    0.00    0.00    0.00 ^ clk (in)
                                         clk (net)
                  0.01    0.00    0.00 ^ clkbuf_0_clk/A (sky130_fd_sc_hd__clkbuf_16)
     4    0.12    0.20    0.30    0.31 ^ clkbuf_0_clk/X (sky130_fd_sc_hd__clkbuf_16)
                                         clknet_0_clk (net)
                  0.20    0.01    0.31 ^ clkbuf_2_0__f_clk/A (sky130_fd_sc_hd__clkbuf_16)
     9    0.09    0.17    0.36    0.68 ^ clkbuf_2_0__f_clk/X (sky130_fd_sc_hd__clkbuf_16)
                                         clknet_2_0__leaf_clk (net)
                  0.17    0.01    0.69 ^ _330_/CLK (sky130_fd_sc_hd__dfrtp_4)
     7    0.20    0.90    1.49    2.17 ^ _330_/Q (sky130_fd_sc_hd__dfrtp_4)
                                         one_second_counter[0] (net)
                  0.90    0.03    2.21 ^ _177_/D (sky130_fd_sc_hd__and4_4)
     9    0.21    0.98    1.43    3.64 ^ _177_/X (sky130_fd_sc_hd__and4_4)
                                         _075_ (net)
                  0.98    0.03    3.67 ^ _221_/C (sky130_fd_sc_hd__and4_4)
     7    0.11    0.54    1.17    4.83 ^ _221_/X (sky130_fd_sc_hd__and4_4)
                                         _109_ (net)
                  0.54    0.03    4.86 ^ _228_/C (sky130_fd_sc_hd__and3_4)
     5    0.17    0.79    1.10    5.96 ^ _228_/X (sky130_fd_sc_hd__and3_4)
                                         _114_ (net)
                  0.79    0.03    5.99 ^ _235_/C (sky130_fd_sc_hd__nand3_4)
     4    0.17    1.14    1.12    7.11 v _235_/Y (sky130_fd_sc_hd__nand3_4)
                                         _119_ (net)
                  1.15    0.04    7.15 v _240_/B (sky130_fd_sc_hd__or2_4)
     2    0.12    0.32    1.11    8.25 v _240_/X (sky130_fd_sc_hd__or2_4)
                                         _123_ (net)
                  0.33    0.05    8.30 v _246_/A2 (sky130_fd_sc_hd__a211oi_4)
     2    0.05    1.01    1.07    9.37 ^ _246_/Y (sky130_fd_sc_hd__a211oi_4)
                                         _006_ (net)
                  1.01    0.02    9.39 ^ _345_/D (sky130_fd_sc_hd__dfrtp_4)
                                  9.39   data arrival time

                         10.00   10.00   clock core_clock (rise edge)
                          0.00   10.00   clock source latency
     2    0.06    0.00    0.00   10.00 ^ clk (in)
                                         clk (net)
                  0.01    0.00   10.00 ^ clkbuf_0_clk/A (sky130_fd_sc_hd__clkbuf_16)
     4    0.12    0.20    0.30   10.31 ^ clkbuf_0_clk/X (sky130_fd_sc_hd__clkbuf_16)
                                         clknet_0_clk (net)
                  0.20    0.01   10.31 ^ clkbuf_2_1__f_clk/A (sky130_fd_sc_hd__clkbuf_16)
     8    0.10    0.17    0.37   10.68 ^ clkbuf_2_1__f_clk/X (sky130_fd_sc_hd__clkbuf_16)
                                         clknet_2_1__leaf_clk (net)
                  0.17    0.01   10.69 ^ _345_/CLK (sky130_fd_sc_hd__dfrtp_4)
                          0.00   10.69   clock reconvergence pessimism
                         -0.35   10.33   library setup time
                                 10.33   data required time
-----------------------------------------------------------------------------
                                 10.33   data required time
                                 -9.39   data arrival time
-----------------------------------------------------------------------------
                                  0.95   slack (MET)



======================= Typical Corner ===================================

Startpoint: _330_ (rising edge-triggered flip-flop clocked by core_clock)
Endpoint: _341_ (rising edge-triggered flip-flop clocked by core_clock)
Path Group: core_clock
Path Type: max
Corner: Typical

Fanout     Cap    Slew   Delay    Time   Description
-----------------------------------------------------------------------------
                          0.00    0.00   clock core_clock (rise edge)
                          0.00    0.00   clock source latency
     2    0.06    0.00    0.00    0.00 ^ clk (in)
                                         clk (net)
                  0.01    0.00    0.00 ^ clkbuf_0_clk/A (sky130_fd_sc_hd__clkbuf_16)
     4    0.12    0.13    0.18    0.18 ^ clkbuf_0_clk/X (sky130_fd_sc_hd__clkbuf_16)
                                         clknet_0_clk (net)
                  0.13    0.01    0.19 ^ clkbuf_2_0__f_clk/A (sky130_fd_sc_hd__clkbuf_16)
     9    0.09    0.11    0.21    0.40 ^ clkbuf_2_0__f_clk/X (sky130_fd_sc_hd__clkbuf_16)
                                         clknet_2_0__leaf_clk (net)
                  0.11    0.01    0.41 ^ _330_/CLK (sky130_fd_sc_hd__dfrtp_4)
     7    0.20    0.29    0.72    1.13 v _330_/Q (sky130_fd_sc_hd__dfrtp_4)
                                         one_second_counter[0] (net)
                  0.29    0.03    1.16 v _177_/D (sky130_fd_sc_hd__and4_4)
     9    0.21    0.26    0.47    1.63 v _177_/X (sky130_fd_sc_hd__and4_4)
                                         _075_ (net)
                  0.28    0.06    1.69 v _179_/A (sky130_fd_sc_hd__and2_4)
     6    0.14    0.18    0.36    2.05 v _179_/X (sky130_fd_sc_hd__and2_4)
                                         _077_ (net)
                  0.18    0.02    2.07 v _184_/A2 (sky130_fd_sc_hd__o31a_2)
     1    0.04    0.14    0.48    2.55 v _184_/X (sky130_fd_sc_hd__o31a_2)
                                         _082_ (net)
                  0.14    0.01    2.56 v _186_/A2 (sky130_fd_sc_hd__o211ai_4)
     2    0.08    0.62    0.53    3.09 ^ _186_/Y (sky130_fd_sc_hd__o211ai_4)
                                         _084_ (net)
                  0.62    0.02    3.12 ^ _187_/A2 (sky130_fd_sc_hd__a21bo_4)
    12    0.20    0.62    0.60    3.72 ^ _187_/X (sky130_fd_sc_hd__a21bo_4)
                                         _085_ (net)
                  0.63    0.03    3.74 ^ _188_/A (sky130_fd_sc_hd__inv_4)
     2    0.10    0.23    0.24    3.99 v _188_/Y (sky130_fd_sc_hd__inv_4)
                                         _086_ (net)
                  0.24    0.03    4.02 v _189_/A (sky130_fd_sc_hd__buf_12)
    10    0.24    0.12    0.27    4.29 v _189_/X (sky130_fd_sc_hd__buf_12)
                                         _027_ (net)
                  0.14    0.04    4.33 v _229_/A (sky130_fd_sc_hd__nor3_4)
     1    0.06    0.64    0.59    4.92 ^ _229_/Y (sky130_fd_sc_hd__nor3_4)
                                         _002_ (net)
                  0.64    0.02    4.94 ^ _341_/D (sky130_fd_sc_hd__dfrtp_4)
                                  4.94   data arrival time

                         10.00   10.00   clock core_clock (rise edge)
                          0.00   10.00   clock source latency
     2    0.06    0.00    0.00   10.00 ^ clk (in)
                                         clk (net)
                  0.01    0.00   10.00 ^ clkbuf_0_clk/A (sky130_fd_sc_hd__clkbuf_16)
     4    0.12    0.13    0.18   10.18 ^ clkbuf_0_clk/X (sky130_fd_sc_hd__clkbuf_16)
                                         clknet_0_clk (net)
                  0.13    0.01   10.19 ^ clkbuf_2_0__f_clk/A (sky130_fd_sc_hd__clkbuf_16)
     9    0.09    0.11    0.21   10.40 ^ clkbuf_2_0__f_clk/X (sky130_fd_sc_hd__clkbuf_16)
                                         clknet_2_0__leaf_clk (net)
                  0.11    0.01   10.41 ^ _341_/CLK (sky130_fd_sc_hd__dfrtp_4)
                          0.00   10.41   clock reconvergence pessimism
                         -0.17   10.24   library setup time
                                 10.24   data required time
-----------------------------------------------------------------------------
                                 10.24   data required time
                                 -4.94   data arrival time
-----------------------------------------------------------------------------
                                  5.30   slack (MET)




===========================================================================
report_checks --slack_max -0.01
============================================================================
======================= Fastest Corner ===================================

No paths found.

======================= Slowest Corner ===================================

No paths found.

======================= Typical Corner ===================================

No paths found.


===========================================================================
 report_check_types -max_slew -max_cap -max_fanout -violators
============================================================================
======================= Fastest Corner ===================================


max slew violations count Fastest: 0
max fanout violations count Fastest: 0
max cap violations count Fastest: 0
======================= Slowest Corner ===================================


max slew violations count Slowest: 0
max fanout violations count Slowest: 0
max cap violations count Slowest: 0
======================= Typical Corner ===================================


max slew violations count Typical: 0
max fanout violations count Typical: 0
max cap violations count Typical: 0

===========================================================================
report_parasitic_annotation -report_unannotated
============================================================================
Found 11 unannotated drivers.
 clkload0/Y
 clkload1/X
 clkload2/X
 project3_10/LO
 project3_11/LO
 project3_12/LO
 project3_13/LO
 project3_14/LO
 project3_15/LO
 project3_16/LO
 project3_9/HI
Found 0 partially unannotated drivers.

===========================================================================
max slew violation count 0
max fanout violation count 0
max cap violation count 0
============================================================================

===========================================================================
check_setup -verbose -unconstrained_endpoints -multiple_clock -no_clock -no_input_delay -loops -generated_clocks
===========================================================================
Warning: There is 1 input port missing set_input_delay.
  rst
Warning: There are 15 unconstrained endpoints.
  an[0]
  an[1]
  an[2]
  an[3]
  an[4]
  an[5]
  an[6]
  an[7]
  seg[0]
  seg[1]
  seg[2]
  seg[3]
  seg[4]
  seg[5]
  seg[6]
