
63. Printing statistics.

=== TopModule ===

   Number of wires:               1493
   Number of wire bits:           1533
   Number of public wires:         172
   Number of public wire bits:     212
   Number of memories:               0
   Number of memory bits:            0
   Number of processes:              0
   Number of cells:               1530
     sky130_fd_sc_hd__a2111o_2       2
     sky130_fd_sc_hd__a2111oi_2      1
     sky130_fd_sc_hd__a211o_2       12
     sky130_fd_sc_hd__a211oi_2       6
     sky130_fd_sc_hd__a21bo_2       18
     sky130_fd_sc_hd__a21boi_2       4
     sky130_fd_sc_hd__a21o_2        63
     sky130_fd_sc_hd__a21oi_2       28
     sky130_fd_sc_hd__a221o_2        2
     sky130_fd_sc_hd__a22o_2        12
     sky130_fd_sc_hd__a311o_2        2
     sky130_fd_sc_hd__a31o_2        24
     sky130_fd_sc_hd__a31oi_2        3
     sky130_fd_sc_hd__a32o_2         3
     sky130_fd_sc_hd__a41o_2         1
     sky130_fd_sc_hd__and2_2        34
     sky130_fd_sc_hd__and2b_2        2
     sky130_fd_sc_hd__and3_2        45
     sky130_fd_sc_hd__and3b_2        2
     sky130_fd_sc_hd__and4_2         2
     sky130_fd_sc_hd__and4bb_2       1
     sky130_fd_sc_hd__buf_1        390
     sky130_fd_sc_hd__dfrtp_2        4
     sky130_fd_sc_hd__dfxtp_2      173
     sky130_fd_sc_hd__inv_2         22
     sky130_fd_sc_hd__mux2_2       207
     sky130_fd_sc_hd__mux4_2         3
     sky130_fd_sc_hd__nand2_2      105
     sky130_fd_sc_hd__nand3_2        1
     sky130_fd_sc_hd__nand3b_2       1
     sky130_fd_sc_hd__nor2_2        50
     sky130_fd_sc_hd__nor3_2         4
     sky130_fd_sc_hd__nor4_2         1
     sky130_fd_sc_hd__nor4b_2        1
     sky130_fd_sc_hd__o211a_2        6
     sky130_fd_sc_hd__o211ai_2       1
     sky130_fd_sc_hd__o21a_2        55
     sky130_fd_sc_hd__o21ai_2       31
     sky130_fd_sc_hd__o21ba_2        4
     sky130_fd_sc_hd__o21bai_2       1
     sky130_fd_sc_hd__o221a_2        2
     sky130_fd_sc_hd__o22a_2         4
     sky130_fd_sc_hd__o22ai_2        1
     sky130_fd_sc_hd__o2bb2a_2       2
     sky130_fd_sc_hd__o311ai_2       1
     sky130_fd_sc_hd__o31a_2        33
     sky130_fd_sc_hd__o31ai_2        4
     sky130_fd_sc_hd__or2_2         36
     sky130_fd_sc_hd__or2b_2         2
     sky130_fd_sc_hd__or3_2         56
     sky130_fd_sc_hd__or3b_2         5
     sky130_fd_sc_hd__or4_2         16
     sky130_fd_sc_hd__or4bb_2        1
     sky130_fd_sc_hd__xnor2_2       22
     sky130_fd_sc_hd__xor2_2        18

   Chip area for module '\TopModule': 14048.473600

