
===========================================================================
report_checks -unconstrained
===========================================================================
======================= Typical Corner ===================================

Startpoint: _7988_ (rising edge-triggered flip-flop clocked by core_clock)
Endpoint: _7988_ (rising edge-triggered flip-flop clocked by core_clock)
Path Group: core_clock
Path Type: max

Fanout     Cap    Slew   Delay    Time   Description
-----------------------------------------------------------------------------
                          0.00    0.00   clock core_clock (rise edge)
                          0.00    0.00   clock source latency
     1    0.01    0.00    0.00    0.00 ^ clk (in)
                                         clk (net)
                  0.00    0.00    0.00 ^ clkbuf_0_clk/A (sky130_fd_sc_hd__clkbuf_16)
    16    0.07    0.09    0.15    0.15 ^ clkbuf_0_clk/X (sky130_fd_sc_hd__clkbuf_16)
                                         clknet_0_clk (net)
                  0.09    0.00    0.15 ^ clkbuf_4_15_0_clk/A (sky130_fd_sc_hd__clkbuf_8)
     8    0.04    0.08    0.17    0.32 ^ clkbuf_4_15_0_clk/X (sky130_fd_sc_hd__clkbuf_8)
                                         clknet_4_15_0_clk (net)
                  0.08    0.00    0.32 ^ clkbuf_leaf_61_clk/A (sky130_fd_sc_hd__clkbuf_8)
    14    0.04    0.08    0.17    0.48 ^ clkbuf_leaf_61_clk/X (sky130_fd_sc_hd__clkbuf_8)
                                         clknet_leaf_61_clk (net)
                  0.08    0.00    0.49 ^ _7988_/CLK (sky130_fd_sc_hd__dfxtp_4)
     3    0.06    0.05    0.37    0.85 v _7988_/Q (sky130_fd_sc_hd__dfxtp_4)
                                         registers[16][21] (net)
                  1.05    0.52    1.38 v _7554_/A0 (sky130_fd_sc_hd__mux2_2)
     1    0.03    0.09    0.67    2.05 v _7554_/X (sky130_fd_sc_hd__mux2_2)
                                         _2678_ (net)
                  0.41    0.20    2.25 v _7555_/A (sky130_fd_sc_hd__clkbuf_2)
     1    0.03    0.07    0.25    2.50 v _7555_/X (sky130_fd_sc_hd__clkbuf_2)
                                         _0164_ (net)
                  0.26    0.12    2.62 v _7988_/D (sky130_fd_sc_hd__dfxtp_4)
                                  2.62   data arrival time

                         10.00   10.00   clock core_clock (rise edge)
                          0.00   10.00   clock source latency
     1    0.01    0.00    0.00   10.00 ^ clk (in)
                                         clk (net)
                  0.00    0.00   10.00 ^ clkbuf_0_clk/A (sky130_fd_sc_hd__clkbuf_16)
    16    0.07    0.09    0.15   10.15 ^ clkbuf_0_clk/X (sky130_fd_sc_hd__clkbuf_16)
                                         clknet_0_clk (net)
                  0.09    0.00   10.15 ^ clkbuf_4_15_0_clk/A (sky130_fd_sc_hd__clkbuf_8)
     8    0.04    0.08    0.17   10.32 ^ clkbuf_4_15_0_clk/X (sky130_fd_sc_hd__clkbuf_8)
                                         clknet_4_15_0_clk (net)
                  0.08    0.00   10.32 ^ clkbuf_leaf_61_clk/A (sky130_fd_sc_hd__clkbuf_8)
    14    0.04    0.08    0.17   10.48 ^ clkbuf_leaf_61_clk/X (sky130_fd_sc_hd__clkbuf_8)
                                         clknet_leaf_61_clk (net)
                  0.08    0.00   10.49 ^ _7988_/CLK (sky130_fd_sc_hd__dfxtp_4)
                          0.00   10.49   clock reconvergence pessimism
                         -0.20   10.29   library setup time
                                 10.29   data required time
-----------------------------------------------------------------------------
                                 10.29   data required time
                                 -2.62   data arrival time
-----------------------------------------------------------------------------
                                  7.67   slack (MET)




===========================================================================
report_checks --slack_max -0.01
============================================================================
======================= Typical Corner ===================================

No paths found.


===========================================================================
 report_check_types -max_slew -max_cap -max_fanout -violators
============================================================================
======================= Typical Corner ===================================

max slew

Pin                                    Limit    Slew   Slack
------------------------------------------------------------
_6531_/A1                               1.50    1.58   -0.08 (VIOLATED)
_5854_/A1                               1.50    1.58   -0.08 (VIOLATED)


max slew violations count Typical: 2
max fanout violations count Typical: 0
max cap violations count Typical: 0

===========================================================================
report_parasitic_annotation -report_unannotated
============================================================================
Found 126 unannotated drivers.
 clkload0/X
 clkload1/X
 clkload10/X
 clkload100/Y
 clkload101/Y
 clkload102/Y
 clkload103/Y
 clkload104/Y
 clkload105/Y
 clkload106/Y
 clkload107/Y
 clkload108/Y
 clkload109/Y
 clkload11/X
 clkload110/Y
 clkload111/Y
 clkload112/Y
 clkload113/Y
 clkload114/Y
 clkload115/X
 clkload116/Y
 clkload117/Y
 clkload118/X
 clkload119/Y
 clkload12/X
 clkload120/Y
 clkload121/X
 clkload122/Y
 clkload123/Y
 clkload124/Y
 clkload125/Y
 clkload13/Y
 clkload14/Y
 clkload15/Y
 clkload16/Y
 clkload17/Y
 clkload18/Y
 clkload19/Y
 clkload2/X
 clkload20/Y
 clkload21/Y
 clkload22/Y
 clkload23/Y
 clkload24/Y
 clkload25/Y
 clkload26/Y
 clkload27/Y
 clkload28/Y
 clkload29/Y
 clkload3/X
 clkload30/Y
 clkload31/Y
 clkload32/Y
 clkload33/Y
 clkload34/Y
 clkload35/Y
 clkload36/Y
 clkload37/Y
 clkload38/Y
 clkload39/Y
 clkload4/X
 clkload40/Y
 clkload41/Y
 clkload42/Y
 clkload43/Y
 clkload44/Y
 clkload45/Y
 clkload46/Y
 clkload47/Y
 clkload48/Y
 clkload49/X
 clkload5/X
 clkload50/Y
 clkload51/Y
 clkload52/Y
 clkload53/Y
 clkload54/Y
 clkload55/Y
 clkload56/Y
 clkload57/Y
 clkload58/Y
 clkload59/Y
 clkload6/X
 clkload60/Y
 clkload61/Y
 clkload62/Y
 clkload63/Y
 clkload64/Y
 clkload65/Y
 clkload66/X
 clkload67/Y
 clkload68/X
 clkload69/Y
 clkload7/Y
 clkload70/Y
 clkload71/Y
 clkload72/Y
 clkload73/Y
 clkload74/Y
 clkload75/Y
 clkload76/X
 clkload77/Y
 clkload78/Y
 clkload79/X
 clkload8/X
 clkload80/Y
 clkload81/Y
 clkload82/X
 clkload83/X
 clkload84/Y
 clkload85/Y
 clkload86/Y
 clkload87/Y
 clkload88/Y
 clkload89/Y
 clkload9/X
 clkload90/Y
 clkload91/Y
 clkload92/Y
 clkload93/Y
 clkload94/Y
 clkload95/Y
 clkload96/Y
 clkload97/Y
 clkload98/Y
 clkload99/Y
Found 3193 partially unannotated drivers.
 A1[0]
 A1[1]
 A1[2]
 A1[3]
 A1[4]
 A2[0]
 A2[1]
 A2[2]
 A2[3]
 A2[4]
 A3[0]
 A3[1]
 A3[2]
 A3[3]
 A3[4]
 WD3[0]
 WD3[10]
 WD3[11]
 WD3[12]
 WD3[13]
 WD3[14]
 WD3[15]
 WD3[16]
 WD3[17]
 WD3[18]
 WD3[19]
 WD3[1]
 WD3[20]
 WD3[21]
 WD3[22]
 WD3[23]
 WD3[24]
 WD3[25]
 WD3[26]
 WD3[27]
 WD3[28]
 WD3[29]
 WD3[2]
 WD3[30]
 WD3[31]
 WD3[4]
 WD3[5]
 WD3[6]
 WD3[7]
 WD3[8]
 WD3[9]
 clk
 _3881_/X
 _3882_/X
 _3885_/X
 _3890_/X
 _3891_/X
 _3892_/X
 _3893_/X
 _3898_/X
 _3899_/X
 _3901_/X
 _3903_/X
 _3904_/X
 _3905_/X
 _3907_/X
 _3908_/X
 _3911_/X
 _3913_/X
 _3914_/X
 _3915_/X
 _3916_/X
 _3917_/X
 _3920_/X
 _3921_/X
 _3926_/X
 _3927_/X
 _3928_/X
 _3931_/X
 _3932_/X
 _3934_/X
 _3935_/X
 _3936_/X
 _3937_/X
 _3938_/X
 _3943_/X
 _3946_/X
 _3948_/X
 _3949_/X
 _3951_/X
 _3952_/Y
 _3953_/X
 _3954_/X
 _3955_/X
 _3956_/X
 _3957_/X
 _3959_/X
 _3963_/X
 _3964_/X
 _3965_/X
 _3967_/X
 _3968_/X
 _3969_/X
 _3971_/X
 _3972_/X
 _3975_/X
 _3976_/X
 _3977_/X
 _3978_/X
 _3980_/X
 _3981_/X
 _3982_/X
 _3983_/X
 _3987_/X
 _3988_/X
 _3992_/X
 _3995_/X
 _3996_/X
 _3998_/X
 _4001_/X
 _4002_/X
 _4003_/X
 _4005_/X
 _4006_/X
 _4009_/X
 _4014_/X
 _4015_/X
 _4016_/X
 _4019_/X
 _4021_/X
 _4023_/X
 _4024_/Y
 _4025_/X
 _4026_/X
 _4029_/X
 _4030_/X
 _4031_/X
 _4032_/X
 _4033_/X
 _4036_/X
 _4037_/X
 _4040_/X
 _4042_/X
 _4045_/X
 _4048_/X
 _4050_/X
 _4051_/X
 _4053_/X
 _4054_/X
 _4055_/X
 _4059_/X
 _4060_/X
 _4064_/X
 _4067_/X
 _4068_/X
 _4069_/X
 _4070_/X
 _4072_/X
 _4073_/X
 _4075_/X
 _4076_/X
 _4077_/X
 _4078_/X
 _4079_/X
 _4080_/X
 _4081_/X
 _4085_/X
 _4087_/X
 _4092_/X
 _4093_/X
 _4096_/X
 _4097_/Y
 _4098_/X
 _4099_/X
 _4100_/X
 _4102_/X
 _4105_/X
 _4106_/X
 _4108_/X
 _4110_/X
 _4111_/X
 _4113_/X
 _4114_/X
 _4115_/X
 _4118_/X
 _4121_/X
 _4122_/X
 _4123_/X
 _4124_/X
 _4126_/X
 _4127_/X
 _4128_/X
 _4129_/X
 _4130_/X
 _4132_/X
 _4134_/X
 _4135_/X
 _4137_/X
 _4139_/X
 _4140_/X
 _4143_/X
 _4144_/X
 _4146_/X
 _4147_/X
 _4148_/X
 _4150_/X
 _4151_/X
 _4153_/X
 _4156_/X
 _4159_/X
 _4160_/X
 _4162_/X
 _4163_/X
 _4164_/X
 _4165_/X
 _4166_/X
 _4168_/X
 _4169_/X
 _4172_/X
 _4175_/X
 _4178_/X
 _4179_/X
 _4181_/X
 _4182_/X
 _4184_/X
 _4185_/X
 _4187_/X
 _4188_/X
 _4190_/X
 _4191_/X
 _4194_/X
 _4195_/X
 _4196_/X
 _4197_/X
 _4199_/X
 _4200_/X
 _4201_/X
 _4202_/X
 _4203_/X
 _4205_/X
 _4208_/X
 _4212_/X
 _4213_/X
 _4214_/X
 _4217_/X
 _4219_/X
 _4221_/X
 _4223_/X
 _4225_/X
 _4226_/X
 _4227_/X
 _4229_/X
 _4233_/X
 _4234_/X
 _4235_/X
 _4236_/X
 _4239_/X
 _4241_/X
 _4242_/X
 _4244_/X
 _4245_/X
 _4247_/X
 _4248_/X
 _4250_/X
 _4251_/X
 _4252_/X
 _4254_/X
 _4255_/X
 _4257_/X
 _4258_/X
 _4259_/X
 _4260_/X
 _4263_/X
 _4265_/X
 _4266_/X
 _4267_/X
 _4268_/X
 _4270_/X
 _4272_/X
 _4273_/X
 _4274_/X
 _4275_/X
 _4276_/X
 _4277_/X
 _4278_/X
 _4279_/X
 _4280_/X
 _4281_/X
 _4283_/X
 _4284_/X
 _4285_/X
 _4286_/X
 _4287_/X
 _4288_/Y
 _4289_/X
 _4290_/X
 _4295_/X
 _4296_/X
 _4297_/X
 _4298_/X
 _4301_/X
 _4304_/X
 _4309_/X
 _4312_/X
 _4320_/X
 _4321_/X
 _4323_/X
 _4326_/X
 _4327_/X
 _4328_/X
 _4329_/X
 _4331_/X
 _4332_/X
 _4333_/X
 _4334_/X
 _4336_/X
 _4338_/X
 _4340_/X
 _4341_/X
 _4342_/X
 _4344_/X
 _4345_/X
 _4348_/X
 _4349_/X
 _4353_/X
 _4354_/X
 _4356_/X
 _4357_/X
 _4358_/X
 _4360_/Y
 _4361_/X
 _4362_/X
 _4364_/X
 _4365_/X
 _4368_/X
 _4371_/X
 _4373_/X
 _4374_/X
 _4375_/X
 _4376_/X
 _4378_/X
 _4382_/X
 _4383_/X
 _4384_/X
 _4385_/X
 _4387_/X
 _4388_/X
 _4395_/X
 _4399_/X
 _4401_/X
 _4406_/X
 _4408_/X
 _4414_/X
 _4416_/X
 _4417_/X
 _4418_/X
 _4419_/X
 _4420_/X
 _4423_/X
 _4426_/X
 _4427_/X
 _4428_/X
 _4430_/X
 _4432_/Y
 _4433_/X
 _4434_/X
 _4439_/X
 _4442_/X
 _4444_/X
 _4445_/X
 _4448_/X
 _4449_/X
 _4450_/X
 _4451_/X
 _4452_/X
 _4453_/X
 _4454_/X
 _4456_/X
 _4461_/X
 _4462_/X
 _4466_/X
 _4467_/X
 _4468_/X
 _4469_/X
 _4471_/X
 _4473_/X
 _4474_/X
 _4476_/X
 _4477_/X
 _4478_/X
 _4479_/X
 _4480_/X
 _4482_/X
 _4483_/X
 _4484_/X
 _4485_/X
 _4486_/X
 _4489_/X
 _4490_/X
 _4495_/X
 _4496_/X
 _4501_/X
 _4503_/X
 _4505_/X
 _4506_/X
 _4507_/X
 _4511_/X
 _4513_/X
 _4515_/X
 _4517_/X
 _4518_/X
 _4521_/X
 _4523_/X
 _4526_/X
 _4529_/X
 _4532_/X
 _4535_/X
 _4536_/X
 _4537_/X
 _4538_/X
 _4539_/X
 _4540_/X
 _4542_/X
 _4543_/X
 _4544_/X
 _4546_/X
 _4549_/X
 _4551_/X
 _4554_/X
 _4559_/X
 _4561_/X
 _4562_/X
 _4564_/X
 _4566_/X
 _4568_/X
 _4570_/X
 _4571_/X
 _4572_/X
 _4574_/X
 _4575_/X
 _4576_/X
 _4577_/X
 _4578_/Y
 _4579_/X
 _4580_/X
 _4581_/X
 _4583_/X
 _4585_/X
 _4586_/X
 _4587_/X
 _4588_/X
 _4589_/X
 _4590_/X
 _4591_/X
 _4592_/X
 _4593_/X
 _4594_/X
 _4595_/X
 _4596_/X
 _4597_/X
 _4598_/X
 _4599_/X
 _4600_/X
 _4601_/X
 _4602_/X
 _4604_/X
 _4605_/X
 _4608_/X
 _4609_/X
 _4611_/X
 _4612_/X
 _4613_/X
 _4614_/X
 _4617_/X
 _4618_/X
 _4621_/X
 _4622_/X
 _4623_/X
 _4624_/X
 _4627_/X
 _4628_/X
 _4629_/X
 _4630_/X
 _4631_/X
 _4633_/X
 _4634_/X
 _4640_/X
 _4641_/X
 _4643_/X
 _4644_/X
 _4645_/X
 _4646_/X
 _4649_/X
 _4651_/X
 _4652_/X
 _4653_/X
 _4656_/X
 _4657_/X
 _4659_/X
 _4660_/X
 _4661_/X
 _4662_/X
 _4663_/X
 _4665_/X
 _4666_/Y
 _4667_/X
 _4668_/X
 _4669_/X
 _4671_/X
 _4673_/X
 _4678_/X
 _4679_/X
 _4681_/X
 _4682_/X
 _4683_/X
 _4685_/X
 _4687_/X
 _4688_/X
 _4690_/X
 _4695_/X
 _4699_/X
 _4700_/X
 _4701_/X
 _4702_/X
 _4704_/X
 _4705_/X
 _4706_/X
 _4707_/X
 _4710_/X
 _4712_/X
 _4723_/X
 _4724_/X
 _4726_/X
 _4727_/X
 _4731_/X
 _4733_/X
 _4734_/X
 _4735_/X
 _4737_/X
 _4738_/Y
 _4739_/X
 _4740_/X
 _4742_/X
 _4743_/X
 _4744_/X
 _4745_/X
 _4748_/X
 _4751_/X
 _4752_/X
 _4755_/X
 _4760_/X
 _4761_/X
 _4762_/X
 _4763_/X
 _4764_/X
 _4767_/X
 _4768_/X
 _4770_/X
 _4773_/X
 _4776_/X
 _4777_/X
 _4778_/X
 _4780_/X
 _4781_/X
 _4784_/X
 _4785_/X
 _4787_/X
 _4788_/X
 _4789_/X
 _4792_/X
 _4794_/X
 _4795_/X
 _4796_/X
 _4798_/X
 _4799_/X
 _4800_/X
 _4801_/X
 _4802_/X
 _4803_/X
 _4804_/X
 _4806_/X
 _4807_/X
 _4810_/X
 _4811_/Y
 _4812_/X
 _4813_/X
 _4816_/X
 _4817_/X
 _4822_/X
 _4824_/X
 _4827_/X
 _4828_/X
 _4829_/X
 _4830_/X
 _4833_/X
 _4834_/X
 _4835_/X
 _4837_/X
 _4839_/X
 _4843_/X
 _4846_/X
 _4850_/X
 _4851_/X
 _4856_/X
 _4857_/X
 _4858_/X
 _4865_/X
 _4866_/X
 _4868_/X
 _4870_/X
 _4871_/X
 _4874_/X
 _4875_/X
 _4876_/X
 _4877_/X
 _4883_/Y
 _4884_/X
 _4886_/X
 _4888_/X
 _4889_/X
 _4890_/X
 _4893_/X
 _4895_/X
 _4896_/X
 _4897_/X
 _4898_/X
 _4899_/X
 _4900_/X
 _4902_/X
 _4905_/X
 _4906_/X
 _4907_/X
 _4910_/X
 _4912_/X
 _4914_/X
 _4918_/X
 _4919_/X
 _4920_/X
 _4922_/X
 _4924_/X
 _4926_/X
 _4927_/X
 _4928_/X
 _4929_/X
 _4930_/X
 _4931_/X
 _4932_/X
 _4934_/X
 _4936_/X
 _4940_/X
 _4943_/X
 _4944_/X
 _4945_/X
 _4946_/X
 _4948_/X
 _4950_/X
 _4951_/X
 _4953_/X
 _4955_/Y
 _4956_/X
 _4957_/X
 _4959_/X
 _4960_/X
 _4961_/X
 _4963_/X
 _4965_/X
 _4966_/X
 _4968_/X
 _4969_/X
 _4971_/X
 _4972_/X
 _4975_/X
 _4977_/X
 _4979_/X
 _4980_/X
 _4982_/X
 _4984_/X
 _4985_/X
 _4986_/X
 _4989_/X
 _4990_/X
 _4993_/X
 _4995_/X
 _4998_/X
 _4999_/X
 _5001_/X
 _5002_/X
 _5004_/X
 _5006_/X
 _5007_/X
 _5008_/X
 _5011_/X
 _5012_/X
 _5014_/X
 _5016_/X
 _5017_/X
 _5018_/X
 _5020_/X
 _5021_/X
 _5024_/X
 _5027_/X
 _5028_/X
 _5030_/X
 _5032_/X
 _5033_/X
 _5034_/X
 _5035_/X
 _5036_/X
 _5037_/X
 _5038_/X
 _5039_/X
 _5040_/X
 _5042_/X
 _5043_/Y
 _5044_/X
 _5045_/X
 _5046_/X
 _5047_/X
 _5048_/X
 _5050_/X
 _5051_/X
 _5053_/X
 _5054_/X
 _5056_/X
 _5057_/X
 _5058_/X
 _5059_/X
 _5060_/X
 _5061_/X
 _5062_/X
 _5063_/X
 _5064_/X
 _5065_/X
 _5066_/X
 _5067_/X
 _5069_/X
 _5070_/X
 _5071_/X
 _5073_/X
 _5076_/X
 _5077_/X
 _5078_/X
 _5080_/X
 _5083_/X
 _5084_/X
 _5086_/X
 _5089_/X
 _5090_/X
 _5091_/X
 _5092_/X
 _5093_/X
 _5096_/X
 _5097_/X
 _5102_/X
 _5104_/X
 _5105_/X
 _5106_/X
 _5108_/X
 _5109_/X
 _5110_/X
 _5113_/X
 _5115_/X
 _5116_/X
 _5117_/X
 _5119_/X
 _5121_/X
 _5123_/X
 _5125_/X
 _5126_/X
 _5128_/X
 _5129_/X
 _5130_/X
 _5131_/Y
 _5132_/X
 _5133_/X
 _5134_/X
 _5135_/X
 _5137_/X
 _5138_/X
 _5139_/X
 _5141_/X
 _5144_/X
 _5146_/X
 _5148_/X
 _5151_/X
 _5152_/X
 _5153_/X
 _5155_/X
 _5161_/X
 _5162_/X
 _5163_/X
 _5164_/X
 _5166_/X
 _5168_/X
 _5170_/X
 _5172_/X
 _5177_/X
 _5178_/X
 _5179_/X
 _5180_/X
 _5181_/X
 _5182_/X
 _5185_/X
 _5186_/X
 _5187_/X
 _5188_/X
 _5189_/X
 _5191_/X
 _5192_/X
 _5193_/X
 _5194_/X
 _5195_/X
 _5196_/X
 _5198_/X
 _5202_/X
 _5203_/Y
 _5204_/X
 _5205_/X
 _5206_/X
 _5208_/X
 _5209_/X
 _5210_/X
 _5212_/X
 _5213_/X
 _5214_/X
 _5215_/X
 _5216_/X
 _5217_/X
 _5218_/X
 _5219_/X
 _5220_/X
 _5221_/X
 _5223_/X
 _5227_/X
 _5229_/X
 _5231_/X
 _5234_/X
 _5235_/X
 _5238_/X
 _5239_/X
 _5240_/X
 _5241_/X
 _5242_/X
 _5246_/X
 _5247_/X
 _5248_/X
 _5249_/X
 _5250_/X
 _5251_/X
 _5252_/X
 _5253_/X
 _5256_/X
 _5260_/X
 _5261_/X
 _5263_/X
 _5264_/X
 _5265_/X
 _5266_/X
 _5269_/X
 _5270_/X
 _5274_/X
 _5275_/Y
 _5276_/X
 _5277_/X
 _5278_/X
 _5279_/X
 _5284_/X
 _5285_/X
 _5287_/X
 _5291_/X
 _5292_/X
 _5293_/X
 _5295_/X
 _5296_/X
 _5299_/X
 _5300_/X
 _5302_/X
 _5304_/X
 _5305_/X
 _5306_/X
 _5308_/X
 _5309_/X
 _5310_/X
 _5311_/X
 _5312_/X
 _5314_/X
 _5315_/X
 _5316_/X
 _5317_/X
 _5319_/X
 _5328_/X
 _5329_/X
 _5330_/X
 _5332_/X
 _5334_/X
 _5335_/X
 _5336_/X
 _5338_/X
 _5347_/Y
 _5348_/X
 _5349_/X
 _5350_/X
 _5351_/X
 _5354_/X
 _5355_/X
 _5357_/X
 _5358_/X
 _5360_/X
 _5364_/X
 _5366_/X
 _5367_/X
 _5369_/X
 _5370_/X
 _5371_/X
 _5373_/X
 _5374_/X
 _5375_/X
 _5376_/X
 _5377_/X
 _5378_/X
 _5379_/X
 _5382_/X
 _5384_/X
 _5386_/X
 _5387_/X
 _5389_/X
 _5393_/X
 _5395_/X
 _5398_/X
 _5404_/X
 _5407_/X
 _5408_/X
 _5409_/X
 _5410_/X
 _5411_/X
 _5412_/X
 _5413_/X
 _5414_/X
 _5419_/Y
 _5420_/X
 _5421_/X
 _5423_/X
 _5426_/X
 _5430_/X
 _5432_/X
 _5433_/X
 _5436_/X
 _5438_/X
 _5439_/X
 _5440_/X
 _5442_/X
 _5443_/X
 _5444_/X
 _5446_/X
 _5448_/X
 _5451_/X
 _5452_/X
 _5454_/X
 _5456_/X
 _5460_/X
 _5461_/X
 _5462_/X
 _5463_/X
 _5465_/X
 _5468_/X
 _5469_/X
 _5476_/X
 _5477_/X
 _5478_/X
 _5479_/X
 _5480_/X
 _5482_/X
 _5486_/X
 _5489_/X
 _5490_/X
 _5492_/X
 _5495_/X
 _5497_/X
 _5499_/X
 _5500_/X
 _5501_/X
 _5502_/X
 _5504_/X
 _5509_/X
 _5513_/X
 _5515_/X
 _5519_/X
 _5521_/X
 _5523_/X
 _5524_/X
 _5526_/X
 _5527_/X
 _5529_/X
 _5530_/X
 _5532_/X
 _5536_/X
 _5537_/X
 _5540_/X
 _5541_/X
 _5542_/X
 _5544_/X
 _5547_/X
 _5548_/X
 _5551_/X
 _5553_/X
 _5554_/X
 _5555_/X
 _5556_/X
 _5559_/X
 _5563_/Y
 _5564_/X
 _5565_/X
 _5568_/X
 _5569_/X
 _5570_/X
 _5572_/X
 _5576_/X
 _5577_/X
 _5583_/X
 _5585_/X
 _5586_/X
 _5587_/X
 _5589_/X
 _5590_/X
 _5591_/X
 _5592_/X
 _5598_/X
 _5599_/X
 _5600_/X
 _5602_/X
 _5603_/X
 _5607_/X
 _5608_/X
 _5609_/X
 _5611_/X
 _5614_/X
 _5615_/X
 _5617_/X
 _5618_/X
 _5620_/X
 _5623_/X
 _5624_/X
 _5627_/X
 _5628_/X
 _5629_/X
 _5630_/X
 _5632_/X
 _5633_/X
 _5635_/X
 _5636_/X
 _5637_/X
 _5642_/X
 _5646_/X
 _5648_/X
 _5649_/X
 _5650_/X
 _5655_/X
 _5657_/X
 _5660_/X
 _5661_/X
 _5663_/X
 _5664_/X
 _5666_/X
 _5667_/X
 _5668_/X
 _5671_/X
 _5673_/X
 _5674_/X
 _5675_/X
 _5676_/X
 _5677_/X
 _5678_/X
 _5679_/X
 _5680_/X
 _5681_/X
 _5682_/X
 _5683_/X
 _5684_/X
 _5685_/X
 _5686_/X
 _5687_/X
 _5688_/X
 _5689_/X
 _5691_/X
 _5692_/X
 _5693_/X
 _5694_/X
 _5695_/X
 _5696_/X
 _5697_/X
 _5699_/X
 _5701_/X
 _5702_/X
 _5703_/X
 _5704_/X
 _5705_/X
 _5707_/X
 _5708_/X
 _5710_/X
 _5711_/X
 _5712_/X
 _5714_/X
 _5715_/X
 _5716_/X
 _5718_/X
 _5719_/X
 _5720_/X
 _5723_/X
 _5724_/X
 _5725_/X
 _5726_/X
 _5727_/X
 _5728_/X
 _5729_/X
 _5730_/X
 _5731_/X
 _5732_/X
 _5733_/X
 _5734_/X
 _5735_/X
 _5737_/X
 _5738_/X
 _5739_/X
 _5740_/X
 _5741_/X
 _5743_/X
 _5744_/X
 _5745_/X
 _5746_/X
 _5748_/X
 _5749_/X
 _5750_/X
 _5753_/X
 _5755_/X
 _5756_/X
 _5761_/X
 _5765_/X
 _5766_/X
 _5767_/X
 _5769_/X
 _5770_/X
 _5772_/X
 _5774_/X
 _5778_/X
 _5782_/X
 _5783_/X
 _5784_/X
 _5786_/X
 _5787_/X
 _5788_/X
 _5789_/X
 _5791_/X
 _5793_/X
 _5794_/X
 _5795_/X
 _5797_/X
 _5798_/X
 _5799_/X
 _5800_/X
 _5801_/X
 _5802_/X
 _5803_/X
 _5804_/X
 _5806_/X
 _5807_/X
 _5808_/X
 _5810_/X
 _5812_/X
 _5813_/X
 _5815_/X
 _5819_/X
 _5821_/X
 _5822_/X
 _5823_/X
 _5824_/X
 _5826_/X
 _5827_/X
 _5830_/X
 _5832_/X
 _5833_/X
 _5835_/X
 _5836_/X
 _5837_/X
 _5842_/X
 _5845_/X
 _5849_/X
 _5850_/X
 _5851_/X
 _5852_/X
 _5853_/X
 _5856_/X
 _5858_/X
 _5859_/X
 _5860_/X
 _5861_/X
 _5862_/X
 _5864_/X
 _5867_/X
 _5868_/X
 _5869_/X
 _5870_/X
 _5871_/X
 _5873_/X
 _5874_/X
 _5877_/X
 _5878_/X
 _5879_/X
 _5880_/X
 _5881_/X
 _5884_/X
 _5894_/X
 _5895_/X
 _5896_/X
 _5901_/X
 _5902_/X
 _5903_/X
 _5905_/X
 _5907_/X
 _5910_/X
 _5911_/X
 _5914_/X
 _5915_/X
 _5917_/X
 _5919_/X
 _5922_/X
 _5924_/X
 _5925_/X
 _5926_/X
 _5927_/X
 _5931_/X
 _5932_/X
 _5935_/X
 _5936_/X
 _5937_/X
 _5938_/X
 _5939_/X
 _5940_/X
 _5945_/X
 _5947_/X
 _5950_/X
 _5951_/X
 _5952_/X
 _5955_/X
 _5956_/X
 _5957_/X
 _5959_/X
 _5962_/X
 _5963_/X
 _5964_/X
 _5965_/X
 _5967_/X
 _5969_/X
 _5970_/X
 _5971_/X
 _5972_/X
 _5978_/X
 _5979_/X
 _5981_/X
 _5983_/X
 _5984_/X
 _5985_/X
 _5986_/X
 _5988_/X
 _5992_/X
 _5996_/X
 _6002_/X
 _6003_/X
 _6004_/X
 _6005_/X
 _6006_/X
 _6009_/X
 _6010_/X
 _6011_/X
 _6013_/X
 _6014_/X
 _6015_/X
 _6016_/X
 _6017_/X
 _6018_/X
 _6019_/X
 _6022_/X
 _6023_/X
 _6025_/X
 _6026_/X
 _6033_/X
 _6035_/X
 _6037_/X
 _6038_/X
 _6039_/X
 _6040_/X
 _6041_/X
 _6042_/X
 _6044_/X
 _6045_/X
 _6046_/X
 _6047_/X
 _6051_/X
 _6052_/X
 _6053_/X
 _6054_/X
 _6056_/X
 _6063_/X
 _6066_/X
 _6067_/X
 _6068_/X
 _6069_/X
 _6071_/X
 _6074_/X
 _6076_/X
 _6078_/X
 _6082_/X
 _6083_/X
 _6085_/X
 _6086_/X
 _6090_/X
 _6092_/X
 _6093_/X
 _6094_/X
 _6096_/X
 _6097_/X
 _6098_/X
 _6099_/X
 _6100_/X
 _6104_/X
 _6105_/X
 _6106_/X
 _6107_/X
 _6110_/X
 _6111_/X
 _6112_/X
 _6116_/X
 _6117_/X
 _6122_/X
 _6125_/X
 _6126_/X
 _6127_/X
 _6128_/X
 _6129_/X
 _6130_/X
 _6131_/X
 _6134_/X
 _6135_/X
 _6136_/X
 _6138_/X
 _6144_/X
 _6146_/X
 _6149_/X
 _6150_/X
 _6151_/X
 _6152_/X
 _6155_/X
 _6157_/X
 _6158_/X
 _6159_/X
 _6160_/X
 _6161_/X
 _6163_/X
 _6164_/X
 _6166_/X
 _6169_/X
 _6170_/X
 _6171_/X
 _6173_/X
 _6174_/X
 _6175_/X
 _6179_/X
 _6184_/X
 _6185_/X
 _6186_/X
 _6189_/X
 _6191_/X
 _6192_/X
 _6193_/X
 _6197_/X
 _6198_/X
 _6199_/X
 _6201_/X
 _6204_/X
 _6205_/X
 _6206_/X
 _6208_/X
 _6210_/X
 _6211_/X
 _6212_/X
 _6213_/X
 _6214_/X
 _6216_/X
 _6217_/X
 _6218_/X
 _6219_/X
 _6224_/X
 _6227_/X
 _6229_/X
 _6230_/X
 _6231_/X
 _6232_/X
 _6234_/X
 _6236_/X
 _6239_/X
 _6245_/X
 _6249_/X
 _6250_/X
 _6251_/X
 _6252_/X
 _6254_/X
 _6256_/X
 _6259_/X
 _6260_/X
 _6262_/X
 _6263_/X
 _6268_/X
 _6269_/X
 _6271_/X
 _6273_/X
 _6274_/X
 _6276_/X
 _6279_/X
 _6281_/X
 _6283_/X
 _6284_/X
 _6288_/X
 _6291_/X
 _6292_/X
 _6296_/X
 _6297_/X
 _6303_/X
 _6304_/X
 _6307_/X
 _6308_/X
 _6314_/X
 _6316_/X
 _6318_/X
 _6319_/X
 _6322_/X
 _6324_/X
 _6325_/X
 _6329_/X
 _6330_/X
 _6331_/X
 _6333_/X
 _6335_/X
 _6336_/X
 _6339_/X
 _6340_/X
 _6344_/X
 _6354_/X
 _6355_/X
 _6356_/X
 _6357_/Y
 _6358_/X
 _6359_/X
 _6360_/X
 _6361_/X
 _6362_/X
 _6364_/X
 _6365_/X
 _6366_/X
 _6367_/X
 _6368_/X
 _6369_/X
 _6370_/X
 _6372_/X
 _6373_/X
 _6375_/X
 _6376_/X
 _6377_/X
 _6378_/X
 _6380_/X
 _6381_/X
 _6382_/X
 _6383_/X
 _6384_/X
 _6385_/X
 _6386_/X
 _6387_/X
 _6388_/X
 _6389_/X
 _6390_/X
 _6391_/X
 _6393_/X
 _6394_/X
 _6395_/X
 _6396_/X
 _6398_/X
 _6400_/X
 _6401_/X
 _6402_/X
 _6405_/X
 _6406_/X
 _6407_/X
 _6408_/X
 _6410_/X
 _6411_/X
 _6412_/X
 _6413_/X
 _6414_/X
 _6415_/X
 _6416_/X
 _6417_/X
 _6418_/X
 _6419_/X
 _6420_/X
 _6422_/X
 _6423_/X
 _6424_/X
 _6425_/X
 _6426_/X
 _6427_/X
 _6429_/X
 _6430_/X
 _6431_/X
 _6434_/X
 _6435_/X
 _6437_/X
 _6438_/X
 _6439_/X
 _6440_/X
 _6441_/X
 _6443_/X
 _6444_/X
 _6445_/X
 _6446_/X
 _6447_/X
 _6448_/X
 _6450_/X
 _6451_/X
 _6452_/X
 _6453_/X
 _6455_/X
 _6458_/X
 _6460_/X
 _6462_/X
 _6467_/X
 _6469_/X
 _6470_/X
 _6472_/X
 _6474_/X
 _6475_/X
 _6478_/X
 _6480_/X
 _6481_/X
 _6482_/X
 _6483_/X
 _6484_/X
 _6485_/X
 _6489_/X
 _6490_/X
 _6497_/X
 _6500_/X
 _6502_/X
 _6504_/X
 _6505_/X
 _6506_/X
 _6508_/X
 _6509_/X
 _6510_/X
 _6512_/X
 _6513_/X
 _6516_/X
 _6517_/X
 _6518_/X
 _6519_/X
 _6521_/X
 _6522_/X
 _6528_/X
 _6529_/X
 _6530_/X
 _6533_/X
 _6534_/X
 _6535_/X
 _6536_/X
 _6537_/X
 _6538_/X
 _6540_/X
 _6541_/X
 _6543_/X
 _6544_/X
 _6545_/X
 _6546_/X
 _6547_/X
 _6548_/X
 _6549_/X
 _6550_/X
 _6551_/X
 _6552_/X
 _6557_/X
 _6561_/X
 _6562_/X
 _6563_/X
 _6565_/X
 _6571_/X
 _6572_/X
 _6574_/X
 _6577_/X
 _6578_/X
 _6579_/X
 _6580_/X
 _6581_/X
 _6583_/X
 _6584_/X
 _6587_/X
 _6589_/X
 _6590_/X
 _6592_/X
 _6596_/X
 _6597_/X
 _6600_/X
 _6601_/X
 _6602_/X
 _6607_/X
 _6608_/X
 _6611_/X
 _6612_/X
 _6613_/X
 _6614_/X
 _6616_/X
 _6618_/X
 _6620_/X
 _6621_/X
 _6623_/X
 _6624_/X
 _6626_/X
 _6627_/X
 _6628_/X
 _6629_/X
 _6632_/X
 _6633_/X
 _6635_/X
 _6636_/X
 _6637_/X
 _6638_/X
 _6640_/X
 _6641_/X
 _6642_/X
 _6643_/X
 _6645_/X
 _6647_/X
 _6650_/X
 _6651_/X
 _6652_/X
 _6653_/X
 _6654_/X
 _6655_/X
 _6656_/X
 _6657_/X
 _6658_/X
 _6659_/X
 _6661_/X
 _6666_/X
 _6667_/X
 _6668_/X
 _6669_/X
 _6672_/X
 _6675_/X
 _6677_/X
 _6678_/X
 _6682_/X
 _6688_/X
 _6689_/X
 _6690_/X
 _6691_/X
 _6693_/X
 _6694_/X
 _6697_/X
 _6698_/X
 _6699_/X
 _6700_/X
 _6701_/X
 _6702_/X
 _6708_/X
 _6710_/X
 _6712_/X
 _6715_/X
 _6716_/X
 _6717_/X
 _6719_/X
 _6720_/X
 _6721_/X
 _6726_/X
 _6728_/X
 _6729_/X
 _6731_/X
 _6732_/X
 _6735_/X
 _6736_/X
 _6739_/X
 _6740_/X
 _6741_/X
 _6742_/X
 _6745_/X
 _6747_/X
 _6749_/X
 _6750_/X
 _6751_/X
 _6752_/X
 _6753_/X
 _6755_/X
 _6756_/X
 _6759_/X
 _6761_/X
 _6762_/X
 _6766_/X
 _6771_/X
 _6772_/X
 _6773_/X
 _6774_/X
 _6775_/X
 _6778_/X
 _6784_/X
 _6788_/X
 _6792_/X
 _6793_/X
 _6794_/X
 _6796_/X
 _6799_/X
 _6802_/X
 _6803_/X
 _6804_/X
 _6805_/X
 _6806_/X
 _6807_/X
 _6808_/X
 _6809_/X
 _6812_/X
 _6814_/X
 _6815_/X
 _6817_/X
 _6819_/X
 _6820_/X
 _6821_/X
 _6822_/X
 _6823_/X
 _6824_/X
 _6825_/X
 _6828_/X
 _6830_/X
 _6831_/X
 _6833_/X
 _6834_/X
 _6836_/X
 _6837_/X
 _6840_/X
 _6845_/X
 _6846_/X
 _6847_/X
 _6848_/X
 _6850_/X
 _6852_/X
 _6853_/X
 _6855_/X
 _6857_/X
 _6860_/X
 _6862_/X
 _6864_/X
 _6865_/X
 _6866_/X
 _6867_/X
 _6868_/X
 _6869_/X
 _6870_/X
 _6873_/X
 _6877_/X
 _6878_/X
 _6880_/X
 _6881_/X
 _6883_/X
 _6884_/X
 _6887_/X
 _6898_/X
 _6899_/X
 _6900_/X
 _6904_/X
 _6907_/X
 _6911_/X
 _6912_/X
 _6914_/X
 _6915_/X
 _6916_/X
 _6918_/X
 _6920_/X
 _6921_/X
 _6922_/X
 _6925_/X
 _6926_/X
 _6927_/X
 _6930_/X
 _6931_/X
 _6932_/X
 _6933_/X
 _6935_/X
 _6936_/X
 _6938_/X
 _6939_/X
 _6948_/X
 _6949_/X
 _6950_/X
 _6951_/X
 _6952_/X
 _6953_/X
 _6954_/X
 _6955_/X
 _6957_/X
 _6959_/X
 _6960_/X
 _6961_/X
 _6962_/X
 _6963_/X
 _6964_/X
 _6965_/X
 _6966_/X
 _6967_/X
 _6968_/X
 _6969_/X
 _6971_/X
 _6972_/X
 _6973_/X
 _6976_/X
 _6977_/X
 _6978_/X
 _6979_/X
 _6982_/X
 _6983_/X
 _6984_/X
 _6985_/X
 _6986_/X
 _6989_/X
 _6990_/X
 _6998_/X
 _6999_/X
 _7002_/X
 _7003_/X
 _7005_/X
 _7012_/X
 _7015_/X
 _7018_/X
 _7020_/X
 _7023_/X
 _7025_/X
 _7029_/X
 _7030_/X
 _7033_/X
 _7034_/X
 _7035_/X
 _7037_/X
 _7038_/X
 _7039_/X
 _7043_/X
 _7045_/X
 _7046_/X
 _7048_/X
 _7049_/X
 _7052_/X
 _7056_/X
 _7057_/X
 _7060_/X
 _7061_/X
 _7064_/X
 _7065_/X
 _7066_/X
 _7067_/X
 _7068_/Y
 _7069_/X
 _7070_/X
 _7071_/X
 _7072_/X
 _7073_/Y
 _7074_/X
 _7075_/X
 _7077_/X
 _7078_/X
 _7079_/X
 _7080_/X
 _7081_/X
 _7082_/X
 _7083_/X
 _7084_/X
 _7087_/X
 _7090_/X
 _7091_/X
 _7094_/X
 _7095_/X
 _7096_/X
 _7097_/X
 _7099_/X
 _7100_/X
 _7104_/X
 _7106_/X
 _7107_/X
 _7108_/X
 _7110_/X
 _7113_/X
 _7114_/X
 _7115_/X
 _7116_/X
 _7118_/X
 _7119_/X
 _7121_/X
 _7122_/X
 _7123_/X
 _7124_/Y
 _7125_/X
 _7126_/X
 _7127_/Y
 _7128_/X
 _7129_/X
 _7130_/X
 _7132_/X
 _7135_/X
 _7137_/X
 _7138_/X
 _7141_/X
 _7144_/X
 _7145_/X
 _7146_/X
 _7147_/X
 _7148_/X
 _7151_/X
 _7154_/X
 _7156_/X
 _7157_/X
 _7158_/X
 _7160_/X
 _7161_/X
 _7163_/X
 _7164_/X
 _7165_/X
 _7166_/X
 _7167_/X
 _7168_/X
 _7169_/X
 _7170_/X
 _7171_/X
 _7172_/X
 _7176_/X
 _7177_/X
 _7180_/X
 _7181_/X
 _7184_/X
 _7189_/X
 _7192_/X
 _7194_/X
 _7195_/X
 _7196_/X
 _7198_/X
 _7199_/X
 _7200_/X
 _7203_/X
 _7204_/X
 _7206_/X
 _7208_/X
 _7209_/X
 _7211_/X
 _7212_/X
 _7214_/X
 _7215_/X
 _7216_/X
 _7218_/Y
 _7219_/X
 _7220_/X
 _7223_/X
 _7224_/X
 _7225_/X
 _7226_/X
 _7227_/X
 _7228_/X
 _7229_/X
 _7230_/X
 _7231_/X
 _7232_/X
 _7233_/X
 _7234_/X
 _7235_/X
 _7236_/X
 _7237_/X
 _7239_/X
 _7240_/X
 _7241_/X
 _7242_/X
 _7243_/X
 _7244_/X
 _7245_/X
 _7246_/X
 _7248_/X
 _7249_/X
 _7252_/X
 _7253_/X
 _7255_/X
 _7256_/X
 _7257_/X
 _7260_/X
 _7261_/X
 _7262_/X
 _7263_/X
 _7264_/X
 _7266_/X
 _7267_/X
 _7268_/X
 _7269_/X
 _7270_/X
 _7271_/X
 _7272_/X
 _7273_/X
 _7274_/X
 _7277_/X
 _7278_/X
 _7279_/X
 _7280_/X
 _7281_/X
 _7282_/X
 _7283_/X
 _7285_/X
 _7286_/X
 _7287_/X
 _7288_/X
 _7290_/X
 _7291_/X
 _7294_/X
 _7295_/X
 _7296_/X
 _7297_/X
 _7298_/X
 _7299_/X
 _7300_/X
 _7302_/X
 _7303_/X
 _7304_/X
 _7307_/X
 _7308_/X
 _7309_/X
 _7310_/X
 _7311_/X
 _7312_/X
 _7313_/X
 _7315_/X
 _7316_/X
 _7318_/X
 _7319_/X
 _7320_/X
 _7321_/X
 _7322_/X
 _7323_/X
 _7324_/X
 _7325_/X
 _7328_/X
 _7329_/X
 _7332_/X
 _7333_/X
 _7336_/X
 _7337_/X
 _7340_/X
 _7341_/X
 _7342_/X
 _7343_/X
 _7344_/X
 _7348_/X
 _7349_/X
 _7350_/X
 _7352_/Y
 _7353_/Y
 _7354_/Y
 _7356_/X
 _7357_/X
 _7358_/X
 _7359_/X
 _7360_/X
 _7361_/X
 _7362_/X
 _7364_/X
 _7366_/X
 _7367_/X
 _7368_/X
 _7372_/X
 _7373_/X
 _7375_/X
 _7376_/X
 _7378_/X
 _7379_/X
 _7386_/X
 _7387_/X
 _7388_/X
 _7389_/X
 _7390_/X
 _7393_/X
 _7394_/X
 _7395_/X
 _7400_/X
 _7402_/X
 _7403_/X
 _7410_/X
 _7411_/X
 _7412_/X
 _7413_/X
 _7414_/X
 _7416_/X
 _7417_/X
 _7419_/X
 _7426_/X
 _7428_/X
 _7429_/X
 _7432_/X
 _7433_/X
 _7437_/X
 _7439_/X
 _7440_/X
 _7447_/X
 _7448_/X
 _7449_/X
 _7451_/X
 _7453_/X
 _7454_/X
 _7455_/X
 _7456_/X
 _7457_/X
 _7460_/X
 _7461_/X
 _7462_/X
 _7465_/X
 _7467_/X
 _7468_/X
 _7470_/X
 _7471_/X
 _7473_/X
 _7477_/X
 _7478_/X
 _7479_/X
 _7483_/X
 _7484_/X
 _7485_/X
 _7486_/X
 _7488_/X
 _7489_/X
 _7490_/X
 _7495_/X
 _7496_/X
 _7498_/X
 _7499_/X
 _7500_/Y
 _7501_/X
 _7502_/X
 _7505_/X
 _7509_/X
 _7510_/X
 _7512_/X
 _7513_/X
 _7517_/X
 _7519_/X
 _7521_/X
 _7524_/X
 _7525_/X
 _7528_/X
 _7529_/X
 _7532_/X
 _7533_/X
 _7535_/X
 _7536_/X
 _7540_/X
 _7541_/X
 _7543_/X
 _7546_/X
 _7547_/X
 _7549_/X
 _7550_/X
 _7552_/X
 _7553_/X
 _7556_/X
 _7558_/X
 _7559_/X
 _7561_/X
 _7562_/X
 _7563_/X
 _7564_/X
 _7565_/X
 _7566_/X
 _7567_/X
 _7568_/X
 _7569_/X
 _7572_/X
 _7573_/X
 _7574_/X
 _7575_/X
 _7576_/X
 _7578_/X
 _7581_/X
 _7582_/X
 _7583_/X
 _7584_/X
 _7585_/X
 _7587_/X
 _7588_/Y
 _7589_/Y
 _7590_/X
 _7591_/X
 _7592_/X
 _7594_/X
 _7597_/X
 _7598_/X
 _7600_/X
 _7602_/X
 _7603_/X
 _7606_/X
 _7607_/X
 _7610_/X
 _7612_/X
 _7613_/X
 _7614_/X
 _7616_/X
 _7619_/X
 _7622_/X
 _7623_/X
 _7624_/X
 _7625_/X
 _7626_/X
 _7627_/X
 _7628_/X
 _7629_/X
 _7630_/X
 _7631_/X
 _7632_/X
 _7633_/X
 _7635_/X
 _7638_/X
 _7639_/X
 _7641_/X
 _7642_/X
 _7643_/X
 _7646_/X
 _7648_/X
 _7650_/X
 _7652_/X
 _7654_/X
 _7657_/X
 _7662_/X
 _7664_/X
 _7665_/X
 _7666_/X
 _7667_/X
 _7672_/X
 _7673_/X
 _7676_/X
 _7677_/X
 _7678_/Y
 _7679_/X
 _7680_/X
 _7682_/X
 _7686_/X
 _7687_/X
 _7688_/X
 _7691_/X
 _7692_/X
 _7694_/X
 _7697_/X
 _7698_/X
 _7702_/X
 _7703_/X
 _7705_/X
 _7708_/X
 _7709_/X
 _7710_/X
 _7711_/X
 _7713_/X
 _7714_/X
 _7715_/X
 _7716_/X
 _7719_/X
 _7721_/X
 _7723_/X
 _7724_/X
 _7726_/X
 _7728_/X
 _7732_/X
 _7733_/X
 _7735_/X
 _7741_/X
 _7743_/X
 _7744_/X
 _7745_/X
 _7748_/X
 _7749_/X
 _7750_/X
 _7752_/X
 _7753_/X
 _7755_/X
 _7756_/X
 _7757_/X
 _7760_/X
 _7761_/X
 _7762_/X
 _7764_/X
 _7767_/X
 _7769_/X
 _7775_/X
 _7777_/X
 _7778_/X
 _7779_/X
 _7780_/X
 _7782_/X
 _7783_/X
 _7786_/X
 _7789_/X
 _7791_/X
 _7795_/X
 _7797_/X
 _7798_/X
 _7799_/X
 _7803_/X
 _7804_/X
 _7807_/X
 _7808_/X
 _7810_/X
 _7813_/X
 _7818_/X
 _7820_/X
 _7821_/X
 _7822_/X
 _7823_/X
 _7824_/Q
 _7825_/Q
 _7826_/Q
 _7827_/Q
 _7831_/Q
 _7832_/Q
 _7833_/Q
 _7834_/Q
 _7836_/Q
 _7838_/Q
 _7839_/Q
 _7840_/Q
 _7841_/Q
 _7842_/Q
 _7843_/Q
 _7845_/Q
 _7846_/Q
 _7847_/Q
 _7848_/Q
 _7849_/Q
 _7850_/Q
 _7852_/Q
 _7853_/Q
 _7854_/Q
 _7855_/Q
 _7857_/Q
 _7858_/Q
 _7860_/Q
 _7861_/Q
 _7862_/Q
 _7863_/Q
 _7864_/Q
 _7865_/Q
 _7866_/Q
 _7867_/Q
 _7868_/Q
 _7869_/Q
 _7871_/Q
 _7872_/Q
 _7874_/Q
 _7875_/Q
 _7876_/Q
 _7877_/Q
 _7878_/Q
 _7879_/Q
 _7880_/Q
 _7881_/Q
 _7882_/Q
 _7885_/Q
 _7887_/Q
 _7888_/Q
 _7889_/Q
 _7890_/Q
 _7891_/Q
 _7892_/Q
 _7893_/Q
 _7894_/Q
 _7895_/Q
 _7896_/Q
 _7897_/Q
 _7898_/Q
 _7899_/Q
 _7900_/Q
 _7901_/Q
 _7902_/Q
 _7903_/Q
 _7904_/Q
 _7905_/Q
 _7906_/Q
 _7908_/Q
 _7910_/Q
 _7911_/Q
 _7914_/Q
 _7916_/Q
 _7917_/Q
 _7918_/Q
 _7920_/Q
 _7921_/Q
 _7923_/Q
 _7924_/Q
 _7926_/Q
 _7927_/Q
 _7929_/Q
 _7930_/Q
 _7931_/Q
 _7932_/Q
 _7933_/Q
 _7934_/Q
 _7935_/Q
 _7936_/Q
 _7937_/Q
 _7938_/Q
 _7940_/Q
 _7941_/Q
 _7942_/Q
 _7943_/Q
 _7944_/Q
 _7946_/Q
 _7947_/Q
 _7948_/Q
 _7951_/Q
 _7953_/Q
 _7954_/Q
 _7955_/Q
 _7958_/Q
 _7960_/Q
 _7961_/Q
 _7962_/Q
 _7963_/Q
 _7964_/Q
 _7965_/Q
 _7966_/Q
 _7967_/Q
 _7968_/Q
 _7969_/Q
 _7970_/Q
 _7971_/Q
 _7972_/Q
 _7975_/Q
 _7976_/Q
 _7979_/Q
 _7980_/Q
 _7983_/Q
 _7984_/Q
 _7985_/Q
 _7986_/Q
 _7989_/Q
 _7990_/Q
 _7991_/Q
 _7992_/Q
 _7993_/Q
 _7994_/Q
 _7995_/Q
 _7997_/Q
 _7998_/Q
 _8000_/Q
 _8001_/Q
 _8002_/Q
 _8003_/Q
 _8004_/Q
 _8005_/Q
 _8006_/Q
 _8007_/Q
 _8008_/Q
 _8010_/Q
 _8011_/Q
 _8012_/Q
 _8013_/Q
 _8014_/Q
 _8015_/Q
 _8017_/Q
 _8018_/Q
 _8020_/Q
 _8021_/Q
 _8022_/Q
 _8023_/Q
 _8024_/Q
 _8025_/Q
 _8026_/Q
 _8028_/Q
 _8029_/Q
 _8031_/Q
 _8032_/Q
 _8033_/Q
 _8034_/Q
 _8036_/Q
 _8038_/Q
 _8040_/Q
 _8041_/Q
 _8042_/Q
 _8044_/Q
 _8045_/Q
 _8046_/Q
 _8047_/Q
 _8048_/Q
 _8049_/Q
 _8051_/Q
 _8052_/Q
 _8056_/Q
 _8057_/Q
 _8058_/Q
 _8059_/Q
 _8060_/Q
 _8061_/Q
 _8062_/Q
 _8065_/Q
 _8067_/Q
 _8068_/Q
 _8069_/Q
 _8071_/Q
 _8072_/Q
 _8074_/Q
 _8076_/Q
 _8077_/Q
 _8078_/Q
 _8080_/Q
 _8081_/Q
 _8082_/Q
 _8083_/Q
 _8084_/Q
 _8085_/Q
 _8087_/Q
 _8089_/Q
 _8091_/Q
 _8094_/Q
 _8095_/Q
 _8096_/Q
 _8097_/Q
 _8098_/Q
 _8100_/Q
 _8102_/Q
 _8103_/Q
 _8104_/Q
 _8105_/Q
 _8108_/Q
 _8109_/Q
 _8110_/Q
 _8111_/Q
 _8112_/Q
 _8115_/Q
 _8116_/Q
 _8117_/Q
 _8118_/Q
 _8119_/Q
 _8121_/Q
 _8122_/Q
 _8123_/Q
 _8124_/Q
 _8126_/Q
 _8128_/Q
 _8129_/Q
 _8130_/Q
 _8131_/Q
 _8133_/Q
 _8134_/Q
 _8135_/Q
 _8136_/Q
 _8137_/Q
 _8138_/Q
 _8139_/Q
 _8140_/Q
 _8141_/Q
 _8142_/Q
 _8143_/Q
 _8144_/Q
 _8145_/Q
 _8146_/Q
 _8147_/Q
 _8148_/Q
 _8149_/Q
 _8152_/Q
 _8153_/Q
 _8154_/Q
 _8155_/Q
 _8158_/Q
 _8159_/Q
 _8160_/Q
 _8161_/Q
 _8162_/Q
 _8163_/Q
 _8164_/Q
 _8165_/Q
 _8166_/Q
 _8167_/Q
 _8168_/Q
 _8169_/Q
 _8170_/Q
 _8171_/Q
 _8173_/Q
 _8174_/Q
 _8175_/Q
 _8176_/Q
 _8177_/Q
 _8178_/Q
 _8179_/Q
 _8180_/Q
 _8182_/Q
 _8184_/Q
 _8185_/Q
 _8186_/Q
 _8187_/Q
 _8188_/Q
 _8189_/Q
 _8191_/Q
 _8192_/Q
 _8193_/Q
 _8194_/Q
 _8195_/Q
 _8196_/Q
 _8198_/Q
 _8199_/Q
 _8200_/Q
 _8201_/Q
 _8202_/Q
 _8203_/Q
 _8204_/Q
 _8206_/Q
 _8207_/Q
 _8208_/Q
 _8209_/Q
 _8210_/Q
 _8213_/Q
 _8214_/Q
 _8216_/Q
 _8217_/Q
 _8218_/Q
 _8219_/Q
 _8220_/Q
 _8221_/Q
 _8223_/Q
 _8224_/Q
 _8226_/Q
 _8227_/Q
 _8228_/Q
 _8229_/Q
 _8230_/Q
 _8231_/Q
 _8232_/Q
 _8234_/Q
 _8238_/Q
 _8240_/Q
 _8241_/Q
 _8242_/Q
 _8244_/Q
 _8245_/Q
 _8246_/Q
 _8247_/Q
 _8248_/Q
 _8250_/Q
 _8251_/Q
 _8252_/Q
 _8253_/Q
 _8254_/Q
 _8256_/Q
 _8257_/Q
 _8258_/Q
 _8259_/Q
 _8260_/Q
 _8262_/Q
 _8263_/Q
 _8264_/Q
 _8265_/Q
 _8266_/Q
 _8267_/Q
 _8268_/Q
 _8269_/Q
 _8271_/Q
 _8272_/Q
 _8273_/Q
 _8274_/Q
 _8276_/Q
 _8278_/Q
 _8279_/Q
 _8280_/Q
 _8281_/Q
 _8282_/Q
 _8283_/Q
 _8284_/Q
 _8285_/Q
 _8286_/Q
 _8287_/Q
 _8289_/Q
 _8290_/Q
 _8292_/Q
 _8294_/Q
 _8295_/Q
 _8297_/Q
 _8298_/Q
 _8299_/Q
 _8300_/Q
 _8301_/Q
 _8303_/Q
 _8304_/Q
 _8305_/Q
 _8306_/Q
 _8307_/Q
 _8308_/Q
 _8309_/Q
 _8310_/Q
 _8311_/Q
 _8312_/Q
 _8313_/Q
 _8314_/Q
 _8315_/Q
 _8317_/Q
 _8318_/Q
 _8319_/Q
 _8320_/Q
 _8321_/Q
 _8322_/Q
 _8323_/Q
 _8324_/Q
 _8325_/Q
 _8327_/Q
 _8329_/Q
 _8330_/Q
 _8332_/Q
 _8333_/Q
 _8334_/Q
 _8335_/Q
 _8336_/Q
 _8337_/Q
 _8338_/Q
 _8339_/Q
 _8340_/Q
 _8341_/Q
 _8342_/Q
 _8344_/Q
 _8345_/Q
 _8346_/Q
 _8347_/Q
 _8348_/Q
 _8349_/Q
 _8350_/Q
 _8351_/Q
 _8352_/Q
 _8353_/Q
 _8355_/Q
 _8356_/Q
 _8358_/Q
 _8359_/Q
 _8360_/Q
 _8361_/Q
 _8363_/Q
 _8364_/Q
 _8365_/Q
 _8366_/Q
 _8367_/Q
 _8368_/Q
 _8369_/Q
 _8370_/Q
 _8371_/Q
 _8372_/Q
 _8373_/Q
 _8374_/Q
 _8375_/Q
 _8376_/Q
 _8378_/Q
 _8379_/Q
 _8380_/Q
 _8381_/Q
 _8382_/Q
 _8383_/Q
 _8384_/Q
 _8385_/Q
 _8386_/Q
 _8387_/Q
 _8388_/Q
 _8389_/Q
 _8390_/Q
 _8391_/Q
 _8392_/Q
 _8393_/Q
 _8395_/Q
 _8397_/Q
 _8398_/Q
 _8399_/Q
 _8400_/Q
 _8401_/Q
 _8402_/Q
 _8403_/Q
 _8404_/Q
 _8405_/Q
 _8407_/Q
 _8409_/Q
 _8410_/Q
 _8411_/Q
 _8412_/Q
 _8415_/Q
 _8416_/Q
 _8417_/Q
 _8420_/Q
 _8422_/Q
 _8423_/Q
 _8424_/Q
 _8425_/Q
 _8426_/Q
 _8428_/Q
 _8429_/Q
 _8430_/Q
 _8433_/Q
 _8435_/Q
 _8437_/Q
 _8438_/Q
 _8439_/Q
 _8440_/Q
 _8441_/Q
 _8442_/Q
 _8443_/Q
 _8444_/Q
 _8445_/Q
 _8447_/Q
 _8449_/Q
 _8451_/Q
 _8452_/Q
 _8454_/Q
 _8455_/Q
 _8456_/Q
 _8458_/Q
 _8459_/Q
 _8461_/Q
 _8462_/Q
 _8463_/Q
 _8464_/Q
 _8466_/Q
 _8467_/Q
 _8468_/Q
 _8469_/Q
 _8470_/Q
 _8471_/Q
 _8472_/Q
 _8473_/Q
 _8474_/Q
 _8475_/Q
 _8476_/Q
 _8477_/Q
 _8478_/Q
 _8480_/Q
 _8481_/Q
 _8482_/Q
 _8483_/Q
 _8484_/Q
 _8485_/Q
 _8486_/Q
 _8487_/Q
 _8488_/Q
 _8489_/Q
 _8490_/Q
 _8491_/Q
 _8492_/Q
 _8493_/Q
 _8494_/Q
 _8495_/Q
 _8496_/Q
 _8497_/Q
 _8498_/Q
 _8499_/Q
 _8500_/Q
 _8501_/Q
 _8502_/Q
 _8503_/Q
 _8504_/Q
 _8505_/Q
 _8506_/Q
 _8507_/Q
 _8509_/Q
 _8511_/Q
 _8512_/Q
 _8514_/Q
 _8515_/Q
 _8516_/Q
 _8517_/Q
 _8518_/Q
 _8519_/Q
 _8520_/Q
 _8521_/Q
 _8522_/Q
 _8523_/Q
 _8524_/Q
 _8525_/Q
 _8527_/Q
 _8530_/Q
 _8531_/Q
 _8532_/Q
 _8534_/Q
 _8536_/Q
 _8537_/Q
 _8538_/Q
 _8539_/Q
 _8540_/Q
 _8541_/Q
 _8542_/Q
 _8543_/Q
 _8544_/Q
 _8545_/Q
 _8546_/Q
 _8548_/Q
 _8549_/Q
 _8550_/Q
 _8551_/Q
 _8552_/Q
 _8553_/Q
 _8554_/Q
 _8555_/Q
 _8556_/Q
 _8557_/Q
 _8558_/Q
 _8559_/Q
 _8560_/Q
 _8561_/Q
 _8564_/Q
 _8565_/Q
 _8566_/Q
 _8567_/Q
 _8568_/Q
 _8569_/Q
 _8570_/Q
 _8571_/Q
 _8572_/Q
 _8573_/Q
 _8575_/Q
 _8576_/Q
 _8577_/Q
 _8578_/Q
 _8579_/Q
 _8580_/Q
 _8582_/Q
 _8583_/Q
 _8584_/Q
 _8587_/Q
 _8590_/Q
 _8591_/Q
 _8592_/Q
 _8593_/Q
 _8594_/Q
 _8595_/Q
 _8597_/Q
 _8599_/Q
 _8600_/Q
 _8601_/Q
 _8602_/Q
 _8603_/Q
 _8604_/Q
 _8605_/Q
 _8606_/Q
 _8607_/Q
 _8609_/Q
 _8610_/Q
 _8612_/Q
 _8615_/Q
 _8617_/Q
 _8618_/Q
 _8620_/Q
 _8621_/Q
 _8622_/Q
 _8624_/Q
 _8627_/Q
 _8628_/Q
 _8630_/Q
 _8632_/Q
 _8633_/Q
 _8634_/Q
 _8635_/Q
 _8636_/Q
 _8637_/Q
 _8638_/Q
 _8639_/Q
 _8640_/Q
 _8641_/Q
 _8642_/Q
 _8643_/Q
 _8645_/Q
 _8647_/Q
 _8648_/Q
 _8649_/Q
 _8650_/Q
 _8651_/Q
 _8655_/Q
 _8657_/Q
 _8658_/Q
 _8659_/Q
 _8660_/Q
 _8661_/Q
 _8662_/Q
 _8663_/Q
 _8664_/Q
 _8665_/Q
 _8666_/Q
 _8667_/Q
 _8668_/Q
 _8669_/Q
 _8670_/Q
 _8671_/Q
 _8673_/Q
 _8674_/Q
 _8675_/Q
 _8677_/Q
 _8678_/Q
 _8679_/Q
 _8680_/Q
 _8681_/Q
 _8683_/Q
 _8684_/Q
 _8685_/Q
 _8686_/Q
 _8687_/Q
 _8688_/Q
 _8689_/Q
 _8690_/Q
 _8691_/Q
 _8692_/Q
 _8693_/Q
 _8694_/Q
 _8695_/Q
 _8696_/Q
 _8697_/Q
 _8698_/Q
 _8699_/Q
 _8700_/Q
 _8701_/Q
 _8704_/Q
 _8705_/Q
 _8706_/Q
 _8707_/Q
 _8708_/Q
 _8709_/Q
 _8710_/Q
 _8711_/Q
 _8712_/Q
 _8713_/Q
 _8715_/Q
 _8716_/Q
 _8717_/Q
 _8718_/Q
 _8719_/Q
 _8720_/Q
 _8721_/Q
 _8722_/Q
 _8723_/Q
 _8724_/Q
 _8725_/Q
 _8727_/Q
 _8728_/Q
 _8729_/Q
 _8730_/Q
 _8731_/Q
 _8732_/Q
 _8736_/Q
 _8737_/Q
 _8738_/Q
 _8739_/Q
 _8740_/Q
 _8741_/Q
 _8742_/Q
 _8743_/Q
 _8744_/Q
 _8745_/Q
 _8747_/Q
 _8749_/Q
 _8750_/Q
 _8751_/Q
 _8752_/Q
 _8753_/Q
 _8754_/Q
 _8755_/Q
 _8756_/Q
 _8758_/Q
 _8759_/Q
 _8760_/Q
 _8761_/Q
 _8762_/Q
 _8764_/Q
 _8766_/Q
 _8767_/Q
 _8768_/Q
 _8770_/Q
 _8771_/Q
 _8772_/Q
 _8773_/Q
 _8774_/Q
 _8775_/Q
 _8776_/Q
 _8777_/Q
 _8778_/Q
 _8779_/Q
 _8780_/Q
 _8781_/Q
 _8782_/Q
 _8785_/Q
 _8787_/Q
 _8789_/Q
 _8790_/Q
 _8793_/Q
 _8794_/Q
 _8795_/Q
 _8796_/Q
 _8797_/Q
 _8798_/Q
 _8799_/Q
 _8800_/Q
 _8801_/Q
 _8803_/Q
 _8804_/Q
 _8805_/Q
 _8806_/Q
 _8807_/Q
 _8808_/Q
 _8809_/Q
 _8810_/Q
 _8811_/Q
 _8813_/Q
 _8814_/Q
 _8815_/Q
 _8816_/Q
 _8817_/Q
 _8818_/Q
 _8819_/Q
 _8821_/Q
 _8822_/Q
 _8823_/Q
 _8824_/Q
 _8825_/Q
 _8827_/Q
 _8828_/Q
 _8829_/Q
 _8830_/Q
 _8832_/Q
 _8834_/Q
 _8835_/Q
 _8836_/Q
 _8837_/Q
 _8838_/Q
 _8840_/Q
 _8841_/Q
 _8844_/Q
 _8845_/Q
 _8846_/Q
 clkbuf_0_clk/X
 clkbuf_4_0_0_clk/X
 clkbuf_4_10_0_clk/X
 clkbuf_4_11_0_clk/X
 clkbuf_4_12_0_clk/X
 clkbuf_4_13_0_clk/X
 clkbuf_4_14_0_clk/X
 clkbuf_4_15_0_clk/X
 clkbuf_4_1_0_clk/X
 clkbuf_4_2_0_clk/X
 clkbuf_4_3_0_clk/X
 clkbuf_4_4_0_clk/X
 clkbuf_4_5_0_clk/X
 clkbuf_4_6_0_clk/X
 clkbuf_4_7_0_clk/X
 clkbuf_4_8_0_clk/X
 clkbuf_4_9_0_clk/X
 clkbuf_leaf_101_clk/X
 clkbuf_leaf_102_clk/X
 clkbuf_leaf_112_clk/X
 clkbuf_leaf_119_clk/X
 clkbuf_leaf_120_clk/X
 clkbuf_leaf_123_clk/X
 clkbuf_leaf_124_clk/X
 clkbuf_leaf_127_clk/X
 clkbuf_leaf_16_clk/X
 clkbuf_leaf_17_clk/X
 clkbuf_leaf_18_clk/X
 clkbuf_leaf_26_clk/X
 clkbuf_leaf_27_clk/X
 clkbuf_leaf_28_clk/X
 clkbuf_leaf_32_clk/X
 clkbuf_leaf_34_clk/X
 clkbuf_leaf_35_clk/X
 clkbuf_leaf_36_clk/X
 clkbuf_leaf_38_clk/X
 clkbuf_leaf_47_clk/X
 clkbuf_leaf_50_clk/X
 clkbuf_leaf_55_clk/X
 clkbuf_leaf_56_clk/X
 clkbuf_leaf_57_clk/X
 clkbuf_leaf_85_clk/X
 input1/X
 input2/X
 input3/X
 input4/X
 input5/X
 input6/X
 input7/X
 output14/X
 output17/X
 output18/X
 output25/X
 output34/X
 output38/X
 output39/X
 output40/X
 output41/X
 output42/X
 output43/X
 output52/X
 output63/X
 output66/X
 output67/X
 output68/X
 output69/X

===========================================================================
max slew violation count 2
max fanout violation count 0
max cap violation count 0
============================================================================

===========================================================================
check_setup -verbose -unconstrained_endpoints -multiple_clock -no_clock -no_input_delay -loops -generated_clocks
===========================================================================
Warning: There are 48 input ports missing set_input_delay.
  A1[0]
  A1[1]
  A1[2]
  A1[3]
  A1[4]
  A2[0]
  A2[1]
  A2[2]
  A2[3]
  A2[4]
  A3[0]
  A3[1]
  A3[2]
  A3[3]
  A3[4]
  WD3[0]
  WD3[10]
  WD3[11]
  WD3[12]
  WD3[13]
  WD3[14]
  WD3[15]
  WD3[16]
  WD3[17]
  WD3[18]
  WD3[19]
  WD3[1]
  WD3[20]
  WD3[21]
  WD3[22]
  WD3[23]
  WD3[24]
  WD3[25]
  WD3[26]
  WD3[27]
  WD3[28]
  WD3[29]
  WD3[2]
  WD3[30]
  WD3[31]
  WD3[3]
  WD3[4]
  WD3[5]
  WD3[6]
  WD3[7]
  WD3[8]
  WD3[9]
  WE3
Warning: There are 64 unconstrained endpoints.
  RD1[0]
  RD1[10]
  RD1[11]
  RD1[12]
  RD1[13]
  RD1[14]
  RD1[15]
  RD1[16]
  RD1[17]
  RD1[18]
  RD1[19]
  RD1[1]
  RD1[20]
  RD1[21]
  RD1[22]
  RD1[23]
  RD1[24]
  RD1[25]
  RD1[26]
  RD1[27]
  RD1[28]
  RD1[29]
  RD1[2]
  RD1[30]
  RD1[31]
  RD1[3]
  RD1[4]
  RD1[5]
  RD1[6]
  RD1[7]
  RD1[8]
  RD1[9]
  RD2[0]
  RD2[10]
  RD2[11]
  RD2[12]
  RD2[13]
  RD2[14]
  RD2[15]
  RD2[16]
  RD2[17]
  RD2[18]
  RD2[19]
  RD2[1]
  RD2[20]
  RD2[21]
  RD2[22]
  RD2[23]
  RD2[24]
  RD2[25]
  RD2[26]
  RD2[27]
  RD2[28]
  RD2[29]
  RD2[2]
  RD2[30]
  RD2[31]
  RD2[3]
  RD2[4]
  RD2[5]
  RD2[6]
  RD2[7]
  RD2[8]
  RD2[9]
