Sun Jun 01 17:41:33 +0000 2025 - Executing "{openroad -exit -no_init -python /openlane/scripts/odbpy/lefutil.py get_metal_layers -o /openlane/designs/project4/runs/RUN_2025.06.01_17.41.00/tmp/layers.list /home/omern/.volare/sky130A/libs.ref/sky130_fd_sc_hd/techlef/sky130_fd_sc_hd__nom.tlef}"

Sun Jun 01 17:41:35 +0000 2025 - Executing "{/openlane/scripts/mergeLef.py -o /openlane/designs/project4/runs/RUN_2025.06.01_17.41.00/tmp/merged.nom.lef -i /home/omern/.volare/sky130A/libs.ref/sky130_fd_sc_hd/techlef/sky130_fd_sc_hd__nom.tlef {/home/omern/.volare/sky130A/libs.ref/sky130_fd_sc_hd/lef/sky130_ef_sc_hd.lef /home/omern/.volare/sky130A/libs.ref/sky130_fd_sc_hd/lef/sky130_fd_sc_hd.lef} |& tee /dev/null}"

Sun Jun 01 17:41:36 +0000 2025 - Executing "{/openlane/scripts/mergeLef.py -o /openlane/designs/project4/runs/RUN_2025.06.01_17.41.00/tmp/merged.min.lef -i /home/omern/.volare/sky130A/libs.ref/sky130_fd_sc_hd/techlef/sky130_fd_sc_hd__min.tlef {/home/omern/.volare/sky130A/libs.ref/sky130_fd_sc_hd/lef/sky130_ef_sc_hd.lef /home/omern/.volare/sky130A/libs.ref/sky130_fd_sc_hd/lef/sky130_fd_sc_hd.lef} |& tee /dev/null}"

Sun Jun 01 17:41:36 +0000 2025 - Executing "{/openlane/scripts/mergeLef.py -o /openlane/designs/project4/runs/RUN_2025.06.01_17.41.00/tmp/merged.max.lef -i /home/omern/.volare/sky130A/libs.ref/sky130_fd_sc_hd/techlef/sky130_fd_sc_hd__max.tlef {/home/omern/.volare/sky130A/libs.ref/sky130_fd_sc_hd/lef/sky130_ef_sc_hd.lef /home/omern/.volare/sky130A/libs.ref/sky130_fd_sc_hd/lef/sky130_fd_sc_hd.lef} |& tee /dev/null}"

Sun Jun 01 17:41:37 +0000 2025 - Executing "{python3 /openlane/scripts/mergeLib.py --output /openlane/designs/project4/runs/RUN_2025.06.01_17.41.00/tmp/synthesis/merged.lib --name sky130A_merged /home/omern/.volare/sky130A/libs.ref/sky130_fd_sc_hd/lib/sky130_fd_sc_hd__tt_025C_1v80.lib}"

Sun Jun 01 17:41:38 +0000 2025 - Executing "{python3 /openlane/scripts/libtrim.py --cell-file /openlane/designs/project4/runs/RUN_2025.06.01_17.41.00/tmp/synthesis/trimmed.lib.exclude.list --output /openlane/designs/project4/runs/RUN_2025.06.01_17.41.00/tmp/synthesis/trimmed.lib /openlane/designs/project4/runs/RUN_2025.06.01_17.41.00/tmp/synthesis/merged.lib}"

Sun Jun 01 17:41:40 +0000 2025 - Executing "{python3 /openlane/scripts/libtrim.py --cell-file /openlane/designs/project4/runs/RUN_2025.06.01_17.41.00/tmp/cts/cts.lib.exclude.list --output /openlane/designs/project4/runs/RUN_2025.06.01_17.41.00/tmp/cts/cts.lib /home/omern/.volare/sky130A/libs.ref/sky130_fd_sc_hd/lib/sky130_fd_sc_hd__tt_025C_1v80.lib}"

Sun Jun 01 17:41:42 +0000 2025 - Executing "{python3 /openlane/scripts/libtrim.py --cell-file /openlane/designs/project4/runs/RUN_2025.06.01_17.41.00/tmp/cts/cts-fastest.lib.exclude.list --output /openlane/designs/project4/runs/RUN_2025.06.01_17.41.00/tmp/cts/cts-fastest.lib /home/omern/.volare/sky130A/libs.ref/sky130_fd_sc_hd/lib/sky130_fd_sc_hd__ff_n40C_1v95.lib}"

Sun Jun 01 17:41:54 +0000 2025 - Executing "{python3 /openlane/scripts/libtrim.py --cell-file /openlane/designs/project4/runs/RUN_2025.06.01_17.41.00/tmp/cts/cts-slowest.lib.exclude.list --output /openlane/designs/project4/runs/RUN_2025.06.01_17.41.00/tmp/cts/cts-slowest.lib /home/omern/.volare/sky130A/libs.ref/sky130_fd_sc_hd/lib/sky130_fd_sc_hd__ss_100C_1v60.lib}"

Sun Jun 01 17:41:56 +0000 2025 - Executing "{python3 /openlane/scripts/new_tracks.py -i /home/omern/.volare/sky130A/libs.tech/openlane/sky130_fd_sc_hd/tracks.info -o /openlane/designs/project4/runs/RUN_2025.06.01_17.41.00/tmp/routing/config.tracks}"

Sun Jun 01 17:41:57 +0000 2025 - Executing "{echo {OpenLane e73fb3c57e687a0023fcd4dcfd1566ecd478362a} > /openlane/designs/project4/runs/RUN_2025.06.01_17.41.00/OPENLANE_COMMIT}"

Sun Jun 01 17:41:58 +0000 2025 - Executing "{yosys -c /openlane/scripts/yosys/blackbox.tcl}"

Sun Jun 01 17:41:59 +0000 2025 - Executing "{verilator -Wall --lint-only --Wno-DECLFILENAME --top-module project4 /openlane/designs/project4/runs/RUN_2025.06.01_17.41.00/tmp/synthesis/blackbox/sky130_fd_sc_hd__blackbox.v /openlane/designs/project4/src/lab4.v -Wno-fatal --relative-includes |& tee /openlane/designs/project4/runs/RUN_2025.06.01_17.41.00/logs/synthesis/linter.log /dev/null}"

Sun Jun 01 17:42:01 +0000 2025 - Executing "{sed -E {s/^([[:space:]]+)pg_pin(.*)/\1pin\2\n\1    direction : "inout";/g} /home/omern/.volare/sky130A/libs.ref/sky130_fd_sc_hd/lib/sky130_fd_sc_hd__tt_025C_1v80.lib > /openlane/designs/project4/runs/RUN_2025.06.01_17.41.00/tmp/synthesis/1-sky130_fd_sc_hd__tt_025C_1v80.no_pg.lib}"

Sun Jun 01 17:42:08 +0000 2025 - Executing "{sed -E {s/^([[:space:]]+)pg_pin(.*)/\1pin\2\n\1    direction : "inout";/g} /openlane/designs/project4/runs/RUN_2025.06.01_17.41.00/tmp/synthesis/trimmed.lib > /openlane/designs/project4/runs/RUN_2025.06.01_17.41.00/tmp/synthesis/1-trimmed.no_pg.lib}"

Sun Jun 01 17:42:14 +0000 2025 - Executing "yosys -c /openlane/scripts/yosys/synth.tcl |& tee /dev/null /openlane/designs/project4/runs/RUN_2025.06.01_17.41.00/logs/synthesis/1-synthesis.log"

Sun Jun 01 17:42:14 +0000 2025 - Executing "{yosys -c /openlane/scripts/yosys/synth.tcl |& tee /dev/null /openlane/designs/project4/runs/RUN_2025.06.01_17.41.00/logs/synthesis/1-synthesis.log}"

Sun Jun 01 17:42:44 +0000 2025 - Executing "{sed -i.bak -e {s/\(set ::env(CURRENT_NETLIST)\).*/\1 \/openlane\/designs\/project4\/runs\/RUN_2025.06.01_17.41.00\/results\/synthesis\/project4.v/} /openlane/designs/project4/runs/RUN_2025.06.01_17.41.00/config.tcl}"

Sun Jun 01 17:42:44 +0000 2025 - Executing "{sed -i.bak /defparam/d /openlane/designs/project4/runs/RUN_2025.06.01_17.41.00/results/synthesis/project4.v}"

Sun Jun 01 17:42:47 +0000 2025 - Executing "sta -exit -no_init /openlane/scripts/openroad/sta/multi_corner.tcl |& tee /dev/null /openlane/designs/project4/runs/RUN_2025.06.01_17.41.00/logs/synthesis/2-sta.log"

Sun Jun 01 17:42:47 +0000 2025 - Executing "{sta -exit -no_init /openlane/scripts/openroad/sta/multi_corner.tcl |& tee /dev/null /openlane/designs/project4/runs/RUN_2025.06.01_17.41.00/logs/synthesis/2-sta.log}"

Sun Jun 01 17:42:56 +0000 2025 - Executing "openroad -exit /openlane/scripts/openroad/floorplan.tcl |& tee /dev/null /openlane/designs/project4/runs/RUN_2025.06.01_17.41.00/logs/floorplan/3-initial_fp.log"

Sun Jun 01 17:42:57 +0000 2025 - Executing "{openroad -exit /openlane/scripts/openroad/floorplan.tcl |& tee /dev/null /openlane/designs/project4/runs/RUN_2025.06.01_17.41.00/logs/floorplan/3-initial_fp.log}"

Sun Jun 01 17:43:02 +0000 2025 - Executing "{openroad -exit -no_init -python /openlane/scripts/odbpy/defutil.py extract_core_dims --output-data /openlane/designs/project4/runs/RUN_2025.06.01_17.41.00/tmp/dimensions.txt --input-lef /openlane/designs/project4/runs/RUN_2025.06.01_17.41.00/tmp/merged.nom.lef /openlane/designs/project4/runs/RUN_2025.06.01_17.41.00/tmp/floorplan/3-initial_fp.def}"

Sun Jun 01 17:43:06 +0000 2025 - Executing "{openroad -exit -no_init -python /openlane/scripts/odbpy/io_place.py --config /openlane/designs/project4/pin_order.cfg --hor-layer met3 --ver-layer met2 --ver-width-mult 2 --hor-width-mult 2 --hor-extension 0 --ver-extension 0 --length 4 --unmatched-error --input-lef /openlane/designs/project4/runs/RUN_2025.06.01_17.41.00/tmp/merged.nom.lef --output-def /openlane/designs/project4/runs/RUN_2025.06.01_17.41.00/tmp/floorplan/4-io.def --output /openlane/designs/project4/runs/RUN_2025.06.01_17.41.00/tmp/floorplan/4-io.odb /openlane/designs/project4/runs/RUN_2025.06.01_17.41.00/tmp/floorplan/3-initial_fp.odb |& tee /dev/null /openlane/designs/project4/runs/RUN_2025.06.01_17.41.00/logs/floorplan/4-place_io.log}"

Sun Jun 01 17:43:11 +0000 2025 - Executing "openroad -exit /openlane/scripts/openroad/tapcell.tcl |& tee /dev/null /openlane/designs/project4/runs/RUN_2025.06.01_17.41.00/logs/floorplan/5-tap.log"

Sun Jun 01 17:43:11 +0000 2025 - Executing "{openroad -exit /openlane/scripts/openroad/tapcell.tcl |& tee /dev/null /openlane/designs/project4/runs/RUN_2025.06.01_17.41.00/logs/floorplan/5-tap.log}"

Sun Jun 01 17:43:19 +0000 2025 - Executing "openroad -exit /openlane/scripts/openroad/pdn.tcl |& tee /dev/null /openlane/designs/project4/runs/RUN_2025.06.01_17.41.00/logs/floorplan/6-pdn.log"

Sun Jun 01 17:43:19 +0000 2025 - Executing "{openroad -exit /openlane/scripts/openroad/pdn.tcl |& tee /dev/null /openlane/designs/project4/runs/RUN_2025.06.01_17.41.00/logs/floorplan/6-pdn.log}"

Sun Jun 01 17:43:25 +0000 2025 - Executing "{openroad -exit -no_init -python /openlane/scripts/odbpy/random_place.py --input-lef /openlane/designs/project4/runs/RUN_2025.06.01_17.41.00/tmp/merged.nom.lef --output-def /openlane/designs/project4/runs/RUN_2025.06.01_17.41.00/tmp/placement/7-global.def --output /openlane/designs/project4/runs/RUN_2025.06.01_17.41.00/tmp/placement/7-global.odb /openlane/designs/project4/runs/RUN_2025.06.01_17.41.00/results/floorplan/project4.odb |& tee /dev/null /openlane/designs/project4/runs/RUN_2025.06.01_17.41.00/logs/placement/7-global.log}"

Sun Jun 01 17:43:30 +0000 2025 - Executing "openroad -exit /openlane/scripts/openroad/resizer.tcl |& tee /dev/null /openlane/designs/project4/runs/RUN_2025.06.01_17.41.00/logs/placement/8-resizer.log"

Sun Jun 01 17:43:31 +0000 2025 - Executing "{openroad -exit /openlane/scripts/openroad/resizer.tcl |& tee /dev/null /openlane/designs/project4/runs/RUN_2025.06.01_17.41.00/logs/placement/8-resizer.log}"

Sun Jun 01 17:43:58 +0000 2025 - Executing "{sed -i.bak -e {s/\(set ::env(CURRENT_NETLIST)\).*/\1 \/openlane\/designs\/project4\/runs\/RUN_2025.06.01_17.41.00\/tmp\/placement\/8-resizer.nl.v/} /openlane/designs/project4/runs/RUN_2025.06.01_17.41.00/config.tcl}"

Sun Jun 01 17:43:59 +0000 2025 - Executing "openroad -exit /openlane/scripts/openroad/dpl.tcl |& tee /dev/null /openlane/designs/project4/runs/RUN_2025.06.01_17.41.00/logs/placement/9-detailed.log"

Sun Jun 01 17:44:00 +0000 2025 - Executing "{openroad -exit /openlane/scripts/openroad/dpl.tcl |& tee /dev/null /openlane/designs/project4/runs/RUN_2025.06.01_17.41.00/logs/placement/9-detailed.log}"

Sun Jun 01 17:44:06 +0000 2025 - Executing "{sed -i.bak -e {s/\(set ::env(CURRENT_NETLIST)\).*/\1 \/openlane\/designs\/project4\/runs\/RUN_2025.06.01_17.41.00\/results\/placement\/project4.nl.v/} /openlane/designs/project4/runs/RUN_2025.06.01_17.41.00/config.tcl}"

Sun Jun 01 17:44:08 +0000 2025 - Executing "openroad -exit /openlane/scripts/openroad/sta/multi_corner.tcl |& tee /dev/null /openlane/designs/project4/runs/RUN_2025.06.01_17.41.00/logs/placement/10-dpl_sta.log"

Sun Jun 01 17:44:08 +0000 2025 - Executing "{openroad -exit /openlane/scripts/openroad/sta/multi_corner.tcl |& tee /dev/null /openlane/designs/project4/runs/RUN_2025.06.01_17.41.00/logs/placement/10-dpl_sta.log}"

Sun Jun 01 17:44:21 +0000 2025 - Executing "openroad -exit /openlane/scripts/openroad/cts.tcl |& tee /dev/null /openlane/designs/project4/runs/RUN_2025.06.01_17.41.00/logs/cts/11-cts.log"

Sun Jun 01 17:44:21 +0000 2025 - Executing "{openroad -exit /openlane/scripts/openroad/cts.tcl |& tee /dev/null /openlane/designs/project4/runs/RUN_2025.06.01_17.41.00/logs/cts/11-cts.log}"

Sun Jun 01 17:45:19 +0000 2025 - Executing "openroad -exit /openlane/scripts/openroad/sta/multi_corner.tcl |& tee /dev/null /openlane/designs/project4/runs/RUN_2025.06.01_17.41.00/logs/cts/12-cts_sta.log"

Sun Jun 01 17:45:19 +0000 2025 - Executing "{openroad -exit /openlane/scripts/openroad/sta/multi_corner.tcl |& tee /dev/null /openlane/designs/project4/runs/RUN_2025.06.01_17.41.00/logs/cts/12-cts_sta.log}"

Sun Jun 01 17:45:29 +0000 2025 - Executing "openroad -exit /openlane/scripts/openroad/resizer_timing.tcl |& tee /dev/null /openlane/designs/project4/runs/RUN_2025.06.01_17.41.00/logs/cts/13-resizer.log"

Sun Jun 01 17:45:29 +0000 2025 - Executing "{openroad -exit /openlane/scripts/openroad/resizer_timing.tcl |& tee /dev/null /openlane/designs/project4/runs/RUN_2025.06.01_17.41.00/logs/cts/13-resizer.log}"

Sun Jun 01 17:45:39 +0000 2025 - Executing "{sed -i.bak -e {s/\(set ::env(CURRENT_NETLIST)\).*/\1 \/openlane\/designs\/project4\/runs\/RUN_2025.06.01_17.41.00\/tmp\/cts\/13-project4.resized.nl.v/} /openlane/designs/project4/runs/RUN_2025.06.01_17.41.00/config.tcl}"

Sun Jun 01 17:45:39 +0000 2025 - Executing "openroad -exit /openlane/scripts/openroad/resizer_routing_design.tcl |& tee /dev/null /openlane/designs/project4/runs/RUN_2025.06.01_17.41.00/logs/routing/14-resizer_design.log"

Sun Jun 01 17:45:39 +0000 2025 - Executing "{openroad -exit /openlane/scripts/openroad/resizer_routing_design.tcl |& tee /dev/null /openlane/designs/project4/runs/RUN_2025.06.01_17.41.00/logs/routing/14-resizer_design.log}"

Sun Jun 01 17:49:26 +0000 2025 - Executing "{sed -i.bak -e {s/\(set ::env(CURRENT_NETLIST)\).*/\1 \/openlane\/designs\/project4\/runs\/RUN_2025.06.01_17.41.00\/tmp\/14-project4.nl.v/} /openlane/designs/project4/runs/RUN_2025.06.01_17.41.00/config.tcl}"

Sun Jun 01 17:49:27 +0000 2025 - Executing "openroad -exit /openlane/scripts/openroad/sta/multi_corner.tcl |& tee /dev/null /openlane/designs/project4/runs/RUN_2025.06.01_17.41.00/logs/routing/15-rsz_design_sta.log"

Sun Jun 01 17:49:27 +0000 2025 - Executing "{openroad -exit /openlane/scripts/openroad/sta/multi_corner.tcl |& tee /dev/null /openlane/designs/project4/runs/RUN_2025.06.01_17.41.00/logs/routing/15-rsz_design_sta.log}"

Sun Jun 01 17:49:35 +0000 2025 - Executing "openroad -exit /openlane/scripts/openroad/resizer_routing_timing.tcl |& tee /dev/null /openlane/designs/project4/runs/RUN_2025.06.01_17.41.00/logs/routing/16-resizer_timing.log"

Sun Jun 01 17:49:35 +0000 2025 - Executing "{openroad -exit /openlane/scripts/openroad/resizer_routing_timing.tcl |& tee /dev/null /openlane/designs/project4/runs/RUN_2025.06.01_17.41.00/logs/routing/16-resizer_timing.log}"

Sun Jun 01 17:53:24 +0000 2025 - Executing "{sed -i.bak -e {s/\(set ::env(CURRENT_NETLIST)\).*/\1 \/openlane\/designs\/project4\/runs\/RUN_2025.06.01_17.41.00\/tmp\/16-project4.nl.v/} /openlane/designs/project4/runs/RUN_2025.06.01_17.41.00/config.tcl}"

Sun Jun 01 17:53:24 +0000 2025 - Executing "openroad -exit /openlane/scripts/openroad/sta/multi_corner.tcl |& tee /dev/null /openlane/designs/project4/runs/RUN_2025.06.01_17.41.00/logs/routing/17-rsz_timing_sta.log"

Sun Jun 01 17:53:24 +0000 2025 - Executing "{openroad -exit /openlane/scripts/openroad/sta/multi_corner.tcl |& tee /dev/null /openlane/designs/project4/runs/RUN_2025.06.01_17.41.00/logs/routing/17-rsz_timing_sta.log}"

Sun Jun 01 17:53:32 +0000 2025 - Executing "{openroad -exit -no_init -python /openlane/scripts/odbpy/diodes.py place --diode-cell sky130_fd_sc_hd__diode_2 --diode-pin DIODE --threshold 90 --side-strategy source --port-protect none --input-lef /openlane/designs/project4/runs/RUN_2025.06.01_17.41.00/tmp/merged.nom.lef --output-def /openlane/designs/project4/runs/RUN_2025.06.01_17.41.00/tmp/routing/18-diodes.def --output /openlane/designs/project4/runs/RUN_2025.06.01_17.41.00/tmp/routing/18-diodes.odb /openlane/designs/project4/runs/RUN_2025.06.01_17.41.00/tmp/16-project4.odb |& tee /dev/null /openlane/designs/project4/runs/RUN_2025.06.01_17.41.00/logs/routing/18-diodes.log}"

Sun Jun 01 17:53:35 +0000 2025 - Executing "openroad -exit /openlane/scripts/openroad/dpl.tcl |& tee /dev/null /openlane/designs/project4/runs/RUN_2025.06.01_17.41.00/logs/routing/19-diode_legalization.log"

Sun Jun 01 17:53:35 +0000 2025 - Executing "{openroad -exit /openlane/scripts/openroad/dpl.tcl |& tee /dev/null /openlane/designs/project4/runs/RUN_2025.06.01_17.41.00/logs/routing/19-diode_legalization.log}"

Sun Jun 01 18:12:10 +0000 2025 - Executing "{python3 /openlane/scripts/write_runtime.py --conclude --seconds --time-in 1748801530 {flow failed}}"

Sun Jun 01 18:12:12 +0000 2025 - Executing "{python3 /openlane/scripts/generate_reports.py -d /openlane/designs/project4 --design_name project4 --tag RUN_2025.06.01_17.41.00 --output_file /openlane/designs/project4/runs/RUN_2025.06.01_17.41.00/reports/metrics.csv --man_report /openlane/designs/project4/runs/RUN_2025.06.01_17.41.00/reports/manufacturability.rpt --run_path /openlane/designs/project4/runs/RUN_2025.06.01_17.41.00}"

