[INFO]: Run Directory: /openlane/designs/project4/runs/RUN_2025.06.01_17.41.00
[INFO]: Saving runtime environment...
[INFO]: Preparing LEF files for the nom corner...
[INFO]: Preparing LEF files for the min corner...
[INFO]: Preparing LEF files for the max corner...
[INFO]: Running linter (Verilator) (log: designs/project4/runs/RUN_2025.06.01_17.41.00/logs/synthesis/linter.log)...
[INFO]: 0 errors found by linter
[INFO]: 0 warnings found by linter
[INFO]: Running Synthesis (log: designs/project4/runs/RUN_2025.06.01_17.41.00/logs/synthesis/1-synthesis.log)...
[INFO]: Running Single-Corner Static Timing Analysis (log: designs/project4/runs/RUN_2025.06.01_17.41.00/logs/synthesis/2-sta.log)...
[INFO]: Running Initial Floorplanning (log: designs/project4/runs/RUN_2025.06.01_17.41.00/logs/floorplan/3-initial_fp.log)...
[INFO]: Floorplanned with width 356.96 and height 356.32.
[INFO]: Running IO Placement (log: designs/project4/runs/RUN_2025.06.01_17.41.00/logs/floorplan/4-place_io.log)...
[INFO]: Running Tap/Decap Insertion (log: designs/project4/runs/RUN_2025.06.01_17.41.00/logs/floorplan/5-tap.log)...
[INFO]: Power planning with power {VPWR} and ground {VGND}...
[INFO]: Generating PDN (log: designs/project4/runs/RUN_2025.06.01_17.41.00/logs/floorplan/6-pdn.log)...
[INFO]: Performing Random Global Placement (log: designs/project4/runs/RUN_2025.06.01_17.41.00/logs/placement/7-global.log)...
[INFO]: Running Placement Resizer Design Optimizations (log: designs/project4/runs/RUN_2025.06.01_17.41.00/logs/placement/8-resizer.log)...
[INFO]: Running Detailed Placement (log: designs/project4/runs/RUN_2025.06.01_17.41.00/logs/placement/9-detailed.log)...
[INFO]: Running Single-Corner Static Timing Analysis (log: designs/project4/runs/RUN_2025.06.01_17.41.00/logs/placement/10-dpl_sta.log)...
[INFO]: Running Clock Tree Synthesis (log: designs/project4/runs/RUN_2025.06.01_17.41.00/logs/cts/11-cts.log)...
[INFO]: Running Single-Corner Static Timing Analysis (log: designs/project4/runs/RUN_2025.06.01_17.41.00/logs/cts/12-cts_sta.log)...
[INFO]: Running Placement Resizer Timing Optimizations (log: designs/project4/runs/RUN_2025.06.01_17.41.00/logs/cts/13-resizer.log)...
[INFO]: Running Global Routing Resizer Design Optimizations (log: designs/project4/runs/RUN_2025.06.01_17.41.00/logs/routing/14-resizer_design.log)...
[INFO]: Running Single-Corner Static Timing Analysis (log: designs/project4/runs/RUN_2025.06.01_17.41.00/logs/routing/15-rsz_design_sta.log)...
[INFO]: Running Global Routing Resizer Timing Optimizations (log: designs/project4/runs/RUN_2025.06.01_17.41.00/logs/routing/16-resizer_timing.log)...
[INFO]: Running Single-Corner Static Timing Analysis (log: designs/project4/runs/RUN_2025.06.01_17.41.00/logs/routing/17-rsz_timing_sta.log)...
[INFO]: Running Heuristic Diode Insertion (log: designs/project4/runs/RUN_2025.06.01_17.41.00/logs/routing/18-diodes.log)...
[INFO]: Running Detailed Placement (log: designs/project4/runs/RUN_2025.06.01_17.41.00/logs/routing/19-diode_legalization.log)...
[ERROR]: during executing openroad script /openlane/scripts/openroad/dpl.tcl
[ERROR]: Log: designs/project4/runs/RUN_2025.06.01_17.41.00/logs/routing/19-diode_legalization.log
[ERROR]: Last 10 lines:
[INFO DPL-0035]  ANTENNA__6801__S1
[INFO DPL-0035]  ANTENNA__6194__A3
[INFO DPL-0035]  ANTENNA__6194__A3
[INFO DPL-0035]  ANTENNA__7414__S
[INFO DPL-0035]  ANTENNA__5138__A1
[INFO DPL-0035]  ANTENNA__5138__A1
[INFO DPL-0035] message limit reached, this message will no longer print
[ERROR DPL-0036] Detailed placement failed.
Error: dpl.tcl, 18 DPL-0036
child process exited abnormally

[ERROR]: Creating issue reproducible...
[INFO]: Saving runtime environment...
[INFO]: Reproducible packaged: Please tarball and upload 'designs/project4/runs/RUN_2025.06.01_17.41.00/issue_reproducible' if you're going to submit an issue.
[ERROR]: Step 19 (routing) failed with error:
-code 1 -level 0 -errorstack {INNER {invokeStk1 throw_error} CALL {run_tcl_script -tool openroad -no_consume /openlane/scripts/openroad/dpl.tcl -indexed_log /openlane/designs/project4/runs/RUN_2025.06.01_17.41.00/logs/routing/19-diode_legalization.log -save to=/openlane/designs/project4/runs/RUN_2025.06.01_17.41.00/tmp/routing,name=./18-diodes_legalized,noindex,def,odb,netlist,powered_netlist} CALL {run_openroad_script /openlane/scripts/openroad/dpl.tcl -indexed_log /openlane/designs/project4/runs/RUN_2025.06.01_17.41.00/logs/routing/19-diode_legalization.log -save to=/openlane/designs/project4/runs/RUN_2025.06.01_17.41.00/tmp/routing,name=./18-diodes_legalized,noindex,def,odb,netlist,powered_netlist} CALL {detailed_placement_or -outdir /openlane/designs/project4/runs/RUN_2025.06.01_17.41.00/tmp/routing -log /openlane/designs/project4/runs/RUN_2025.06.01_17.41.00/logs/routing/diode_legalization.log -name ./18-diodes_legalized} CALL heuristic_diode_insertion CALL run_routing CALL run_routing_step CALL {run_non_interactive_mode -design project4}} -errorcode NONE -errorinfo {
    while executing
"throw_error"
    (procedure "run_tcl_script" line 219)
    invoked from within
"run_tcl_script -tool openroad -no_consume {*}$args"
    (procedure "run_openroad_script" line 2)
    invoked from within
"run_openroad_script $::env(SCRIPTS_DIR)/openroad/dpl.tcl -indexed_log $log -save "to=$arg_values(-outdir),name=$arg_values(-name),noindex,def,odb,netl..."
    (procedure "detailed_placement_or" line 19)
    invoked from within
"detailed_placement_or -outdir $::env(routing_tmpfiles) -log $::env(routing_logs)/diode_legalization.log -name [index_file diodes_legalized]"
    (procedure "heuristic_diode_insertion" line 17)
    invoked from within
"heuristic_diode_insertion"
    (procedure "run_routing" line 16)
    invoked from within
"run_routing"
    (procedure "run_routing_step" line 7)
    invoked from within
"run_routing_step"} -errorline 1
[INFO]: Saving current set of views in 'designs/project4/runs/RUN_2025.06.01_17.41.00/results/final'...
[INFO]: Generating final set of reports...
[ERROR]: Failed to create manufacturability and metric reports:
[ERROR]: Traceback (most recent call last):
  File "/openlane/scripts/generate_reports.py", line 184, in <module>
    cli()
  File "/nix/store/8ywrzlq8yyqrif2sfvbgg8vsxhj80ry7-python3-3.11.9-env/lib/python3.11/site-packages/click/core.py", line 1157, in __call__
    return self.main(*args, **kwargs)
           ^^^^^^^^^^^^^^^^^^^^^^^^^^
  File "/nix/store/8ywrzlq8yyqrif2sfvbgg8vsxhj80ry7-python3-3.11.9-env/lib/python3.11/site-packages/click/core.py", line 1078, in main
    rv = self.invoke(ctx)
         ^^^^^^^^^^^^^^^^
  File "/nix/store/8ywrzlq8yyqrif2sfvbgg8vsxhj80ry7-python3-3.11.9-env/lib/python3.11/site-packages/click/core.py", line 1434, in invoke
    return ctx.invoke(self.callback, **ctx.params)
           ^^^^^^^^^^^^^^^^^^^^^^^^^^^^^^^^^^^^^^^
  File "/nix/store/8ywrzlq8yyqrif2sfvbgg8vsxhj80ry7-python3-3.11.9-env/lib/python3.11/site-packages/click/core.py", line 783, in invoke
    return __callback(*args, **kwargs)
           ^^^^^^^^^^^^^^^^^^^^^^^^^^^
  File "/openlane/scripts/generate_reports.py", line 51, in cli
    report = Report(design, tag, design_name, params, run_path).get_report()
             ^^^^^^^^^^^^^^^^^^^^^^^^^^^^^^^^^^^^^^^^^^^^^^^^^^^^^^^^^^^^^^^
  File "/openlane/scripts/report/report.py", line 809, in get_report
    *self.extract_all_values(),
     ^^^^^^^^^^^^^^^^^^^^^^^^^
  File "/openlane/scripts/report/report.py", line 359, in extract_all_values
    power_report = Artifact(
                   ^^^^^^^^^
  File "/openlane/scripts/report/report.py", line 62, in __init__
    self.pathname = matches[0]
                    ~~~~~~~^^^
IndexError: list index out of range
[INFO]: Saving runtime environment...
[ERROR]: Flow failed.
