OpenROAD b16bda7e82721d10566ff7e2b68f1ff0be9f9e38 
Features included (+) or not (-): +Charts +GPU +GUI +Python
This program is licensed under the BSD-3 license. See the LICENSE file for details.
Components of this program may be licensed under more restrictive licenses which must be honored.
Top-level design name: TopModule
Block boundaries: 0 0 227440 238160
Horizontal Tracks Origin: 340, Count: 350, Step: 680
Vertical Tracks Origin: 230, Count: 494, Step: 460
Placement details for the #N side
Virtual pin count:  0
Actual pin count:  3
Total pin count:  3
Tracks count:  494
Tracks per pin:  164
Used tracks count:  329
Unused track count:  165
Starting track index:  82
Placement Map:
[230, 690, 1150, 1610, 2070, 2530, 2990, 3450, 3910, 4370, 4830, 5290, 5750, 6210, 6670, 7130, 7590, 8050, 8510, 8970, 9430, 9890, 10350, 10810, 11270, 11730, 12190, 12650, 13110, 13570, 14030, 14490, 14950, 15410, 15870, 16330, 16790, 17250, 17710, 18170, 18630, 19090, 19550, 20010, 20470, 20930, 21390, 21850, 22310, 22770, 23230, 23690, 24150, 24610, 25070, 25530, 25990, 26450, 26910, 27370, 27830, 28290, 28750, 29210, 29670, 30130, 30590, 31050, 31510, 31970, 32430, 32890, 33350, 33810, 34270, 34730, 35190, 35650, 36110, 36570, 37030, 37490, [91m37950[0m, 38410, 38870, 39330, 39790, 40250, 40710, 41170, 41630, 42090, 42550, 43010, 43470, 43930, 44390, 44850, 45310, 45770, 46230, 46690, 47150, 47610, 48070, 48530, 48990, 49450, 49910, 50370, 50830, 51290, 51750, 52210, 52670, 53130, 53590, 54050, 54510, 54970, 55430, 55890, 56350, 56810, 57270, 57730, 58190, 58650, 59110, 59570, 60030, 60490, 60950, 61410, 61870, 62330, 62790, 63250, 63710, 64170, 64630, 65090, 65550, 66010, 66470, 66930, 67390, 67850, 68310, 68770, 69230, 69690, 70150, 70610, 71070, 71530, 71990, 72450, 72910, 73370, 73830, 74290, 74750, 75210, 75670, 76130, 76590, 77050, 77510, 77970, 78430, 78890, 79350, 79810, 80270, 80730, 81190, 81650, 82110, 82570, 83030, 83490, 83950, 84410, 84870, 85330, 85790, 86250, 86710, 87170, 87630, 88090, 88550, 89010, 89470, 89930, 90390, 90850, 91310, 91770, 92230, 92690, 93150, 93610, 94070, 94530, 94990, 95450, 95910, 96370, 96830, 97290, 97750, 98210, 98670, 99130, 99590, 100050, 100510, 100970, 101430, 101890, 102350, 102810, 103270, 103730, 104190, 104650, 105110, 105570, 106030, 106490, 106950, 107410, 107870, 108330, 108790, 109250, 109710, 110170, 110630, 111090, 111550, 112010, 112470, 112930, [91m113390[0m, 113850, 114310, 114770, 115230, 115690, 116150, 116610, 117070, 117530, 117990, 118450, 118910, 119370, 119830, 120290, 120750, 121210, 121670, 122130, 122590, 123050, 123510, 123970, 124430, 124890, 125350, 125810, 126270, 126730, 127190, 127650, 128110, 128570, 129030, 129490, 129950, 130410, 130870, 131330, 131790, 132250, 132710, 133170, 133630, 134090, 134550, 135010, 135470, 135930, 136390, 136850, 137310, 137770, 138230, 138690, 139150, 139610, 140070, 140530, 140990, 141450, 141910, 142370, 142830, 143290, 143750, 144210, 144670, 145130, 145590, 146050, 146510, 146970, 147430, 147890, 148350, 148810, 149270, 149730, 150190, 150650, 151110, 151570, 152030, 152490, 152950, 153410, 153870, 154330, 154790, 155250, 155710, 156170, 156630, 157090, 157550, 158010, 158470, 158930, 159390, 159850, 160310, 160770, 161230, 161690, 162150, 162610, 163070, 163530, 163990, 164450, 164910, 165370, 165830, 166290, 166750, 167210, 167670, 168130, 168590, 169050, 169510, 169970, 170430, 170890, 171350, 171810, 172270, 172730, 173190, 173650, 174110, 174570, 175030, 175490, 175950, 176410, 176870, 177330, 177790, 178250, 178710, 179170, 179630, 180090, 180550, 181010, 181470, 181930, 182390, 182850, 183310, 183770, 184230, 184690, 185150, 185610, 186070, 186530, 186990, 187450, 187910, 188370, [91m188830[0m, 189290, 189750, 190210, 190670, 191130, 191590, 192050, 192510, 192970, 193430, 193890, 194350, 194810, 195270, 195730, 196190, 196650, 197110, 197570, 198030, 198490, 198950, 199410, 199870, 200330, 200790, 201250, 201710, 202170, 202630, 203090, 203550, 204010, 204470, 204930, 205390, 205850, 206310, 206770, 207230, 207690, 208150, 208610, 209070, 209530, 209990, 210450, 210910, 211370, 211830, 212290, 212750, 213210, 213670, 214130, 214590, 215050, 215510, 215970, 216430, 216890, 217350, 217810, 218270, 218730, 219190, 219650, 220110, 220570, 221030, 221490, 221950, 222410, 222870, 223330, 223790, 224250, 224710, 225170, 225630, 226090, 226550, 227010, ]
Indices of used tracks: [82, 246, 410]
---
Placement details for the #E side
Virtual pin count:  0
Actual pin count:  4
Total pin count:  4
Tracks count:  175
Tracks per pin:  43
Used tracks count:  130
Unused track count:  45
Starting track index:  22
Placement Map:
[340, 1700, 3060, 4420, 5780, 7140, 8500, 9860, 11220, 12580, 13940, 15300, 16660, 18020, 19380, 20740, 22100, 23460, 24820, 26180, 27540, 28900, [91m30260[0m, 31620, 32980, 34340, 35700, 37060, 38420, 39780, 41140, 42500, 43860, 45220, 46580, 47940, 49300, 50660, 52020, 53380, 54740, 56100, 57460, 58820, 60180, 61540, 62900, 64260, 65620, 66980, 68340, 69700, 71060, 72420, 73780, 75140, 76500, 77860, 79220, 80580, 81940, 83300, 84660, 86020, 87380, [91m88740[0m, 90100, 91460, 92820, 94180, 95540, 96900, 98260, 99620, 100980, 102340, 103700, 105060, 106420, 107780, 109140, 110500, 111860, 113220, 114580, 115940, 117300, 118660, 120020, 121380, 122740, 124100, 125460, 126820, 128180, 129540, 130900, 132260, 133620, 134980, 136340, 137700, 139060, 140420, 141780, 143140, 144500, 145860, [91m147220[0m, 148580, 149940, 151300, 152660, 154020, 155380, 156740, 158100, 159460, 160820, 162180, 163540, 164900, 166260, 167620, 168980, 170340, 171700, 173060, 174420, 175780, 177140, 178500, 179860, 181220, 182580, 183940, 185300, 186660, 188020, 189380, 190740, 192100, 193460, 194820, 196180, 197540, 198900, 200260, 201620, 202980, 204340, [91m205700[0m, 207060, 208420, 209780, 211140, 212500, 213860, 215220, 216580, 217940, 219300, 220660, 222020, 223380, 224740, 226100, 227460, 228820, 230180, 231540, 232900, 234260, 235620, 236980, ]
Indices of used tracks: [22, 65, 108, 151]
---
Placement details for the #S side
Virtual pin count:  0
Actual pin count:  32
Total pin count:  32
Tracks count:  494
Tracks per pin:  15
Used tracks count:  466
Unused track count:  28
Starting track index:  14
Placement Map:
[230, 690, 1150, 1610, 2070, 2530, 2990, 3450, 3910, 4370, 4830, 5290, 5750, 6210, [91m6670[0m, 7130, 7590, 8050, 8510, 8970, 9430, 9890, 10350, 10810, 11270, 11730, 12190, 12650, 13110, [91m13570[0m, 14030, 14490, 14950, 15410, 15870, 16330, 16790, 17250, 17710, 18170, 18630, 19090, 19550, 20010, [91m20470[0m, 20930, 21390, 21850, 22310, 22770, 23230, 23690, 24150, 24610, 25070, 25530, 25990, 26450, 26910, [91m27370[0m, 27830, 28290, 28750, 29210, 29670, 30130, 30590, 31050, 31510, 31970, 32430, 32890, 33350, 33810, [91m34270[0m, 34730, 35190, 35650, 36110, 36570, 37030, 37490, 37950, 38410, 38870, 39330, 39790, 40250, 40710, [91m41170[0m, 41630, 42090, 42550, 43010, 43470, 43930, 44390, 44850, 45310, 45770, 46230, 46690, 47150, 47610, [91m48070[0m, 48530, 48990, 49450, 49910, 50370, 50830, 51290, 51750, 52210, 52670, 53130, 53590, 54050, 54510, [91m54970[0m, 55430, 55890, 56350, 56810, 57270, 57730, 58190, 58650, 59110, 59570, 60030, 60490, 60950, 61410, [91m61870[0m, 62330, 62790, 63250, 63710, 64170, 64630, 65090, 65550, 66010, 66470, 66930, 67390, 67850, 68310, [91m68770[0m, 69230, 69690, 70150, 70610, 71070, 71530, 71990, 72450, 72910, 73370, 73830, 74290, 74750, 75210, [91m75670[0m, 76130, 76590, 77050, 77510, 77970, 78430, 78890, 79350, 79810, 80270, 80730, 81190, 81650, 82110, [91m82570[0m, 83030, 83490, 83950, 84410, 84870, 85330, 85790, 86250, 86710, 87170, 87630, 88090, 88550, 89010, [91m89470[0m, 89930, 90390, 90850, 91310, 91770, 92230, 92690, 93150, 93610, 94070, 94530, 94990, 95450, 95910, [91m96370[0m, 96830, 97290, 97750, 98210, 98670, 99130, 99590, 100050, 100510, 100970, 101430, 101890, 102350, 102810, [91m103270[0m, 103730, 104190, 104650, 105110, 105570, 106030, 106490, 106950, 107410, 107870, 108330, 108790, 109250, 109710, [91m110170[0m, 110630, 111090, 111550, 112010, 112470, 112930, 113390, 113850, 114310, 114770, 115230, 115690, 116150, 116610, [91m117070[0m, 117530, 117990, 118450, 118910, 119370, 119830, 120290, 120750, 121210, 121670, 122130, 122590, 123050, 123510, [91m123970[0m, 124430, 124890, 125350, 125810, 126270, 126730, 127190, 127650, 128110, 128570, 129030, 129490, 129950, 130410, [91m130870[0m, 131330, 131790, 132250, 132710, 133170, 133630, 134090, 134550, 135010, 135470, 135930, 136390, 136850, 137310, [91m137770[0m, 138230, 138690, 139150, 139610, 140070, 140530, 140990, 141450, 141910, 142370, 142830, 143290, 143750, 144210, [91m144670[0m, 145130, 145590, 146050, 146510, 146970, 147430, 147890, 148350, 148810, 149270, 149730, 150190, 150650, 151110, [91m151570[0m, 152030, 152490, 152950, 153410, 153870, 154330, 154790, 155250, 155710, 156170, 156630, 157090, 157550, 158010, [91m158470[0m, 158930, 159390, 159850, 160310, 160770, 161230, 161690, 162150, 162610, 163070, 163530, 163990, 164450, 164910, [91m165370[0m, 165830, 166290, 166750, 167210, 167670, 168130, 168590, 169050, 169510, 169970, 170430, 170890, 171350, 171810, [91m172270[0m, 172730, 173190, 173650, 174110, 174570, 175030, 175490, 175950, 176410, 176870, 177330, 177790, 178250, 178710, [91m179170[0m, 179630, 180090, 180550, 181010, 181470, 181930, 182390, 182850, 183310, 183770, 184230, 184690, 185150, 185610, [91m186070[0m, 186530, 186990, 187450, 187910, 188370, 188830, 189290, 189750, 190210, 190670, 191130, 191590, 192050, 192510, [91m192970[0m, 193430, 193890, 194350, 194810, 195270, 195730, 196190, 196650, 197110, 197570, 198030, 198490, 198950, 199410, [91m199870[0m, 200330, 200790, 201250, 201710, 202170, 202630, 203090, 203550, 204010, 204470, 204930, 205390, 205850, 206310, [91m206770[0m, 207230, 207690, 208150, 208610, 209070, 209530, 209990, 210450, 210910, 211370, 211830, 212290, 212750, 213210, [91m213670[0m, 214130, 214590, 215050, 215510, 215970, 216430, 216890, 217350, 217810, 218270, 218730, 219190, 219650, 220110, [91m220570[0m, 221030, 221490, 221950, 222410, 222870, 223330, 223790, 224250, 224710, 225170, 225630, 226090, 226550, 227010, ]
Indices of used tracks: [14, 29, 44, 59, 74, 89, 104, 119, 134, 149, 164, 179, 194, 209, 224, 239, 254, 269, 284, 299, 314, 329, 344, 359, 374, 389, 404, 419, 434, 449, 464, 479]
---
Placement details for the #W side
Virtual pin count:  0
Actual pin count:  7
Total pin count:  7
Tracks count:  175
Tracks per pin:  25
Used tracks count:  151
Unused track count:  24
Starting track index:  12
Placement Map:
[340, 1700, 3060, 4420, 5780, 7140, 8500, 9860, 11220, 12580, 13940, 15300, [91m16660[0m, 18020, 19380, 20740, 22100, 23460, 24820, 26180, 27540, 28900, 30260, 31620, 32980, 34340, 35700, 37060, 38420, 39780, 41140, 42500, 43860, 45220, 46580, 47940, 49300, [91m50660[0m, 52020, 53380, 54740, 56100, 57460, 58820, 60180, 61540, 62900, 64260, 65620, 66980, 68340, 69700, 71060, 72420, 73780, 75140, 76500, 77860, 79220, 80580, 81940, 83300, [91m84660[0m, 86020, 87380, 88740, 90100, 91460, 92820, 94180, 95540, 96900, 98260, 99620, 100980, 102340, 103700, 105060, 106420, 107780, 109140, 110500, 111860, 113220, 114580, 115940, 117300, [91m118660[0m, 120020, 121380, 122740, 124100, 125460, 126820, 128180, 129540, 130900, 132260, 133620, 134980, 136340, 137700, 139060, 140420, 141780, 143140, 144500, 145860, 147220, 148580, 149940, 151300, [91m152660[0m, 154020, 155380, 156740, 158100, 159460, 160820, 162180, 163540, 164900, 166260, 167620, 168980, 170340, 171700, 173060, 174420, 175780, 177140, 178500, 179860, 181220, 182580, 183940, 185300, [91m186660[0m, 188020, 189380, 190740, 192100, 193460, 194820, 196180, 197540, 198900, 200260, 201620, 202980, 204340, 205700, 207060, 208420, 209780, 211140, 212500, 213860, 215220, 216580, 217940, 219300, [91m220660[0m, 222020, 223380, 224740, 226100, 227460, 228820, 230180, 231540, 232900, 234260, 235620, 236980, ]
Indices of used tracks: [12, 37, 62, 87, 112, 137, 162]
---
