
===========================================================================
 report_power
============================================================================
======================= Fastest Corner ===================================

Group                  Internal  Switching    Leakage      Total
                          Power      Power      Power      Power (Watts)
----------------------------------------------------------------
Sequential             1.50e-04   0.00e+00   3.25e-08   1.50e-04  35.1%
Combinational          5.67e-14   4.21e-13   2.58e-09   2.58e-09   0.0%
Clock                  1.13e-04   1.63e-04   1.25e-08   2.77e-04  64.9%
Macro                  0.00e+00   0.00e+00   0.00e+00   0.00e+00   0.0%
Pad                    0.00e+00   0.00e+00   0.00e+00   0.00e+00   0.0%
----------------------------------------------------------------
Total                  2.63e-04   1.63e-04   4.76e-08   4.27e-04 100.0%
                          61.7%      38.3%       0.0%

======================= Slowest Corner ===================================

Group                  Internal  Switching    Leakage      Total
                          Power      Power      Power      Power (Watts)
----------------------------------------------------------------
Sequential             9.87e-05   0.00e+00   6.49e-07   9.93e-05  34.2%
Combinational          4.03e-14   2.83e-13   1.05e-06   1.05e-06   0.4%
Clock                  8.09e-05   1.09e-04   1.25e-07   1.90e-04  65.4%
Macro                  0.00e+00   0.00e+00   0.00e+00   0.00e+00   0.0%
Pad                    0.00e+00   0.00e+00   0.00e+00   0.00e+00   0.0%
----------------------------------------------------------------
Total                  1.80e-04   1.09e-04   1.82e-06   2.90e-04 100.0%
                          61.9%      37.5%       0.6%

======================= Typical Corner ===================================

Group                  Internal  Switching    Leakage      Total
                          Power      Power      Power      Power (Watts)
----------------------------------------------------------------
Sequential             1.29e-04   0.00e+00   3.18e-08   1.29e-04  35.1%
Combinational          4.90e-14   3.59e-13   8.86e-10   8.87e-10   0.0%
Clock                  9.99e-05   1.38e-04   1.22e-08   2.38e-04  64.9%
Macro                  0.00e+00   0.00e+00   0.00e+00   0.00e+00   0.0%
Pad                    0.00e+00   0.00e+00   0.00e+00   0.00e+00   0.0%
----------------------------------------------------------------
Total                  2.29e-04   1.38e-04   4.50e-08   3.67e-04 100.0%
                          62.3%      37.7%       0.0%

