OpenROAD b16bda7e82721d10566ff7e2b68f1ff0be9f9e38 
Features included (+) or not (-): +Charts +GPU +GUI +Python
This program is licensed under the BSD-3 license. See the LICENSE file for details.
Components of this program may be licensed under more restrictive licenses which must be honored.
define_corners Typical
read_liberty -corner Typical /home/omern/.volare/sky130A/libs.ref/sky130_fd_sc_hd/lib/sky130_fd_sc_hd__tt_025C_1v80.lib
Using 1e-12 for capacitance...
Using 1e+03 for resistance...
Using 1e-09 for time...
Using 1e+00 for voltage...
Using 1e-03 for current...
Using 1e-09 for power...
Using 1e-06 for distance...
[INFO]: Reading ODB at '/openlane/designs/TopModule/runs/RUN_2025.06.09_15.07.08/tmp/routing/23-fill.odb'…
Reading design constraints file at '/openlane/designs/TopModule/src/TopModule.sdc'…
[INFO ORD-0030] Using 2 thread(s).
[INFO DRT-0149] Reading tech and libs.
[WARNING DRT-0349] LEF58_ENCLOSURE with no CUTCLASS is not supported. Skipping for layer mcon
[WARNING DRT-0349] LEF58_ENCLOSURE with no CUTCLASS is not supported. Skipping for layer mcon
[WARNING DRT-0349] LEF58_ENCLOSURE with no CUTCLASS is not supported. Skipping for layer via
[WARNING DRT-0349] LEF58_ENCLOSURE with no CUTCLASS is not supported. Skipping for layer via
[WARNING DRT-0349] LEF58_ENCLOSURE with no CUTCLASS is not supported. Skipping for layer via2
[WARNING DRT-0349] LEF58_ENCLOSURE with no CUTCLASS is not supported. Skipping for layer via2
[WARNING DRT-0349] LEF58_ENCLOSURE with no CUTCLASS is not supported. Skipping for layer via3
[WARNING DRT-0349] LEF58_ENCLOSURE with no CUTCLASS is not supported. Skipping for layer via3
[WARNING DRT-0349] LEF58_ENCLOSURE with no CUTCLASS is not supported. Skipping for layer via4
[WARNING DRT-0349] LEF58_ENCLOSURE with no CUTCLASS is not supported. Skipping for layer via4

Units:                1000
Number of layers:     13
Number of macros:     441
Number of vias:       29
Number of viarulegen: 25

[INFO DRT-0150] Reading design.

Design:                   TopModule
Die area:                 ( 0 0 ) ( 227440 238160 )
Number of track patterns: 12
Number of DEF vias:       0
Number of components:     10610
Number of terminals:      48
Number of snets:          2
Number of nets:           1658

[INFO DRT-0167] List of default vias:
  Layer via
    default via: M1M2_PR
  Layer via2
    default via: M2M3_PR
  Layer via3
    default via: M3M4_PR
  Layer via4
    default via: M4M5_PR
[INFO DRT-0162] Library cell analysis.
[INFO DRT-0163] Instance analysis.
[INFO DRT-0164] Number of unique instances = 358.
[INFO DRT-0168] Init region query.
[INFO DRT-0024]   Complete FR_MASTERSLICE.
[INFO DRT-0024]   Complete Fr_VIA.
[INFO DRT-0024]   Complete li1.
[INFO DRT-0024]   Complete mcon.
[INFO DRT-0024]   Complete met1.
[INFO DRT-0024]   Complete via.
[INFO DRT-0024]   Complete met2.
[INFO DRT-0024]   Complete via2.
[INFO DRT-0024]   Complete met3.
[INFO DRT-0024]   Complete via3.
[INFO DRT-0024]   Complete met4.
[INFO DRT-0024]   Complete via4.
[INFO DRT-0024]   Complete met5.
[INFO DRT-0033] FR_MASTERSLICE shape region query size = 0.
[INFO DRT-0033] FR_VIA shape region query size = 0.
[INFO DRT-0033] li1 shape region query size = 85351.
[INFO DRT-0033] mcon shape region query size = 6456.
[INFO DRT-0033] met1 shape region query size = 23484.
[INFO DRT-0033] via shape region query size = 1600.
[INFO DRT-0033] met2 shape region query size = 995.
[INFO DRT-0033] via2 shape region query size = 1280.
[INFO DRT-0033] met3 shape region query size = 971.
[INFO DRT-0033] via3 shape region query size = 1280.
[INFO DRT-0033] met4 shape region query size = 368.
[INFO DRT-0033] via4 shape region query size = 32.
[INFO DRT-0033] met5 shape region query size = 48.
[INFO DRT-0165] Start pin access.
[INFO DRT-0076]   Complete 1000 pins.
[INFO DRT-0078]   Complete 1237 pins.
[INFO DRT-0079]   Complete 100 unique inst patterns.
[INFO DRT-0079]   Complete 200 unique inst patterns.
[INFO DRT-0079]   Complete 300 unique inst patterns.
[INFO DRT-0081]   Complete 340 unique inst patterns.
[INFO DRT-0084]   Complete 4054 groups.
#scanned instances     = 10610
#unique  instances     = 358
#stdCellGenAp          = 9654
#stdCellValidPlanarAp  = 133
#stdCellValidViaAp     = 7159
#stdCellPinNoAp        = 0
#stdCellPinCnt         = 5286
#instTermValidViaApCnt = 0
#macroGenAp            = 0
#macroValidPlanarAp    = 0
#macroValidViaAp       = 0
#macroNoAp             = 0
[INFO DRT-0166] Complete pin access.
[INFO DRT-0267] cpu time = 00:01:10, elapsed time = 00:00:34, memory = 143.98 (MB), peak = 143.98 (MB)

Number of guides:     41884

[INFO DRT-0169] Post process guides.
[INFO DRT-0176] GCELLGRID X 0 DO 32 STEP 6900 ;
[INFO DRT-0177] GCELLGRID Y 0 DO 34 STEP 6900 ;
[INFO DRT-0028]   Complete FR_MASTERSLICE.
[INFO DRT-0028]   Complete Fr_VIA.
[INFO DRT-0028]   Complete li1.
[INFO DRT-0028]   Complete mcon.
[INFO DRT-0028]   Complete met1.
[INFO DRT-0028]   Complete via.
[INFO DRT-0028]   Complete met2.
[INFO DRT-0028]   Complete via2.
[INFO DRT-0028]   Complete met3.
[INFO DRT-0028]   Complete via3.
[INFO DRT-0028]   Complete met4.
[INFO DRT-0028]   Complete via4.
[INFO DRT-0028]   Complete met5.
[WARNING DRT-0225] _0054_ 1 pin not visited, fall back to feedthrough mode.
[WARNING DRT-0225] _0066_ 1 pin not visited, fall back to feedthrough mode.
[WARNING DRT-0225] _0099_ 2 pin not visited, fall back to feedthrough mode.
[WARNING DRT-0225] _0115_ 1 pin not visited, fall back to feedthrough mode.
[WARNING DRT-0225] _0127_ 1 pin not visited, fall back to feedthrough mode.
[WARNING DRT-0225] _0181_ 1 pin not visited, fall back to feedthrough mode.
[WARNING DRT-0225] _0230_ 2 pin not visited, fall back to feedthrough mode.
[WARNING DRT-0225] _0292_ 1 pin not visited, fall back to feedthrough mode.
[WARNING DRT-0225] _0294_ 1 pin not visited, fall back to feedthrough mode.
[WARNING DRT-0225] _0321_ 1 pin not visited, fall back to feedthrough mode.
[WARNING DRT-0225] _0332_ 3 pin not visited, fall back to feedthrough mode.
[WARNING DRT-0225] _0336_ 5 pin not visited, fall back to feedthrough mode.
[WARNING DRT-0225] _0338_ 1 pin not visited, fall back to feedthrough mode.
[WARNING DRT-0225] _0362_ 6 pin not visited, fall back to feedthrough mode.
[WARNING DRT-0225] _0452_ 3 pin not visited, fall back to feedthrough mode.
[WARNING DRT-0225] _0471_ 1 pin not visited, fall back to feedthrough mode.
[WARNING DRT-0225] _0492_ 5 pin not visited, fall back to feedthrough mode.
[WARNING DRT-0225] _0523_ 2 pin not visited, fall back to feedthrough mode.
[WARNING DRT-0225] _0558_ 5 pin not visited, fall back to feedthrough mode.
[WARNING DRT-0225] _0559_ 1 pin not visited, fall back to feedthrough mode.
[WARNING DRT-0225] _0566_ 1 pin not visited, fall back to feedthrough mode.
[WARNING DRT-0225] _0579_ 3 pin not visited, fall back to feedthrough mode.
[WARNING DRT-0225] _0597_ 1 pin not visited, fall back to feedthrough mode.
[WARNING DRT-0225] _0624_ 5 pin not visited, fall back to feedthrough mode.
[WARNING DRT-0225] _0625_ 1 pin not visited, fall back to feedthrough mode.
[INFO DRT-1000] Pin _2101_/X not in any guide. Attempting to patch guides to cover (at least part of) the pin.
[WARNING DRT-0225] _0648_ 2 pin not visited, fall back to feedthrough mode.
[WARNING DRT-0225] _0696_ 1 pin not visited, fall back to feedthrough mode.
[WARNING DRT-0225] _0697_ 3 pin not visited, fall back to feedthrough mode.
[WARNING DRT-0225] _0708_ 3 pin not visited, fall back to feedthrough mode.
[WARNING DRT-0225] _0723_ 1 pin not visited, fall back to feedthrough mode.
[WARNING DRT-0225] _0750_ 3 pin not visited, fall back to feedthrough mode.
[WARNING DRT-0225] _0755_ 1 pin not visited, fall back to feedthrough mode.
[WARNING DRT-0225] _0773_ 4 pin not visited, fall back to feedthrough mode.
[WARNING DRT-0225] _0776_ 1 pin not visited, fall back to feedthrough mode.
[WARNING DRT-0225] _0795_ 1 pin not visited, fall back to feedthrough mode.
[WARNING DRT-0225] _0801_ 1 pin not visited, fall back to feedthrough mode.
[WARNING DRT-0225] _0822_ 1 pin not visited, fall back to feedthrough mode.
[INFO DRT-1000] Pin _2338_/X not in any guide. Attempting to patch guides to cover (at least part of) the pin.
[WARNING DRT-0225] _0907_ 6 pin not visited, fall back to feedthrough mode.
[WARNING DRT-0225] _1002_ 1 pin not visited, fall back to feedthrough mode.
[WARNING DRT-0225] _1053_ 4 pin not visited, fall back to feedthrough mode.
[WARNING DRT-0225] _1064_ 4 pin not visited, fall back to feedthrough mode.
[WARNING DRT-0225] _1067_ 9 pin not visited, fall back to feedthrough mode.
[WARNING DRT-0225] _1088_ 3 pin not visited, fall back to feedthrough mode.
[WARNING DRT-0225] _1102_ 4 pin not visited, fall back to feedthrough mode.
[WARNING DRT-0225] _1147_ 5 pin not visited, fall back to feedthrough mode.
[WARNING DRT-0225] _1159_ 1 pin not visited, fall back to feedthrough mode.
[WARNING DRT-0225] _1192_ 1 pin not visited, fall back to feedthrough mode.
[WARNING DRT-0225] _1222_ 1 pin not visited, fall back to feedthrough mode.
[WARNING DRT-0225] _1225_ 1 pin not visited, fall back to feedthrough mode.
[WARNING DRT-0225] _1241_ 1 pin not visited, fall back to feedthrough mode.
[WARNING DRT-0225] _1278_ 5 pin not visited, fall back to feedthrough mode.
[WARNING DRT-0225] _1303_ 1 pin not visited, fall back to feedthrough mode.
[WARNING DRT-0225] _1309_ 4 pin not visited, fall back to feedthrough mode.
[WARNING DRT-0225] _1310_ 2 pin not visited, fall back to feedthrough mode.
[WARNING DRT-0225] _1317_ 3 pin not visited, fall back to feedthrough mode.
[WARNING DRT-0225] rf.registers\[0\]\[21\] 4 pin not visited, fall back to feedthrough mode.
[WARNING DRT-0225] rf.registers\[0\]\[22\] 1 pin not visited, fall back to feedthrough mode.
[WARNING DRT-0225] rf.registers\[25\]\[3\] 5 pin not visited, fall back to feedthrough mode.
[WARNING DRT-0225] rf.registers\[2\]\[0\] 2 pin not visited, fall back to feedthrough mode.
[WARNING DRT-0225] rf.registers\[2\]\[7\] 1 pin not visited, fall back to feedthrough mode.
[WARNING DRT-0225] rf.registers\[30\]\[7\] 5 pin not visited, fall back to feedthrough mode.
[WARNING DRT-0225] net13 4 pin not visited, fall back to feedthrough mode.
[INFO DRT-0178] Init guide query.
[INFO DRT-0035]   Complete FR_MASTERSLICE (guide).
[INFO DRT-0035]   Complete Fr_VIA (guide).
[INFO DRT-0035]   Complete li1 (guide).
[INFO DRT-0035]   Complete mcon (guide).
[INFO DRT-0035]   Complete met1 (guide).
[INFO DRT-0035]   Complete via (guide).
[INFO DRT-0035]   Complete met2 (guide).
[INFO DRT-0035]   Complete via2 (guide).
[INFO DRT-0035]   Complete met3 (guide).
[INFO DRT-0035]   Complete via3 (guide).
[INFO DRT-0035]   Complete met4 (guide).
[INFO DRT-0035]   Complete via4 (guide).
[INFO DRT-0035]   Complete met5 (guide).
[INFO DRT-0036] FR_MASTERSLICE guide region query size = 0.
[INFO DRT-0036] FR_VIA guide region query size = 0.
[INFO DRT-0036] li1 guide region query size = 7584.
[INFO DRT-0036] mcon guide region query size = 0.
[INFO DRT-0036] met1 guide region query size = 8854.
[INFO DRT-0036] via guide region query size = 0.
[INFO DRT-0036] met2 guide region query size = 7237.
[INFO DRT-0036] via2 guide region query size = 0.
[INFO DRT-0036] met3 guide region query size = 3076.
[INFO DRT-0036] via3 guide region query size = 0.
[INFO DRT-0036] met4 guide region query size = 1180.
[INFO DRT-0036] via4 guide region query size = 0.
[INFO DRT-0036] met5 guide region query size = 156.
[INFO DRT-0179] Init gr pin query.
[INFO DRT-0245] skipped writing guide updates to database.
[INFO DRT-0185] Post process initialize RPin region query.
[INFO DRT-0181] Start track assignment.
[INFO DRT-0184] Done with 16001 vertical wires in 1 frboxes and 12086 horizontal wires in 1 frboxes.
[INFO DRT-0186] Done with 8974 vertical wires in 1 frboxes and 8825 horizontal wires in 1 frboxes.
[INFO DRT-0182] Complete track assignment.
[INFO DRT-0267] cpu time = 00:00:07, elapsed time = 00:00:06, memory = 191.77 (MB), peak = 191.77 (MB)
[INFO DRT-0187] Start routing data preparation.
[INFO DRT-0267] cpu time = 00:00:00, elapsed time = 00:00:00, memory = 191.77 (MB), peak = 191.77 (MB)
[INFO DRT-0194] Start detail routing.
[INFO DRT-0195] Start 0th optimization iteration.
    Completing 10% with 0 violations.
    elapsed time = 00:01:44, memory = 245.75 (MB).
    Completing 20% with 0 violations.
    elapsed time = 00:03:05, memory = 265.40 (MB).
    Completing 30% with 0 violations.
    elapsed time = 00:06:12, memory = 327.21 (MB).
    Completing 40% with 26941 violations.
    elapsed time = 00:09:22, memory = 342.12 (MB).
    Completing 50% with 26941 violations.
    elapsed time = 00:12:23, memory = 347.00 (MB).
    Completing 60% with 26941 violations.
    elapsed time = 00:15:02, memory = 355.25 (MB).
    Completing 70% with 55096 violations.
    elapsed time = 00:21:25, memory = 390.91 (MB).
    Completing 80% with 55096 violations.
    elapsed time = 00:23:42, memory = 379.88 (MB).
    Completing 90% with 82437 violations.
    elapsed time = 00:28:04, memory = 402.77 (MB).
    Completing 100% with 109380 violations.
    elapsed time = 00:32:14, memory = 383.78 (MB).
[INFO DRT-0199]   Number of violations = 111862.
Viol/Layer         li1   mcon   met1    via   met2   via2   met3   via3   met4   via4   met5
Cut Spacing          0     17      0      8      0     36      0      0      0      2      0
Metal Spacing      206      0   2084      0   2205      0    733      0    516      0     27
Recheck           1892      0    312      0    141      0     76      0     56      0      5
Short              591    500  50117    300  38737     29  10079     25   3064      3    101
[INFO DRT-0267] cpu time = 01:00:19, elapsed time = 00:32:15, memory = 682.12 (MB), peak = 682.12 (MB)
Total wire length = 382901 um.
Total wire length on LAYER li1 = 0 um.
Total wire length on LAYER met1 = 121494 um.
Total wire length on LAYER met2 = 134106 um.
Total wire length on LAYER met3 = 72995 um.
Total wire length on LAYER met4 = 45586 um.
Total wire length on LAYER met5 = 8718 um.
Total number of vias = 27797.
Up-via summary (total 27797):

------------------------
 FR_MASTERSLICE        0
            li1     8513
           met1    12872
           met2     4022
           met3     2144
           met4      246
------------------------
                   27797


[INFO DRT-0195] Start 1st optimization iteration.
    Completing 10% with 111862 violations.
    elapsed time = 00:02:36, memory = 695.64 (MB).
    Completing 20% with 111862 violations.
    elapsed time = 00:03:56, memory = 695.64 (MB).
    Completing 30% with 119760 violations.
    elapsed time = 00:09:13, memory = 697.64 (MB).
    Completing 40% with 119760 violations.
    elapsed time = 00:10:43, memory = 697.64 (MB).
    Completing 50% with 119760 violations.
    elapsed time = 00:13:11, memory = 697.64 (MB).
    Completing 60% with 119760 violations.
    elapsed time = 00:18:49, memory = 697.80 (MB).
    Completing 70% with 128659 violations.
    elapsed time = 00:25:34, memory = 705.34 (MB).
    Completing 80% with 128659 violations.
    elapsed time = 00:28:16, memory = 705.34 (MB).
    Completing 90% with 136207 violations.
    elapsed time = 00:37:14, memory = 705.62 (MB).
    Completing 100% with 144873 violations.
    elapsed time = 00:37:25, memory = 705.62 (MB).
[INFO DRT-0199]   Number of violations = 144873.
Viol/Layer        mcon   met1    via   met2   via2   met3   via3   met4   via4   met5
Cut Spacing         20      0      4      0     31      0      0      0      1      0
Metal Spacing        0   2870      0   5038      0   2076      0    492      0     90
Short                0  62166    105  52833     25  14650     29   4297      1    145
[INFO DRT-0267] cpu time = 01:08:03, elapsed time = 00:37:25, memory = 733.26 (MB), peak = 733.26 (MB)
Total wire length = 386764 um.
Total wire length on LAYER li1 = 0 um.
Total wire length on LAYER met1 = 122364 um.
Total wire length on LAYER met2 = 134934 um.
Total wire length on LAYER met3 = 73186 um.
Total wire length on LAYER met4 = 47610 um.
Total wire length on LAYER met5 = 8668 um.
Total number of vias = 26757.
Up-via summary (total 26757):

------------------------
 FR_MASTERSLICE        0
            li1     8511
           met1    11758
           met2     3975
           met3     2281
           met4      232
------------------------
                   26757


[INFO DRT-0195] Start 2nd optimization iteration.
    Completing 10% with 144873 violations.
    elapsed time = 00:00:41, memory = 733.26 (MB).
    Completing 20% with 144873 violations.
    elapsed time = 00:08:38, memory = 733.26 (MB).
    Completing 30% with 147292 violations.
    elapsed time = 00:09:26, memory = 733.26 (MB).
    Completing 40% with 147292 violations.
    elapsed time = 00:13:08, memory = 733.26 (MB).
    Completing 50% with 147292 violations.
    elapsed time = 00:19:51, memory = 733.26 (MB).
    Completing 60% with 147578 violations.
    elapsed time = 00:25:09, memory = 733.26 (MB).
    Completing 70% with 147578 violations.
    elapsed time = 00:27:34, memory = 733.26 (MB).
    Completing 80% with 149198 violations.
    elapsed time = 00:31:56, memory = 733.26 (MB).
    Completing 90% with 149198 violations.
    elapsed time = 00:37:48, memory = 733.26 (MB).
    Completing 100% with 148563 violations.
    elapsed time = 00:41:19, memory = 733.26 (MB).
[INFO DRT-0199]   Number of violations = 148566.
Viol/Layer        mcon   met1    via   met2   via2   met3   via3   met4   met5
Cut Spacing         11      0      1      0     29      0      1      0      0
Metal Spacing        0   3030      0   5409      0   2516      0    468    108
Min Hole             0      0      0      2      0      0      0      0      0
Recheck              0      2      0      1      0      0      0      0      0
Short                0  61323    100  54787     14  15619      9   4967    169
[INFO DRT-0267] cpu time = 01:13:29, elapsed time = 00:41:20, memory = 748.46 (MB), peak = 748.46 (MB)
Total wire length = 387271 um.
Total wire length on LAYER li1 = 0 um.
Total wire length on LAYER met1 = 121528 um.
Total wire length on LAYER met2 = 135143 um.
Total wire length on LAYER met3 = 73130 um.
Total wire length on LAYER met4 = 48682 um.
Total wire length on LAYER met5 = 8785 um.
Total number of vias = 26999.
Up-via summary (total 26999):

------------------------
 FR_MASTERSLICE        0
            li1     8511
           met1    11862
           met2     4097
           met3     2305
           met4      224
------------------------
                   26999


[INFO DRT-0195] Start 3rd optimization iteration.
    Completing 10% with 148566 violations.
    elapsed time = 00:13:15, memory = 749.39 (MB).
    Completing 20% with 148566 violations.
    elapsed time = 00:20:04, memory = 749.39 (MB).
    Completing 30% with 148566 violations.
    elapsed time = 00:42:40, memory = 768.00 (MB).
